{"level":"info","url":"/api/admin/multiple/place/order","method":"POST","status":true,"userId":null,"data":{"msg":"Processing user for broker order","userId":4,"brokerName":"angelone"},"message":"API Request Completed","timestamp":"2026-01-06 12:42:45"}
{"level":"info","url":"/api/admin/multiple/place/order","method":"POST","status":true,"userId":null,"data":{"msg":"All broker promises settled","total":1},"message":"API Request Completed","timestamp":"2026-01-06 12:42:45"}
{"level":"info","url":"/api/admin/multiple/place/order","method":"POST","status":true,"userId":null,"data":{"msg":"Emitting order update event"},"message":"API Request Completed","timestamp":"2026-01-06 12:42:45"}
{"level":"info","url":"/api/admin/multiple/place/order","method":"POST","status":true,"userId":null,"data":{"msg":"Processing user for broker order","userId":4,"brokerName":"angelone"},"message":"API Request Completed","timestamp":"2026-01-06 12:43:22"}
{"level":"info","url":"/api/admin/multiple/place/order","method":"POST","status":true,"userId":null,"data":{"msg":"All broker promises settled","total":1},"message":"API Request Completed","timestamp":"2026-01-06 12:43:22"}
{"level":"info","url":"/api/admin/multiple/place/order","method":"POST","status":true,"userId":null,"data":{"msg":"Emitting order update event"},"message":"API Request Completed","timestamp":"2026-01-06 12:43:22"}
{"level":"error","url":"/api/admin/fetchorderdetails","method":"GET","status":false,"userId":null,"data":{},"message":"column Order.isSoftwareOrder does not exist","timestamp":"2026-01-06 15:23:59"}
{"level":"error","url":"/api/admin/fetchorderdetails","method":"GET","status":false,"userId":null,"data":{},"message":"column Order.isSoftwareOrder does not exist","timestamp":"2026-01-06 15:24:40"}
{"level":"error","url":"/api/admin/getall/holdingdata","method":"GET","status":false,"userId":null,"data":{"msg":"kiteHoldingFun failed","userId":11,"broker":"kite","errorStatus":403},"message":"Request failed with status code 403","timestamp":"2026-01-06 15:38:05"}
{"level":"error","url":"/api/admin/getall/holdingdata","method":"GET","status":false,"userId":null,"data":{"msg":"kiteHoldingFun failed","userId":3,"broker":"kite","errorStatus":403},"message":"Request failed with status code 403","timestamp":"2026-01-06 15:38:05"}
{"level":"error","url":"/api/admin/getall/holdingdata","method":"GET","status":false,"userId":null,"data":{"msg":"kiteHoldingFun failed","userId":21,"broker":"kite","errorStatus":403},"message":"Request failed with status code 403","timestamp":"2026-01-06 15:38:05"}
{"level":"error","url":"/api/admin/getall/holdingdata","method":"GET","status":false,"userId":null,"data":{"msg":"finavasiaHoldingFun failed","userId":23,"broker":"finvasia","errorStatus":401},"message":"Request failed with status code 401","timestamp":"2026-01-06 15:38:05"}
{"level":"info","url":"/api/admin/getall/holdingdata","method":"GET","status":true,"userId":null,"data":{"msg":"No holdings to sync (angelone)","userId":30},"message":"API Request Completed","timestamp":"2026-01-06 15:38:05"}
{"level":"info","url":"/api/admin/getall/holdingdata","method":"GET","status":true,"userId":null,"data":{"msg":"No angel positions found","userId":30},"message":"API Request Completed","timestamp":"2026-01-06 15:38:05"}
{"level":"info","url":"/api/admin/getall/holdingdata","method":"GET","status":true,"userId":null,"data":{"msg":"No holdings to sync (angelone)","userId":4},"message":"API Request Completed","timestamp":"2026-01-06 15:38:08"}
{"level":"error","url":"/api/admin/getall/holdingdata","method":"GET","status":false,"userId":null,"data":{"msg":"finavasiaHoldingFun failed","userId":23,"broker":"finvasia","errorStatus":401},"message":"Request failed with status code 401","timestamp":"2026-01-06 15:38:08"}
{"level":"error","url":"/api/admin/getall/holdingdata","method":"GET","status":false,"userId":null,"data":{"msg":"kiteHoldingFun failed","userId":3,"broker":"kite","errorStatus":403},"message":"Request failed with status code 403","timestamp":"2026-01-06 15:38:08"}
{"level":"error","url":"/api/admin/getall/holdingdata","method":"GET","status":false,"userId":null,"data":{"msg":"kiteHoldingFun failed","userId":21,"broker":"kite","errorStatus":403},"message":"Request failed with status code 403","timestamp":"2026-01-06 15:38:09"}
{"level":"error","url":"/api/admin/getall/holdingdata","method":"GET","status":false,"userId":null,"data":{"msg":"kiteHoldingFun failed","userId":11,"broker":"kite","errorStatus":403},"message":"Request failed with status code 403","timestamp":"2026-01-06 15:38:09"}
{"level":"info","url":"/api/admin/getall/holdingdata","method":"GET","status":true,"userId":null,"data":{"msg":"No holdings to sync (angelone)","userId":30},"message":"API Request Completed","timestamp":"2026-01-06 15:38:09"}
{"level":"info","url":"/api/admin/getall/holdingdata","method":"GET","status":true,"userId":null,"data":{"msg":"No holdings to sync (angelone)","userId":4},"message":"API Request Completed","timestamp":"2026-01-06 15:38:09"}
{"level":"info","url":"/api/admin/getall/holdingdata","method":"GET","status":true,"userId":null,"data":{"msg":"No angel positions found","userId":30},"message":"API Request Completed","timestamp":"2026-01-06 15:38:09"}
{"level":"error","url":"/api/admin/getall/holdingdata","method":"GET","status":false,"userId":null,"data":{"msg":"finavasiaHoldingFun failed","userId":23,"broker":"finvasia","errorStatus":401},"message":"Request failed with status code 401","timestamp":"2026-01-06 15:38:10"}
{"level":"error","url":"/api/admin/getall/holdingdata","method":"GET","status":false,"userId":null,"data":{"msg":"kiteHoldingFun failed","userId":3,"broker":"kite","errorStatus":403},"message":"Request failed with status code 403","timestamp":"2026-01-06 15:38:10"}
{"level":"error","url":"/api/admin/getall/holdingdata","method":"GET","status":false,"userId":null,"data":{"msg":"kiteHoldingFun failed","userId":21,"broker":"kite","errorStatus":403},"message":"Request failed with status code 403","timestamp":"2026-01-06 15:38:10"}
{"level":"error","url":"/api/admin/getall/holdingdata","method":"GET","status":false,"userId":null,"data":{"msg":"kiteHoldingFun failed","userId":11,"broker":"kite","errorStatus":403},"message":"Request failed with status code 403","timestamp":"2026-01-06 15:38:10"}
{"level":"info","url":"/api/admin/getall/holdingdata","method":"GET","status":true,"userId":null,"data":{"msg":"No holdings to sync (angelone)","userId":4},"message":"API Request Completed","timestamp":"2026-01-06 15:38:10"}
{"level":"info","url":"/api/admin/getall/holdingdata","method":"GET","status":true,"userId":null,"data":{"msg":"No holdings to sync (angelone)","userId":30},"message":"API Request Completed","timestamp":"2026-01-06 15:38:14"}
{"level":"info","url":"/api/admin/getall/holdingdata","method":"GET","status":true,"userId":null,"data":{"msg":"No angel positions found","userId":30},"message":"API Request Completed","timestamp":"2026-01-06 15:38:14"}
