{"level":"info","url":"","method":"","status":true,"userId":null,"data":"Broker instrument fetching started!","message":"API Request Completed","timestamp":"2026-01-23 07:52:32"}
{"level":"info","url":"","method":"","status":true,"userId":null,"data":"All broker instruments fetched successfully","message":"API Request Completed","timestamp":"2026-01-23 07:52:56"}
{"level":"info","url":"","method":"","status":true,"userId":null,"data":"Groww instrument map done!","message":"API Request Completed","timestamp":"2026-01-23 07:52:57"}
{"level":"info","url":"","method":"","status":true,"userId":null,"data":"Kite instrument map done!","message":"API Request Completed","timestamp":"2026-01-23 07:52:57"}
{"level":"info","url":"","method":"","status":true,"userId":null,"data":"Finvasia instrument map done!","message":"API Request Completed","timestamp":"2026-01-23 07:52:57"}
{"level":"info","url":"","method":"","status":true,"userId":null,"data":"Upstox instrument map done!","message":"API Request Completed","timestamp":"2026-01-23 07:52:57"}
{"level":"info","url":"","method":"","status":true,"userId":null,"data":"Fyers instrument map done!","message":"API Request Completed","timestamp":"2026-01-23 07:52:57"}
{"level":"info","url":"","method":"","status":true,"userId":null,"data":"163666 Fyers matches found","message":"API Request Completed","timestamp":"2026-01-23 07:53:00"}
{"level":"info","url":"","method":"","status":true,"userId":null,"data":"Match instrument done!","message":"API Request Completed","timestamp":"2026-01-23 07:53:00"}
{"level":"info","url":"","method":"","status":true,"userId":null,"data":"Merge instrument done!","message":"API Request Completed","timestamp":"2026-01-23 07:53:00"}
{"level":"info","url":"","method":"","status":true,"userId":null,"data":"Final merged instruments: 269087 records","message":"API Request Completed","timestamp":"2026-01-23 07:53:00"}
{"level":"info","url":"","method":"","status":true,"userId":null,"data":"Payload stringify instrument running...","message":"API Request Completed","timestamp":"2026-01-23 07:53:00"}
{"level":"info","url":"","method":"","status":true,"userId":null,"data":"Payload stringify instrument done !","message":"API Request Completed","timestamp":"2026-01-23 07:53:01"}
{"level":"info","url":"","method":"","status":true,"userId":null,"data":"============== Duration: 30717ms ==============","message":"API Request Completed","timestamp":"2026-01-23 07:53:03"}
{"level":"info","url":"","method":"","status":true,"userId":null,"data":"✔️ Worker completed successfully!","message":"API Request Completed","timestamp":"2026-01-23 07:53:03"}
{"level":"info","url":"/api/admin/cache/merged/clear","method":"GET","status":true,"userId":null,"data":{"msg":"Merged instruments Redis cache deleted","redisKey":"merged_instruments_new","cacheType":"new","deletedAtIST":"23/1/2026, 8:05:45 am","existedBefore":true,"ttlBefore":53238,"deleted":true},"message":"API Request Completed","timestamp":"2026-01-23 08:05:45"}
{"level":"info","url":"","method":"","status":true,"userId":null,"data":"Broker instrument fetching started!","message":"API Request Completed","timestamp":"2026-01-23 08:05:52"}
{"level":"info","url":"","method":"","status":true,"userId":null,"data":"All broker instruments fetched successfully","message":"API Request Completed","timestamp":"2026-01-23 08:06:28"}
{"level":"info","url":"","method":"","status":true,"userId":null,"data":"✔️ Worker completed successfully!","message":"API Request Completed","timestamp":"2026-01-23 08:06:28"}
{"level":"info","url":"/api/admin/cache/merged/clear","method":"GET","status":true,"userId":null,"data":{"msg":"Merged instruments Redis cache deleted","redisKey":"merged_instruments_new","cacheType":"new","deletedAtIST":"23/1/2026, 8:43:55 am","existedBefore":true,"ttlBefore":51753,"deleted":true},"message":"API Request Completed","timestamp":"2026-01-23 08:43:55"}
{"level":"info","url":"","method":"","status":true,"userId":null,"data":"Broker instrument fetching started!","message":"API Request Completed","timestamp":"2026-01-23 08:44:43"}
{"level":"info","url":"","method":"","status":true,"userId":null,"data":"All broker instruments fetched successfully","message":"API Request Completed","timestamp":"2026-01-23 08:45:11"}
{"level":"info","url":"","method":"","status":true,"userId":null,"data":"Groww instrument map done!","message":"API Request Completed","timestamp":"2026-01-23 08:45:11"}
{"level":"info","url":"","method":"","status":true,"userId":null,"data":"Kite instrument map done!","message":"API Request Completed","timestamp":"2026-01-23 08:45:11"}
{"level":"info","url":"","method":"","status":true,"userId":null,"data":"Finvasia instrument map done!","message":"API Request Completed","timestamp":"2026-01-23 08:45:11"}
{"level":"info","url":"","method":"","status":true,"userId":null,"data":"Upstox instrument map done!","message":"API Request Completed","timestamp":"2026-01-23 08:45:12"}
{"level":"info","url":"","method":"","status":true,"userId":null,"data":"Fyers instrument map done!","message":"API Request Completed","timestamp":"2026-01-23 08:45:12"}
{"level":"info","url":"","method":"","status":true,"userId":null,"data":"166945 Fyers matches found","message":"API Request Completed","timestamp":"2026-01-23 08:45:15"}
{"level":"info","url":"","method":"","status":true,"userId":null,"data":"Match instrument done!","message":"API Request Completed","timestamp":"2026-01-23 08:45:15"}
{"level":"info","url":"","method":"","status":true,"userId":null,"data":"Merge instrument done!","message":"API Request Completed","timestamp":"2026-01-23 08:45:15"}
{"level":"info","url":"","method":"","status":true,"userId":null,"data":"Final merged instruments: 267983 records","message":"API Request Completed","timestamp":"2026-01-23 08:45:15"}
{"level":"info","url":"","method":"","status":true,"userId":null,"data":"Payload stringify instrument running...","message":"API Request Completed","timestamp":"2026-01-23 08:45:15"}
{"level":"info","url":"","method":"","status":true,"userId":null,"data":"Payload stringify instrument done !","message":"API Request Completed","timestamp":"2026-01-23 08:45:17"}
{"level":"info","url":"","method":"","status":true,"userId":null,"data":"============== Duration: 36722ms ==============","message":"API Request Completed","timestamp":"2026-01-23 08:45:19"}
{"level":"info","url":"","method":"","status":true,"userId":null,"data":"✔️ Worker completed successfully!","message":"API Request Completed","timestamp":"2026-01-23 08:45:19"}
{"level":"info","url":"/api/admin/cache/merged/clear","method":"GET","status":true,"userId":null,"data":{"msg":"Merged instruments Redis cache deleted","redisKey":"merged_instruments_new","cacheType":"new","deletedAtIST":"23/1/2026, 8:55:12 am","existedBefore":true,"ttlBefore":53407,"deleted":true},"message":"API Request Completed","timestamp":"2026-01-23 08:55:12"}
{"level":"info","url":"","method":"","status":true,"userId":null,"data":"Broker instrument fetching started!","message":"API Request Completed","timestamp":"2026-01-23 08:55:27"}
{"level":"info","url":"","method":"","status":true,"userId":null,"data":"All broker instruments fetched successfully","message":"API Request Completed","timestamp":"2026-01-23 08:55:58"}
{"level":"info","url":"","method":"","status":true,"userId":null,"data":"Groww instrument map done!","message":"API Request Completed","timestamp":"2026-01-23 08:55:59"}
{"level":"info","url":"","method":"","status":true,"userId":null,"data":"Kite instrument map done!","message":"API Request Completed","timestamp":"2026-01-23 08:55:59"}
{"level":"info","url":"","method":"","status":true,"userId":null,"data":"Finvasia instrument map done!","message":"API Request Completed","timestamp":"2026-01-23 08:55:59"}
{"level":"info","url":"","method":"","status":true,"userId":null,"data":"Upstox instrument map done!","message":"API Request Completed","timestamp":"2026-01-23 08:55:59"}
{"level":"info","url":"","method":"","status":true,"userId":null,"data":"Fyers instrument map done!","message":"API Request Completed","timestamp":"2026-01-23 08:55:59"}
{"level":"info","url":"","method":"","status":true,"userId":null,"data":"166945 Fyers matches found","message":"API Request Completed","timestamp":"2026-01-23 08:56:02"}
{"level":"info","url":"","method":"","status":true,"userId":null,"data":"Match instrument done!","message":"API Request Completed","timestamp":"2026-01-23 08:56:02"}
{"level":"info","url":"","method":"","status":true,"userId":null,"data":"Merge instrument done!","message":"API Request Completed","timestamp":"2026-01-23 08:56:02"}
{"level":"info","url":"","method":"","status":true,"userId":null,"data":"Final merged instruments: 267983 records","message":"API Request Completed","timestamp":"2026-01-23 08:56:02"}
{"level":"info","url":"","method":"","status":true,"userId":null,"data":"Payload stringify instrument running...","message":"API Request Completed","timestamp":"2026-01-23 08:56:02"}
{"level":"info","url":"","method":"","status":true,"userId":null,"data":"Payload stringify instrument done !","message":"API Request Completed","timestamp":"2026-01-23 08:56:03"}
{"level":"info","url":"","method":"","status":true,"userId":null,"data":"============== Duration: 38148ms ==============","message":"API Request Completed","timestamp":"2026-01-23 08:56:06"}
{"level":"info","url":"","method":"","status":true,"userId":null,"data":"✔️ Worker completed successfully!","message":"API Request Completed","timestamp":"2026-01-23 08:56:06"}
{"level":"info","url":"/api/admin/multiple/place/order","method":"POST","status":true,"userId":null,"data":{"msg":"Processing user for broker order","userId":43,"brokerName":"kite"},"message":"API Request Completed","timestamp":"2026-01-23 09:22:50"}
{"level":"info","url":"/api/admin/multiple/place/order","method":"POST","status":true,"userId":null,"data":{"msg":"Temp BUY created","tempOrderId":1195,"qty":"65"},"message":"API Request Completed","timestamp":"2026-01-23 09:22:50"}
{"level":"info","url":"/api/admin/multiple/place/order","method":"POST","status":true,"userId":null,"data":{"msg":"Kite API responded success for placement","tempOrderId":1195,"brokerStatus":"PLACED"},"message":"API Request Completed","timestamp":"2026-01-23 09:22:50"}
{"level":"info","url":"/api/admin/multiple/place/order","method":"POST","status":true,"userId":null,"data":{"msg":"Kite getOrderTrades retry","attempt":1,"orderid":"260123150148235","tradesCount":1,"totalQty":65,"expectedQty":65},"message":"API Request Completed","timestamp":"2026-01-23 09:22:50"}
{"level":"info","url":"/api/admin/multiple/place/order","method":"POST","status":true,"userId":null,"data":{"msg":"BUY completed","tempOrderId":1195,"pnl":0},"message":"API Request Completed","timestamp":"2026-01-23 09:22:50"}
{"level":"info","url":"/api/admin/multiple/place/order","method":"POST","status":true,"userId":null,"data":{"msg":"All broker promises settled","total":1},"message":"API Request Completed","timestamp":"2026-01-23 09:22:50"}
{"level":"info","url":"/api/admin/multiple/place/order","method":"POST","status":true,"userId":null,"data":{"msg":"Emitting order update event"},"message":"API Request Completed","timestamp":"2026-01-23 09:22:50"}
{"level":"info","url":"/api/admin/multiple/place/order","method":"POST","status":true,"userId":null,"data":{"msg":"Processing user for broker order","userId":56,"brokerName":"angelone"},"message":"API Request Completed","timestamp":"2026-01-23 09:59:28"}
{"level":"info","url":"/api/admin/multiple/place/order","method":"POST","status":true,"userId":null,"data":{"msg":"incoming data","body":{"token":"58695","symbol":"NIFTY27JAN2625300CE","name":"NIFTY","instrumenttype":"OPTIDX","exch_seg":"NFO","lotsize":1300,"quantity":1300,"transactiontype":"BUY","duration":"DAY","orderType":"MARKET","variety":"NORMAL","price":127.55,"stoploss":0,"squareoff":0,"productType":"CARRYFORWARD","strategyId":"33","groupName":"cvs","angelOneToken":"58695","angelOneSymbol":"NIFTY27JAN2625300CE","kiteToken":"58695","kiteSymbol":"NIFTY26JAN25300CE","finavasiaToken":58695,"finavasiaSymbol":"NIFTY27JAN26C25300","fyersToken":"101126012758695","fyersSymbol":"NSE:NIFTY26JAN25300CE","upstoxToken":"58695","upstoxSymbol":"NIFTY 25300 CE 27 JAN 26","growToken":"","growSymbol":"","strategyUniqueId":"55d8c7af_cvs"}},"message":"API Request Completed","timestamp":"2026-01-23 09:59:29"}
{"level":"info","url":"/api/admin/multiple/place/order","method":"POST","status":true,"userId":null,"data":{"msg":"Temp BUY order created in DB","tempOrderId":1196,"quantity":"1300"},"message":"API Request Completed","timestamp":"2026-01-23 09:59:29"}
{"level":"info","url":"/api/admin/multiple/place/order","method":"POST","status":true,"userId":null,"data":{"msg":"AngelOne API call success: order placed","orderType":"BUY","tempOrderId":1196},"message":"API Request Completed","timestamp":"2026-01-23 09:59:29"}
{"level":"info","url":"/api/admin/multiple/place/order","method":"POST","status":true,"userId":null,"data":{"msg":"AngelOne order successfully registered in DB","orderid":"260123000275399","uniqueOrderId":"21bb9952-2aae-478f-82e6-f9294d0864a4"},"message":"API Request Completed","timestamp":"2026-01-23 09:59:29"}
{"level":"info","url":"/api/admin/multiple/place/order","method":"POST","status":true,"userId":null,"data":{"msg":"AngelOne details poll","uniqueOrderId":"21bb9952-2aae-478f-82e6-f9294d0864a4","poll":1,"status":"complete"},"message":"API Request Completed","timestamp":"2026-01-23 09:59:29"}
{"level":"info","url":"/api/admin/multiple/place/order","method":"POST","status":true,"userId":null,"data":{"msg":"AngelOne tradebook retry","attempt":1,"tradesCount":11,"totalQty":1300,"expectedQty":1300},"message":"API Request Completed","timestamp":"2026-01-23 09:59:29"}
{"level":"info","url":"/api/admin/multiple/place/order","method":"POST","status":true,"userId":null,"data":{"msg":"All broker promises settled","total":1},"message":"API Request Completed","timestamp":"2026-01-23 09:59:29"}
{"level":"info","url":"/api/admin/multiple/place/order","method":"POST","status":true,"userId":null,"data":{"msg":"Emitting order update event"},"message":"API Request Completed","timestamp":"2026-01-23 09:59:29"}
{"level":"info","url":"/api/admin/multiple/place/order","method":"POST","status":true,"userId":null,"data":{"msg":"Processing user for broker order","userId":56,"brokerName":"angelone"},"message":"API Request Completed","timestamp":"2026-01-23 10:14:08"}
{"level":"info","url":"/api/admin/multiple/place/order","method":"POST","status":true,"userId":null,"data":{"msg":"incoming data","body":{"token":"58689","symbol":"NIFTY27JAN2625200CE","name":"NIFTY","instrumenttype":"OPTIDX","exch_seg":"NFO","lotsize":325,"quantity":325,"transactiontype":"BUY","duration":"DAY","orderType":"MARKET","variety":"NORMAL","price":182,"stoploss":0,"squareoff":0,"productType":"CARRYFORWARD","strategyId":"33","groupName":"cvs","angelOneToken":"58689","angelOneSymbol":"NIFTY27JAN2625200CE","kiteToken":"58689","kiteSymbol":"NIFTY26JAN25200CE","finavasiaToken":58689,"finavasiaSymbol":"NIFTY27JAN26C25200","fyersToken":"101126012758689","fyersSymbol":"NSE:NIFTY26JAN25200CE","upstoxToken":"58689","upstoxSymbol":"NIFTY 25200 CE 27 JAN 26","growToken":"","growSymbol":"","strategyUniqueId":"bb7fe40f_cvs"}},"message":"API Request Completed","timestamp":"2026-01-23 10:14:08"}
{"level":"info","url":"/api/admin/multiple/place/order","method":"POST","status":true,"userId":null,"data":{"msg":"Temp BUY order created in DB","tempOrderId":1197,"quantity":"325"},"message":"API Request Completed","timestamp":"2026-01-23 10:14:08"}
{"level":"info","url":"/api/admin/multiple/place/order","method":"POST","status":true,"userId":null,"data":{"msg":"AngelOne API call success: order placed","orderType":"BUY","tempOrderId":1197},"message":"API Request Completed","timestamp":"2026-01-23 10:14:08"}
{"level":"info","url":"/api/admin/multiple/place/order","method":"POST","status":true,"userId":null,"data":{"msg":"AngelOne order successfully registered in DB","orderid":"260123000326581","uniqueOrderId":"514c7f01-3171-4be7-bb70-f04046ced1a6"},"message":"API Request Completed","timestamp":"2026-01-23 10:14:08"}
{"level":"info","url":"/api/admin/multiple/place/order","method":"POST","status":true,"userId":null,"data":{"msg":"AngelOne details poll","uniqueOrderId":"514c7f01-3171-4be7-bb70-f04046ced1a6","poll":1,"status":"complete"},"message":"API Request Completed","timestamp":"2026-01-23 10:14:08"}
{"level":"info","url":"/api/admin/multiple/place/order","method":"POST","status":true,"userId":null,"data":{"msg":"AngelOne tradebook retry","attempt":1,"tradesCount":16,"totalQty":325,"expectedQty":325},"message":"API Request Completed","timestamp":"2026-01-23 10:14:08"}
{"level":"info","url":"/api/admin/multiple/place/order","method":"POST","status":true,"userId":null,"data":{"msg":"All broker promises settled","total":1},"message":"API Request Completed","timestamp":"2026-01-23 10:14:08"}
{"level":"info","url":"/api/admin/multiple/place/order","method":"POST","status":true,"userId":null,"data":{"msg":"Emitting order update event"},"message":"API Request Completed","timestamp":"2026-01-23 10:14:08"}
{"level":"info","url":"/api/admin/multiple/place/order","method":"POST","status":true,"userId":null,"data":{"msg":"Processing user for broker order","userId":41,"brokerName":"angelone"},"message":"API Request Completed","timestamp":"2026-01-23 10:22:13"}
{"level":"info","url":"/api/admin/multiple/place/order","method":"POST","status":true,"userId":null,"data":{"msg":"incoming data","body":{"token":"58689","symbol":"NIFTY27JAN2625200CE","name":"NIFTY","instrumenttype":"OPTIDX","exch_seg":"NFO","lotsize":65,"quantity":65,"transactiontype":"BUY","duration":"DAY","orderType":"MARKET","variety":"NORMAL","price":163.9,"stoploss":0,"squareoff":0,"productType":"CARRYFORWARD","strategyId":"28","groupName":"str_gopal_kulwant","angelOneToken":"58689","angelOneSymbol":"NIFTY27JAN2625200CE","kiteToken":"58689","kiteSymbol":"NIFTY26JAN25200CE","finavasiaToken":58689,"finavasiaSymbol":"NIFTY27JAN26C25200","fyersToken":"101126012758689","fyersSymbol":"NSE:NIFTY26JAN25200CE","upstoxToken":"58689","upstoxSymbol":"NIFTY 25200 CE 27 JAN 26","growToken":"","growSymbol":"","strategyUniqueId":"18378777_str_gopal_kulwant"}},"message":"API Request Completed","timestamp":"2026-01-23 10:22:13"}
{"level":"info","url":"/api/admin/multiple/place/order","method":"POST","status":true,"userId":null,"data":{"msg":"Temp BUY order created in DB","tempOrderId":1198,"quantity":"65"},"message":"API Request Completed","timestamp":"2026-01-23 10:22:13"}
{"level":"info","url":"/api/admin/multiple/place/order","method":"POST","status":true,"userId":null,"data":{"msg":"AngelOne API call success: order placed","orderType":"BUY","tempOrderId":1198},"message":"API Request Completed","timestamp":"2026-01-23 10:22:13"}
{"level":"info","url":"/api/admin/multiple/place/order","method":"POST","status":true,"userId":null,"data":{"msg":"AngelOne order successfully registered in DB","orderid":"260123000350734","uniqueOrderId":"c7c86ee4-698c-4af5-b236-f8d192c02bf2"},"message":"API Request Completed","timestamp":"2026-01-23 10:22:13"}
{"level":"info","url":"/api/admin/multiple/place/order","method":"POST","status":true,"userId":null,"data":{"msg":"AngelOne details poll","uniqueOrderId":"c7c86ee4-698c-4af5-b236-f8d192c02bf2","poll":1,"status":"complete"},"message":"API Request Completed","timestamp":"2026-01-23 10:22:13"}
{"level":"info","url":"/api/admin/multiple/place/order","method":"POST","status":true,"userId":null,"data":{"msg":"AngelOne tradebook retry","attempt":1,"tradesCount":1,"totalQty":65,"expectedQty":65},"message":"API Request Completed","timestamp":"2026-01-23 10:22:14"}
{"level":"info","url":"/api/admin/multiple/place/order","method":"POST","status":true,"userId":null,"data":{"msg":"All broker promises settled","total":1},"message":"API Request Completed","timestamp":"2026-01-23 10:22:14"}
{"level":"info","url":"/api/admin/multiple/place/order","method":"POST","status":true,"userId":null,"data":{"msg":"Emitting order update event"},"message":"API Request Completed","timestamp":"2026-01-23 10:22:14"}
{"level":"info","url":"/api/admin/cache/merged/clear","method":"GET","status":true,"userId":null,"data":{"msg":"Merged instruments Redis cache deleted","redisKey":"merged_instruments_new","cacheType":"new","deletedAtIST":"23/1/2026, 11:57:43 am","existedBefore":true,"ttlBefore":43103,"deleted":true},"message":"API Request Completed","timestamp":"2026-01-23 11:57:43"}
{"level":"info","url":"","method":"","status":true,"userId":null,"data":"Broker instrument fetching started!","message":"API Request Completed","timestamp":"2026-01-23 11:57:55"}
{"level":"info","url":"","method":"","status":true,"userId":null,"data":"All broker instruments fetched successfully","message":"API Request Completed","timestamp":"2026-01-23 11:58:01"}
{"level":"info","url":"","method":"","status":true,"userId":null,"data":"Groww instrument map done!","message":"API Request Completed","timestamp":"2026-01-23 11:58:01"}
{"level":"info","url":"","method":"","status":true,"userId":null,"data":"Kite instrument map done!","message":"API Request Completed","timestamp":"2026-01-23 11:58:01"}
{"level":"info","url":"","method":"","status":true,"userId":null,"data":"Finvasia instrument map done!","message":"API Request Completed","timestamp":"2026-01-23 11:58:01"}
{"level":"info","url":"","method":"","status":true,"userId":null,"data":"Upstox instrument map done!","message":"API Request Completed","timestamp":"2026-01-23 11:58:01"}
{"level":"info","url":"","method":"","status":true,"userId":null,"data":"Fyers instrument map done!","message":"API Request Completed","timestamp":"2026-01-23 11:58:01"}
{"level":"info","url":"","method":"","status":true,"userId":null,"data":"0 Fyers matches found","message":"API Request Completed","timestamp":"2026-01-23 11:58:03"}
{"level":"info","url":"","method":"","status":true,"userId":null,"data":"Match instrument done!","message":"API Request Completed","timestamp":"2026-01-23 11:58:03"}
{"level":"info","url":"","method":"","status":true,"userId":null,"data":"Merge instrument done!","message":"API Request Completed","timestamp":"2026-01-23 11:58:03"}
{"level":"info","url":"","method":"","status":true,"userId":null,"data":"Final merged instruments: 222536 records","message":"API Request Completed","timestamp":"2026-01-23 11:58:03"}
{"level":"info","url":"","method":"","status":true,"userId":null,"data":"Payload stringify instrument running...","message":"API Request Completed","timestamp":"2026-01-23 11:58:03"}
{"level":"info","url":"","method":"","status":true,"userId":null,"data":"Payload stringify instrument done !","message":"API Request Completed","timestamp":"2026-01-23 11:58:03"}
{"level":"info","url":"","method":"","status":true,"userId":null,"data":"============== Duration: 9245ms ==============","message":"API Request Completed","timestamp":"2026-01-23 11:58:04"}
{"level":"info","url":"","method":"","status":true,"userId":null,"data":"✔️ Worker completed successfully!","message":"API Request Completed","timestamp":"2026-01-23 11:58:04"}
{"level":"info","url":"/api/admin/cache/merged/clear","method":"GET","status":true,"userId":null,"data":{"msg":"Merged instruments Redis cache deleted","redisKey":"merged_instruments_new","cacheType":"new","deletedAtIST":"23/1/2026, 12:15:16 pm","existedBefore":true,"ttlBefore":52968,"deleted":true},"message":"API Request Completed","timestamp":"2026-01-23 12:15:16"}
{"level":"info","url":"","method":"","status":true,"userId":null,"data":"Broker instrument fetching started!","message":"API Request Completed","timestamp":"2026-01-23 12:15:27"}
{"level":"info","url":"","method":"","status":true,"userId":null,"data":"All broker instruments fetched successfully","message":"API Request Completed","timestamp":"2026-01-23 12:15:34"}
{"level":"info","url":"","method":"","status":true,"userId":null,"data":"Groww instrument map done!","message":"API Request Completed","timestamp":"2026-01-23 12:15:35"}
{"level":"info","url":"","method":"","status":true,"userId":null,"data":"Kite instrument map done!","message":"API Request Completed","timestamp":"2026-01-23 12:15:35"}
{"level":"info","url":"","method":"","status":true,"userId":null,"data":"Finvasia instrument map done!","message":"API Request Completed","timestamp":"2026-01-23 12:15:35"}
{"level":"info","url":"","method":"","status":true,"userId":null,"data":"Upstox instrument map done!","message":"API Request Completed","timestamp":"2026-01-23 12:15:35"}
{"level":"info","url":"","method":"","status":true,"userId":null,"data":"Fyers instrument map done!","message":"API Request Completed","timestamp":"2026-01-23 12:15:35"}
{"level":"info","url":"","method":"","status":true,"userId":null,"data":"166949 Fyers matches found","message":"API Request Completed","timestamp":"2026-01-23 12:15:38"}
{"level":"info","url":"","method":"","status":true,"userId":null,"data":"Match instrument done!","message":"API Request Completed","timestamp":"2026-01-23 12:15:38"}
{"level":"info","url":"","method":"","status":true,"userId":null,"data":"Merge instrument done!","message":"API Request Completed","timestamp":"2026-01-23 12:15:39"}
{"level":"info","url":"","method":"","status":true,"userId":null,"data":"Final merged instruments: 267983 records","message":"API Request Completed","timestamp":"2026-01-23 12:15:39"}
{"level":"info","url":"","method":"","status":true,"userId":null,"data":"Payload stringify instrument running...","message":"API Request Completed","timestamp":"2026-01-23 12:15:39"}
{"level":"info","url":"","method":"","status":true,"userId":null,"data":"Payload stringify instrument done !","message":"API Request Completed","timestamp":"2026-01-23 12:15:39"}
{"level":"info","url":"","method":"","status":true,"userId":null,"data":"============== Duration: 14956ms ==============","message":"API Request Completed","timestamp":"2026-01-23 12:15:42"}
{"level":"info","url":"","method":"","status":true,"userId":null,"data":"✔️ Worker completed successfully!","message":"API Request Completed","timestamp":"2026-01-23 12:15:42"}
{"level":"info","url":"/api/admin/getall/holdingdata","method":"GET","status":true,"userId":null,"data":{"msg":"No holdings to sync (angelone)","userId":4},"message":"API Request Completed","timestamp":"2026-01-23 17:31:29"}
{"level":"error","url":"/api/admin/getall/holdingdata","method":"GET","status":false,"userId":null,"data":{"msg":"kiteHoldingFun failed","userId":11,"broker":"kite","errorStatus":403},"message":"Request failed with status code 403","timestamp":"2026-01-23 17:31:29"}
{"level":"error","url":"/api/admin/getall/holdingdata","method":"GET","status":false,"userId":null,"data":{"msg":"kiteHoldingFun failed","userId":3,"broker":"kite","errorStatus":403},"message":"Request failed with status code 403","timestamp":"2026-01-23 17:31:29"}
{"level":"error","url":"/api/admin/getall/holdingdata","method":"GET","status":false,"userId":null,"data":{"msg":"kiteHoldingFun failed","userId":21,"broker":"kite","errorStatus":403},"message":"Request failed with status code 403","timestamp":"2026-01-23 17:31:29"}
{"level":"error","url":"/api/admin/getall/holdingdata","method":"GET","status":false,"userId":null,"data":{"msg":"finavasiaHoldingFun failed","userId":23,"broker":"finvasia","errorStatus":401},"message":"Request failed with status code 401","timestamp":"2026-01-23 17:31:29"}
{"level":"info","url":"/api/admin/getall/holdingdata","method":"GET","status":true,"userId":null,"data":{"msg":"No angel positions found","userId":4},"message":"API Request Completed","timestamp":"2026-01-23 17:31:30"}
{"level":"error","url":"/api/admin/getall/holdingdata","method":"GET","status":false,"userId":null,"data":{"msg":"kiteHoldingFun failed","userId":21,"broker":"kite","errorStatus":403},"message":"Request failed with status code 403","timestamp":"2026-01-23 17:55:15"}
{"level":"error","url":"/api/admin/getall/holdingdata","method":"GET","status":false,"userId":null,"data":{"msg":"kiteHoldingFun failed","userId":3,"broker":"kite","errorStatus":403},"message":"Request failed with status code 403","timestamp":"2026-01-23 17:55:15"}
{"level":"info","url":"/api/admin/getall/holdingdata","method":"GET","status":true,"userId":null,"data":{"msg":"No holdings to sync (angelone)","userId":4},"message":"API Request Completed","timestamp":"2026-01-23 17:55:15"}
{"level":"error","url":"/api/admin/getall/holdingdata","method":"GET","status":false,"userId":null,"data":{"msg":"finavasiaHoldingFun failed","userId":23,"broker":"finvasia","errorStatus":401},"message":"Request failed with status code 401","timestamp":"2026-01-23 17:55:15"}
{"level":"error","url":"/api/admin/getall/holdingdata","method":"GET","status":false,"userId":null,"data":{"msg":"kiteHoldingFun failed","userId":11,"broker":"kite","errorStatus":403},"message":"Request failed with status code 403","timestamp":"2026-01-23 17:55:15"}
{"level":"info","url":"/api/admin/getall/holdingdata","method":"GET","status":true,"userId":null,"data":{"msg":"No angel positions found","userId":4},"message":"API Request Completed","timestamp":"2026-01-23 17:55:15"}
{"level":"error","url":"/api/admin/getall/holdingdata","method":"GET","status":false,"userId":null,"data":{"msg":"finavasiaHoldingFun failed","userId":23,"broker":"finvasia","errorStatus":401},"message":"Request failed with status code 401","timestamp":"2026-01-23 19:16:36"}
{"level":"error","url":"/api/admin/getall/holdingdata","method":"GET","status":false,"userId":null,"data":{"msg":"kiteHoldingFun failed","userId":3,"broker":"kite","errorStatus":403},"message":"Request failed with status code 403","timestamp":"2026-01-23 19:16:36"}
{"level":"error","url":"/api/admin/getall/holdingdata","method":"GET","status":false,"userId":null,"data":{"msg":"kiteHoldingFun failed","userId":11,"broker":"kite","errorStatus":403},"message":"Request failed with status code 403","timestamp":"2026-01-23 19:16:36"}
{"level":"error","url":"/api/admin/getall/holdingdata","method":"GET","status":false,"userId":null,"data":{"msg":"kiteHoldingFun failed","userId":21,"broker":"kite","errorStatus":403},"message":"Request failed with status code 403","timestamp":"2026-01-23 19:16:36"}
{"level":"error","url":"/api/admin/getall/holdingdata","method":"GET","status":false,"userId":null,"data":{"msg":"kiteHoldingFun failed","userId":43,"broker":"kite","errorStatus":403},"message":"Request failed with status code 403","timestamp":"2026-01-23 19:16:36"}
{"level":"error","url":"/api/admin/getall/holdingdata","method":"GET","status":false,"userId":null,"data":{"msg":"finavasiaHoldingFun failed","userId":23,"broker":"finvasia","errorStatus":401},"message":"Request failed with status code 401","timestamp":"2026-01-23 19:16:52"}
{"level":"error","url":"/api/admin/getall/holdingdata","method":"GET","status":false,"userId":null,"data":{"msg":"kiteHoldingFun failed","userId":3,"broker":"kite","errorStatus":403},"message":"Request failed with status code 403","timestamp":"2026-01-23 19:16:52"}
{"level":"error","url":"/api/admin/getall/holdingdata","method":"GET","status":false,"userId":null,"data":{"msg":"kiteHoldingFun failed","userId":43,"broker":"kite","errorStatus":403},"message":"Request failed with status code 403","timestamp":"2026-01-23 19:16:52"}
{"level":"error","url":"/api/admin/getall/holdingdata","method":"GET","status":false,"userId":null,"data":{"msg":"kiteHoldingFun failed","userId":21,"broker":"kite","errorStatus":403},"message":"Request failed with status code 403","timestamp":"2026-01-23 19:16:52"}
{"level":"error","url":"/api/admin/getall/holdingdata","method":"GET","status":false,"userId":null,"data":{"msg":"kiteHoldingFun failed","userId":11,"broker":"kite","errorStatus":403},"message":"Request failed with status code 403","timestamp":"2026-01-23 19:16:52"}
