{"level":"info","url":"","method":"","status":true,"userId":null,"data":"Broker instrument fetching started!","message":"API Request Completed","timestamp":"2026-01-24 10:12:32"}
{"level":"info","url":"","method":"","status":true,"userId":null,"data":"All broker instruments fetched successfully","message":"API Request Completed","timestamp":"2026-01-24 10:12:41"}
{"level":"info","url":"","method":"","status":true,"userId":null,"data":"Groww instrument map done!","message":"API Request Completed","timestamp":"2026-01-24 10:12:41"}
{"level":"info","url":"","method":"","status":true,"userId":null,"data":"Kite instrument map done!","message":"API Request Completed","timestamp":"2026-01-24 10:12:41"}
{"level":"info","url":"","method":"","status":true,"userId":null,"data":"Finvasia instrument map done!","message":"API Request Completed","timestamp":"2026-01-24 10:12:41"}
{"level":"info","url":"","method":"","status":true,"userId":null,"data":"Upstox instrument map done!","message":"API Request Completed","timestamp":"2026-01-24 10:12:41"}
{"level":"info","url":"","method":"","status":true,"userId":null,"data":"Fyers instrument map done!","message":"API Request Completed","timestamp":"2026-01-24 10:12:41"}
{"level":"info","url":"","method":"","status":true,"userId":null,"data":"168411 Fyers matches found","message":"API Request Completed","timestamp":"2026-01-24 10:12:45"}
{"level":"info","url":"","method":"","status":true,"userId":null,"data":"Match instrument done!","message":"API Request Completed","timestamp":"2026-01-24 10:12:45"}
{"level":"info","url":"","method":"","status":true,"userId":null,"data":"Merge instrument done!","message":"API Request Completed","timestamp":"2026-01-24 10:12:45"}
{"level":"info","url":"","method":"","status":true,"userId":null,"data":"Final merged instruments: 270493 records","message":"API Request Completed","timestamp":"2026-01-24 10:12:45"}
{"level":"info","url":"","method":"","status":true,"userId":null,"data":"Payload stringify instrument running...","message":"API Request Completed","timestamp":"2026-01-24 10:12:45"}
{"level":"info","url":"","method":"","status":true,"userId":null,"data":"Payload stringify instrument done !","message":"API Request Completed","timestamp":"2026-01-24 10:12:46"}
{"level":"info","url":"","method":"","status":true,"userId":null,"data":"============== Duration: 16589ms ==============","message":"API Request Completed","timestamp":"2026-01-24 10:12:49"}
{"level":"info","url":"","method":"","status":true,"userId":null,"data":"✔️ Worker completed successfully!","message":"API Request Completed","timestamp":"2026-01-24 10:12:49"}
{"level":"error","url":"/api/order/user/common/holding","method":"GET","status":false,"userId":43,"data":{"msg":"kiteHoldingFun failed","userId":43,"broker":"kite","errorStatus":403},"message":"Request failed with status code 403","timestamp":"2026-01-24 10:15:46"}
{"level":"error","url":"/api/admin/getall/holdingdata","method":"GET","status":false,"userId":null,"data":{"msg":"kiteHoldingFun failed","userId":3,"broker":"kite","errorStatus":403},"message":"Request failed with status code 403","timestamp":"2026-01-24 11:43:40"}
{"level":"error","url":"/api/admin/getall/holdingdata","method":"GET","status":false,"userId":null,"data":{"msg":"kiteHoldingFun failed","userId":43,"broker":"kite","errorStatus":403},"message":"Request failed with status code 403","timestamp":"2026-01-24 11:43:40"}
{"level":"error","url":"/api/admin/getall/holdingdata","method":"GET","status":false,"userId":null,"data":{"msg":"kiteHoldingFun failed","userId":11,"broker":"kite","errorStatus":403},"message":"Request failed with status code 403","timestamp":"2026-01-24 11:43:40"}
{"level":"error","url":"/api/admin/getall/holdingdata","method":"GET","status":false,"userId":null,"data":{"msg":"kiteHoldingFun failed","userId":21,"broker":"kite","errorStatus":403},"message":"Request failed with status code 403","timestamp":"2026-01-24 11:43:40"}
{"level":"error","url":"/api/admin/getall/holdingdata","method":"GET","status":false,"userId":null,"data":{"msg":"finavasiaHoldingFun failed","userId":23,"broker":"finvasia","errorStatus":401},"message":"Request failed with status code 401","timestamp":"2026-01-24 11:43:40"}
{"level":"error","url":"/api/admin/getall/holdingdata","method":"GET","status":false,"userId":null,"data":{"msg":"finavasiaHoldingFun failed","userId":23,"broker":"finvasia","errorStatus":401},"message":"Request failed with status code 401","timestamp":"2026-01-24 11:43:42"}
{"level":"error","url":"/api/admin/getall/holdingdata","method":"GET","status":false,"userId":null,"data":{"msg":"kiteHoldingFun failed","userId":3,"broker":"kite","errorStatus":403},"message":"Request failed with status code 403","timestamp":"2026-01-24 11:43:42"}
{"level":"error","url":"/api/admin/getall/holdingdata","method":"GET","status":false,"userId":null,"data":{"msg":"kiteHoldingFun failed","userId":43,"broker":"kite","errorStatus":403},"message":"Request failed with status code 403","timestamp":"2026-01-24 11:43:42"}
{"level":"error","url":"/api/admin/getall/holdingdata","method":"GET","status":false,"userId":null,"data":{"msg":"kiteHoldingFun failed","userId":11,"broker":"kite","errorStatus":403},"message":"Request failed with status code 403","timestamp":"2026-01-24 11:43:42"}
{"level":"error","url":"/api/admin/getall/holdingdata","method":"GET","status":false,"userId":null,"data":{"msg":"kiteHoldingFun failed","userId":21,"broker":"kite","errorStatus":403},"message":"Request failed with status code 403","timestamp":"2026-01-24 11:43:42"}
{"level":"error","url":"/api/admin/getall/holdingdata","method":"GET","status":false,"userId":null,"data":{"msg":"kiteHoldingFun failed","userId":3,"broker":"kite","errorStatus":403},"message":"Request failed with status code 403","timestamp":"2026-01-24 13:36:46"}
{"level":"error","url":"/api/admin/getall/holdingdata","method":"GET","status":false,"userId":null,"data":{"msg":"kiteHoldingFun failed","userId":11,"broker":"kite","errorStatus":403},"message":"Request failed with status code 403","timestamp":"2026-01-24 13:36:46"}
{"level":"error","url":"/api/admin/getall/holdingdata","method":"GET","status":false,"userId":null,"data":{"msg":"kiteHoldingFun failed","userId":21,"broker":"kite","errorStatus":403},"message":"Request failed with status code 403","timestamp":"2026-01-24 13:36:46"}
{"level":"error","url":"/api/admin/getall/holdingdata","method":"GET","status":false,"userId":null,"data":{"msg":"kiteHoldingFun failed","userId":43,"broker":"kite","errorStatus":403},"message":"Request failed with status code 403","timestamp":"2026-01-24 13:36:46"}
{"level":"error","url":"/api/admin/getall/holdingdata","method":"GET","status":false,"userId":null,"data":{"msg":"finavasiaHoldingFun failed","userId":23,"broker":"finvasia","errorStatus":401},"message":"Request failed with status code 401","timestamp":"2026-01-24 13:36:46"}
{"level":"error","url":"/api/order/user/common/holding","method":"GET","status":false,"userId":43,"data":{"msg":"kiteHoldingFun failed","userId":43,"broker":"kite","errorStatus":403},"message":"Request failed with status code 403","timestamp":"2026-01-24 13:37:26"}
{"level":"error","url":"/api/order/user/common/holding","method":"GET","status":false,"userId":43,"data":{"msg":"kiteHoldingFun failed","userId":43,"broker":"kite","errorStatus":403},"message":"Request failed with status code 403","timestamp":"2026-01-24 13:38:25"}
{"level":"error","url":"/api/order/user/common/holding","method":"GET","status":false,"userId":43,"data":{"msg":"kiteHoldingFun failed","userId":43,"broker":"kite","errorStatus":403},"message":"Request failed with status code 403","timestamp":"2026-01-24 13:38:28"}
{"level":"error","url":"/api/order/user/common/holding","method":"GET","status":false,"userId":43,"data":{"msg":"kiteHoldingFun failed","userId":43,"broker":"kite","errorStatus":403},"message":"Request failed with status code 403","timestamp":"2026-01-24 13:38:32"}
{"level":"error","url":"/api/order/user/common/holding","method":"GET","status":false,"userId":43,"data":{"msg":"kiteHoldingFun failed","userId":43,"broker":"kite","errorStatus":403},"message":"Request failed with status code 403","timestamp":"2026-01-24 13:40:41"}
