{"level":"info","url":"/api/admin/tokenstatussummary","method":"GET","status":true,"userId":null,"data":{"msg":"Token status summary request received","now":"2025-12-21T05:04:28.179Z"},"message":"API Request Completed","timestamp":"2025-12-21 10:34:28"}
{"level":"info","url":"/api/admin/tokenstatussummary","method":"GET","status":true,"userId":null,"data":{"msg":"Auto-expiring AngelOne login users if expiry passed","criteria":{"angelLoginUser":true,"role":"user","expiryLtNow":"2025-12-21T05:04:28.179Z"}},"message":"API Request Completed","timestamp":"2025-12-21 10:34:28"}
{"level":"info","url":"/api/admin/tokenstatussummary","method":"GET","status":true,"userId":null,"data":{"msg":"AngelOne login auto-expire update completed","expiredCount":0},"message":"API Request Completed","timestamp":"2025-12-21 10:34:28"}
{"level":"info","url":"/api/admin/tokenstatussummary","method":"GET","status":true,"userId":null,"data":{"msg":"Fetching users with active AngelOne login"},"message":"API Request Completed","timestamp":"2025-12-21 10:34:28"}
{"level":"info","url":"/api/admin/tokenstatussummary","method":"GET","status":true,"userId":null,"data":{"msg":"Fetched generated users","count":0},"message":"API Request Completed","timestamp":"2025-12-21 10:34:28"}
{"level":"info","url":"/api/admin/tokenstatussummary","method":"GET","status":true,"userId":null,"data":{"msg":"Fetching users without AngelOne login"},"message":"API Request Completed","timestamp":"2025-12-21 10:34:28"}
{"level":"info","url":"/api/admin/tokenstatussummary","method":"GET","status":true,"userId":null,"data":{"msg":"Fetched non-generated users","count":19},"message":"API Request Completed","timestamp":"2025-12-21 10:34:28"}
{"level":"info","url":"/api/admin/tokenstatussummary","method":"GET","status":true,"userId":null,"data":{"msg":"Token status summary prepared successfully","generatedCount":0,"notGeneratedCount":19},"message":"API Request Completed","timestamp":"2025-12-21 10:34:28"}
{"level":"info","url":"/api/admin/tokenstatussummary","method":"GET","status":true,"userId":null,"data":{"msg":"Token status summary request received","now":"2025-12-21T05:04:31.076Z"},"message":"API Request Completed","timestamp":"2025-12-21 10:34:31"}
{"level":"info","url":"/api/admin/tokenstatussummary","method":"GET","status":true,"userId":null,"data":{"msg":"Auto-expiring AngelOne login users if expiry passed","criteria":{"angelLoginUser":true,"role":"user","expiryLtNow":"2025-12-21T05:04:31.076Z"}},"message":"API Request Completed","timestamp":"2025-12-21 10:34:31"}
{"level":"info","url":"/api/admin/tokenstatussummary","method":"GET","status":true,"userId":null,"data":{"msg":"AngelOne login auto-expire update completed","expiredCount":0},"message":"API Request Completed","timestamp":"2025-12-21 10:34:31"}
{"level":"info","url":"/api/admin/tokenstatussummary","method":"GET","status":true,"userId":null,"data":{"msg":"Fetching users with active AngelOne login"},"message":"API Request Completed","timestamp":"2025-12-21 10:34:31"}
{"level":"info","url":"/api/admin/tokenstatussummary","method":"GET","status":true,"userId":null,"data":{"msg":"Fetched generated users","count":0},"message":"API Request Completed","timestamp":"2025-12-21 10:34:31"}
{"level":"info","url":"/api/admin/tokenstatussummary","method":"GET","status":true,"userId":null,"data":{"msg":"Fetching users without AngelOne login"},"message":"API Request Completed","timestamp":"2025-12-21 10:34:31"}
{"level":"info","url":"/api/admin/tokenstatussummary","method":"GET","status":true,"userId":null,"data":{"msg":"Fetched non-generated users","count":19},"message":"API Request Completed","timestamp":"2025-12-21 10:34:31"}
{"level":"info","url":"/api/admin/tokenstatussummary","method":"GET","status":true,"userId":null,"data":{"msg":"Token status summary prepared successfully","generatedCount":0,"notGeneratedCount":19},"message":"API Request Completed","timestamp":"2025-12-21 10:34:31"}
{"level":"info","url":"/api/agnelone/instrumentnew","method":"GET","status":true,"userId":null,"data":{"msg":"Merged instruments request started","requestId":"6b3489f4-277e-43f8-9344-e5442922e36e","redisKey":"merged_instruments_new"},"message":"API Request Completed","timestamp":"2025-12-21 10:34:33"}
{"level":"info","url":"/api/agnelone/instrumentnew","method":"GET","status":true,"userId":null,"data":{"msg":"Redis TTL checked for merged instruments","requestId":"6b3489f4-277e-43f8-9344-e5442922e36e","ttlSeconds":-2},"message":"API Request Completed","timestamp":"2025-12-21 10:34:33"}
{"level":"info","url":"/api/agnelone/instrumentnew","method":"GET","status":true,"userId":null,"data":{"msg":"Cache miss for merged instruments; fetching all sources","requestId":"6b3489f4-277e-43f8-9344-e5442922e36e","cache":false},"message":"API Request Completed","timestamp":"2025-12-21 10:34:33"}
{"level":"info","url":"/api/agnelone/instrumentnew","method":"GET","status":true,"userId":null,"data":{"msg":"Fetched instruments from all sources","requestId":"6b3489f4-277e-43f8-9344-e5442922e36e","durationMs":20499,"counts":{"angelone":162839,"kite":126175,"finvasia":140994,"upstox":137349,"fyers":161838}},"message":"API Request Completed","timestamp":"2025-12-21 10:34:54"}
{"level":"info","url":"/api/agnelone/instrumentnew","method":"GET","status":true,"userId":null,"data":{"msg":"Lookup maps built for all sources","requestId":"6b3489f4-277e-43f8-9344-e5442922e36e","durationMs":318,"mapSizes":{"kiteTokenMap":117012,"finByToken":140994,"finBySymbolKey":140992,"upsByToken":128165,"upsBySymbolKey":137334,"fyByToken":161838,"fyBySymbolKey":161837}},"message":"API Request Completed","timestamp":"2025-12-21 10:34:54"}
{"level":"info","url":"/api/agnelone/instrumentnew","method":"GET","status":true,"userId":null,"data":{"msg":"AngelOne rows merged with other sources","requestId":"6b3489f4-277e-43f8-9344-e5442922e36e","durationMs":2344,"mergedAngelCount":162839},"message":"API Request Completed","timestamp":"2025-12-21 10:34:56"}
{"level":"info","url":"/api/agnelone/instrumentnew","method":"GET","status":true,"userId":null,"data":{"msg":"Finvasia-only rows prepared","requestId":"6b3489f4-277e-43f8-9344-e5442922e36e","durationMs":84,"finvasiaOnlyCount":43093},"message":"API Request Completed","timestamp":"2025-12-21 10:34:56"}
{"level":"info","url":"/api/agnelone/instrumentnew","method":"GET","status":true,"userId":null,"data":{"msg":"Merged instruments cached in Redis","requestId":"6b3489f4-277e-43f8-9344-e5442922e36e","durationMs":1216,"ttlSeconds":36000,"mergedCount":205932,"payloadSizeBytes":105865646},"message":"API Request Completed","timestamp":"2025-12-21 10:34:58"}
{"level":"info","url":"/api/agnelone/instrumentnew","method":"GET","status":true,"userId":null,"data":{"msg":"Merged instruments request completed","requestId":"6b3489f4-277e-43f8-9344-e5442922e36e","totalDurationMs":24574,"mergedCount":205932},"message":"API Request Completed","timestamp":"2025-12-21 10:34:58"}
{"level":"info","url":"/api/agnelone/instrumentnew","method":"GET","status":true,"userId":null,"data":{"msg":"Merged instruments request started","requestId":"ae97021a-5ba9-4754-b32b-148242006ed7","redisKey":"merged_instruments_new"},"message":"API Request Completed","timestamp":"2025-12-21 10:35:05"}
{"level":"info","url":"/api/agnelone/instrumentnew","method":"GET","status":true,"userId":null,"data":{"msg":"Redis TTL checked for merged instruments","requestId":"ae97021a-5ba9-4754-b32b-148242006ed7","ttlSeconds":35993},"message":"API Request Completed","timestamp":"2025-12-21 10:35:05"}
{"level":"info","url":"/api/agnelone/instrumentnew","method":"GET","status":true,"userId":null,"data":{"msg":"Merged instruments served from Redis cache","requestId":"ae97021a-5ba9-4754-b32b-148242006ed7","cache":true,"durationMs":279,"payloadSizeBytes":105865646},"message":"API Request Completed","timestamp":"2025-12-21 10:35:05"}
{"level":"info","url":"/api/agnelone/instrumentnew","method":"GET","status":true,"userId":null,"data":{"msg":"Merged instruments request started","requestId":"430d2c06-5f44-4a16-b2cb-9e90ec693573","redisKey":"merged_instruments_new"},"message":"API Request Completed","timestamp":"2025-12-21 10:35:08"}
{"level":"info","url":"/api/agnelone/instrumentnew","method":"GET","status":true,"userId":null,"data":{"msg":"Redis TTL checked for merged instruments","requestId":"430d2c06-5f44-4a16-b2cb-9e90ec693573","ttlSeconds":35990},"message":"API Request Completed","timestamp":"2025-12-21 10:35:08"}
{"level":"info","url":"/api/agnelone/instrumentnew","method":"GET","status":true,"userId":null,"data":{"msg":"Merged instruments served from Redis cache","requestId":"430d2c06-5f44-4a16-b2cb-9e90ec693573","cache":true,"durationMs":97,"payloadSizeBytes":105865646},"message":"API Request Completed","timestamp":"2025-12-21 10:35:08"}
{"level":"info","url":"/api/agnelone/instrumentnew","method":"GET","status":true,"userId":null,"data":{"msg":"Merged instruments request started","requestId":"c086a6b2-27b7-49e2-934c-2c155279b5c1","redisKey":"merged_instruments_new"},"message":"API Request Completed","timestamp":"2025-12-21 10:35:11"}
{"level":"info","url":"/api/agnelone/instrumentnew","method":"GET","status":true,"userId":null,"data":{"msg":"Redis TTL checked for merged instruments","requestId":"c086a6b2-27b7-49e2-934c-2c155279b5c1","ttlSeconds":35986},"message":"API Request Completed","timestamp":"2025-12-21 10:35:11"}
{"level":"info","url":"/api/agnelone/instrumentnew","method":"GET","status":true,"userId":null,"data":{"msg":"Merged instruments served from Redis cache","requestId":"c086a6b2-27b7-49e2-934c-2c155279b5c1","cache":true,"durationMs":96,"payloadSizeBytes":105865646},"message":"API Request Completed","timestamp":"2025-12-21 10:35:12"}
{"level":"info","url":"/api/agnelone/instrumentnew","method":"GET","status":true,"userId":null,"data":{"msg":"Merged instruments request started","requestId":"8df9b6f5-3616-4bde-8ecb-10372c423ed7","redisKey":"merged_instruments_new"},"message":"API Request Completed","timestamp":"2025-12-21 10:35:15"}
{"level":"info","url":"/api/agnelone/instrumentnew","method":"GET","status":true,"userId":null,"data":{"msg":"Redis TTL checked for merged instruments","requestId":"8df9b6f5-3616-4bde-8ecb-10372c423ed7","ttlSeconds":35983},"message":"API Request Completed","timestamp":"2025-12-21 10:35:15"}
{"level":"info","url":"/api/agnelone/instrumentnew","method":"GET","status":true,"userId":null,"data":{"msg":"Merged instruments served from Redis cache","requestId":"8df9b6f5-3616-4bde-8ecb-10372c423ed7","cache":true,"durationMs":92,"payloadSizeBytes":105865646},"message":"API Request Completed","timestamp":"2025-12-21 10:35:15"}
{"level":"info","url":"/api/agnelone/instrumentnew","method":"GET","status":true,"userId":null,"data":{"msg":"Merged instruments request started","requestId":"1c340415-f67b-4cda-b91d-83a97f2c4f2d","redisKey":"merged_instruments_new"},"message":"API Request Completed","timestamp":"2025-12-21 10:35:19"}
{"level":"info","url":"/api/agnelone/instrumentnew","method":"GET","status":true,"userId":null,"data":{"msg":"Redis TTL checked for merged instruments","requestId":"1c340415-f67b-4cda-b91d-83a97f2c4f2d","ttlSeconds":35979},"message":"API Request Completed","timestamp":"2025-12-21 10:35:19"}
{"level":"info","url":"/api/agnelone/instrumentnew","method":"GET","status":true,"userId":null,"data":{"msg":"Merged instruments served from Redis cache","requestId":"1c340415-f67b-4cda-b91d-83a97f2c4f2d","cache":true,"durationMs":106,"payloadSizeBytes":105865646},"message":"API Request Completed","timestamp":"2025-12-21 10:35:19"}
{"level":"info","url":"/api/admin/tokenstatussummary","method":"GET","status":true,"userId":null,"data":{"msg":"Token status summary request received","now":"2025-12-21T05:05:22.916Z"},"message":"API Request Completed","timestamp":"2025-12-21 10:35:22"}
{"level":"info","url":"/api/admin/tokenstatussummary","method":"GET","status":true,"userId":null,"data":{"msg":"Auto-expiring AngelOne login users if expiry passed","criteria":{"angelLoginUser":true,"role":"user","expiryLtNow":"2025-12-21T05:05:22.916Z"}},"message":"API Request Completed","timestamp":"2025-12-21 10:35:22"}
{"level":"info","url":"/api/admin/tokenstatussummary","method":"GET","status":true,"userId":null,"data":{"msg":"AngelOne login auto-expire update completed","expiredCount":0},"message":"API Request Completed","timestamp":"2025-12-21 10:35:23"}
{"level":"info","url":"/api/admin/tokenstatussummary","method":"GET","status":true,"userId":null,"data":{"msg":"Fetching users with active AngelOne login"},"message":"API Request Completed","timestamp":"2025-12-21 10:35:23"}
{"level":"info","url":"/api/admin/tokenstatussummary","method":"GET","status":true,"userId":null,"data":{"msg":"Fetched generated users","count":0},"message":"API Request Completed","timestamp":"2025-12-21 10:35:23"}
{"level":"info","url":"/api/admin/tokenstatussummary","method":"GET","status":true,"userId":null,"data":{"msg":"Fetching users without AngelOne login"},"message":"API Request Completed","timestamp":"2025-12-21 10:35:23"}
{"level":"info","url":"/api/admin/tokenstatussummary","method":"GET","status":true,"userId":null,"data":{"msg":"Fetched non-generated users","count":19},"message":"API Request Completed","timestamp":"2025-12-21 10:35:23"}
{"level":"info","url":"/api/admin/tokenstatussummary","method":"GET","status":true,"userId":null,"data":{"msg":"Token status summary prepared successfully","generatedCount":0,"notGeneratedCount":19},"message":"API Request Completed","timestamp":"2025-12-21 10:35:23"}
{"level":"info","url":"/api/agnelone/instrumentnew","method":"GET","status":true,"userId":null,"data":{"msg":"Merged instruments request started","requestId":"5ebba85c-0e78-498d-8ae6-56a35201931a","redisKey":"merged_instruments_new"},"message":"API Request Completed","timestamp":"2025-12-21 10:35:23"}
{"level":"info","url":"/api/agnelone/instrumentnew","method":"GET","status":true,"userId":null,"data":{"msg":"Redis TTL checked for merged instruments","requestId":"5ebba85c-0e78-498d-8ae6-56a35201931a","ttlSeconds":35974},"message":"API Request Completed","timestamp":"2025-12-21 10:35:23"}
{"level":"info","url":"/api/agnelone/instrumentnew","method":"GET","status":true,"userId":null,"data":{"msg":"Merged instruments served from Redis cache","requestId":"5ebba85c-0e78-498d-8ae6-56a35201931a","cache":true,"durationMs":104,"payloadSizeBytes":105865646},"message":"API Request Completed","timestamp":"2025-12-21 10:35:23"}
{"level":"info","url":"/api/agnelone/instrumentnew","method":"GET","status":true,"userId":null,"data":{"msg":"Merged instruments request started","requestId":"08f2de36-520f-4747-a0d8-4dd1c67fdc33","redisKey":"merged_instruments_new"},"message":"API Request Completed","timestamp":"2025-12-21 11:11:34"}
{"level":"info","url":"/api/agnelone/instrumentnew","method":"GET","status":true,"userId":null,"data":{"msg":"Redis TTL checked for merged instruments","requestId":"08f2de36-520f-4747-a0d8-4dd1c67fdc33","ttlSeconds":33804},"message":"API Request Completed","timestamp":"2025-12-21 11:11:34"}
{"level":"info","url":"/api/agnelone/instrumentnew","method":"GET","status":true,"userId":null,"data":{"msg":"Merged instruments served from Redis cache","requestId":"08f2de36-520f-4747-a0d8-4dd1c67fdc33","cache":true,"durationMs":154,"payloadSizeBytes":105865646},"message":"API Request Completed","timestamp":"2025-12-21 11:11:34"}
{"level":"info","url":"/api/admin/tokenstatussummary","method":"GET","status":true,"userId":null,"data":{"msg":"Token status summary request received","now":"2025-12-21T05:41:39.193Z"},"message":"API Request Completed","timestamp":"2025-12-21 11:11:39"}
{"level":"info","url":"/api/admin/tokenstatussummary","method":"GET","status":true,"userId":null,"data":{"msg":"Auto-expiring AngelOne login users if expiry passed","criteria":{"angelLoginUser":true,"role":"user","expiryLtNow":"2025-12-21T05:41:39.193Z"}},"message":"API Request Completed","timestamp":"2025-12-21 11:11:39"}
{"level":"error","url":"/api/admin/tokenstatussummary","method":"GET","status":false,"userId":null,"data":{"msg":"getTokenStatusSummary failed"},"message":"connect ENETUNREACH 3.109.204.28:5432 - Local (0.0.0.0:49791)","timestamp":"2025-12-21 11:11:39"}
{"level":"info","url":"/api/agnelone/instrumentnew","method":"GET","status":true,"userId":null,"data":{"msg":"Merged instruments request started","requestId":"021cffcb-6410-45ad-9a26-808aa899311f","redisKey":"merged_instruments_new"},"message":"API Request Completed","timestamp":"2025-12-21 11:11:40"}
{"level":"info","url":"/api/agnelone/instrumentnew","method":"GET","status":true,"userId":null,"data":{"msg":"Redis TTL checked for merged instruments","requestId":"021cffcb-6410-45ad-9a26-808aa899311f","ttlSeconds":33797},"message":"API Request Completed","timestamp":"2025-12-21 11:11:40"}
{"level":"info","url":"/api/agnelone/instrumentnew","method":"GET","status":true,"userId":null,"data":{"msg":"Merged instruments served from Redis cache","requestId":"021cffcb-6410-45ad-9a26-808aa899311f","cache":true,"durationMs":147,"payloadSizeBytes":105865646},"message":"API Request Completed","timestamp":"2025-12-21 11:11:41"}
{"level":"info","url":"/api/agnelone/instrumentnew","method":"GET","status":true,"userId":null,"data":{"msg":"Merged instruments request started","requestId":"de180ebe-993f-45f3-b396-73fac10c19e6","redisKey":"merged_instruments_new"},"message":"API Request Completed","timestamp":"2025-12-21 11:11:46"}
{"level":"info","url":"/api/agnelone/instrumentnew","method":"GET","status":true,"userId":null,"data":{"msg":"Redis TTL checked for merged instruments","requestId":"de180ebe-993f-45f3-b396-73fac10c19e6","ttlSeconds":33791},"message":"API Request Completed","timestamp":"2025-12-21 11:11:46"}
{"level":"info","url":"/api/agnelone/instrumentnew","method":"GET","status":true,"userId":null,"data":{"msg":"Merged instruments served from Redis cache","requestId":"de180ebe-993f-45f3-b396-73fac10c19e6","cache":true,"durationMs":96,"payloadSizeBytes":105865646},"message":"API Request Completed","timestamp":"2025-12-21 11:11:46"}
{"level":"info","url":"/api/admin/tokenstatussummary","method":"GET","status":true,"userId":null,"data":{"msg":"Token status summary request received","now":"2025-12-21T05:41:48.571Z"},"message":"API Request Completed","timestamp":"2025-12-21 11:11:48"}
{"level":"info","url":"/api/admin/tokenstatussummary","method":"GET","status":true,"userId":null,"data":{"msg":"Auto-expiring AngelOne login users if expiry passed","criteria":{"angelLoginUser":true,"role":"user","expiryLtNow":"2025-12-21T05:41:48.571Z"}},"message":"API Request Completed","timestamp":"2025-12-21 11:11:48"}
{"level":"error","url":"/api/admin/tokenstatussummary","method":"GET","status":false,"userId":null,"data":{"msg":"getTokenStatusSummary failed"},"message":"connect ENETUNREACH 3.109.204.28:5432 - Local (0.0.0.0:49816)","timestamp":"2025-12-21 11:11:48"}
{"level":"info","url":"/api/admin/tokenstatussummary","method":"GET","status":true,"userId":null,"data":{"msg":"Token status summary request received","now":"2025-12-21T05:44:45.396Z"},"message":"API Request Completed","timestamp":"2025-12-21 11:14:45"}
{"level":"info","url":"/api/admin/tokenstatussummary","method":"GET","status":true,"userId":null,"data":{"msg":"Auto-expiring AngelOne login users if expiry passed","criteria":{"angelLoginUser":true,"role":"user","expiryLtNow":"2025-12-21T05:44:45.396Z"}},"message":"API Request Completed","timestamp":"2025-12-21 11:14:45"}
{"level":"info","url":"/api/admin/tokenstatussummary","method":"GET","status":true,"userId":null,"data":{"msg":"AngelOne login auto-expire update completed","expiredCount":0},"message":"API Request Completed","timestamp":"2025-12-21 11:14:45"}
{"level":"info","url":"/api/admin/tokenstatussummary","method":"GET","status":true,"userId":null,"data":{"msg":"Fetching users with active AngelOne login"},"message":"API Request Completed","timestamp":"2025-12-21 11:14:45"}
{"level":"info","url":"/api/admin/tokenstatussummary","method":"GET","status":true,"userId":null,"data":{"msg":"Fetched generated users","count":0},"message":"API Request Completed","timestamp":"2025-12-21 11:14:45"}
{"level":"info","url":"/api/admin/tokenstatussummary","method":"GET","status":true,"userId":null,"data":{"msg":"Fetching users without AngelOne login"},"message":"API Request Completed","timestamp":"2025-12-21 11:14:45"}
{"level":"info","url":"/api/admin/tokenstatussummary","method":"GET","status":true,"userId":null,"data":{"msg":"Fetched non-generated users","count":19},"message":"API Request Completed","timestamp":"2025-12-21 11:14:45"}
{"level":"info","url":"/api/admin/tokenstatussummary","method":"GET","status":true,"userId":null,"data":{"msg":"Token status summary prepared successfully","generatedCount":0,"notGeneratedCount":19},"message":"API Request Completed","timestamp":"2025-12-21 11:14:45"}
{"level":"info","url":"/api/agnelone/instrumentnew","method":"GET","status":true,"userId":null,"data":{"msg":"Merged instruments request started","requestId":"49a6edcc-00df-45ef-bb8b-eca7aca49349","redisKey":"merged_instruments_new"},"message":"API Request Completed","timestamp":"2025-12-21 11:14:48"}
{"level":"info","url":"/api/agnelone/instrumentnew","method":"GET","status":true,"userId":null,"data":{"msg":"Redis TTL checked for merged instruments","requestId":"49a6edcc-00df-45ef-bb8b-eca7aca49349","ttlSeconds":33610},"message":"API Request Completed","timestamp":"2025-12-21 11:14:48"}
{"level":"info","url":"/api/agnelone/instrumentnew","method":"GET","status":true,"userId":null,"data":{"msg":"Merged instruments served from Redis cache","requestId":"49a6edcc-00df-45ef-bb8b-eca7aca49349","cache":true,"durationMs":144,"payloadSizeBytes":105865646},"message":"API Request Completed","timestamp":"2025-12-21 11:14:48"}
{"level":"info","url":"/api/admin/tokenstatussummary","method":"GET","status":true,"userId":null,"data":{"msg":"Token status summary request received","now":"2025-12-21T05:44:51.613Z"},"message":"API Request Completed","timestamp":"2025-12-21 11:14:51"}
{"level":"info","url":"/api/admin/tokenstatussummary","method":"GET","status":true,"userId":null,"data":{"msg":"Auto-expiring AngelOne login users if expiry passed","criteria":{"angelLoginUser":true,"role":"user","expiryLtNow":"2025-12-21T05:44:51.613Z"}},"message":"API Request Completed","timestamp":"2025-12-21 11:14:51"}
{"level":"info","url":"/api/admin/tokenstatussummary","method":"GET","status":true,"userId":null,"data":{"msg":"AngelOne login auto-expire update completed","expiredCount":0},"message":"API Request Completed","timestamp":"2025-12-21 11:14:51"}
{"level":"info","url":"/api/admin/tokenstatussummary","method":"GET","status":true,"userId":null,"data":{"msg":"Fetching users with active AngelOne login"},"message":"API Request Completed","timestamp":"2025-12-21 11:14:51"}
{"level":"info","url":"/api/admin/tokenstatussummary","method":"GET","status":true,"userId":null,"data":{"msg":"Fetched generated users","count":0},"message":"API Request Completed","timestamp":"2025-12-21 11:14:51"}
{"level":"info","url":"/api/admin/tokenstatussummary","method":"GET","status":true,"userId":null,"data":{"msg":"Fetching users without AngelOne login"},"message":"API Request Completed","timestamp":"2025-12-21 11:14:51"}
{"level":"info","url":"/api/admin/tokenstatussummary","method":"GET","status":true,"userId":null,"data":{"msg":"Fetched non-generated users","count":19},"message":"API Request Completed","timestamp":"2025-12-21 11:14:51"}
{"level":"info","url":"/api/admin/tokenstatussummary","method":"GET","status":true,"userId":null,"data":{"msg":"Token status summary prepared successfully","generatedCount":0,"notGeneratedCount":19},"message":"API Request Completed","timestamp":"2025-12-21 11:14:51"}
{"level":"info","url":"/api/agnelone/instrumentnew","method":"GET","status":true,"userId":null,"data":{"msg":"Merged instruments request started","requestId":"6be57e8c-c6a4-446c-b1cd-466b0a8c266c","redisKey":"merged_instruments_new"},"message":"API Request Completed","timestamp":"2025-12-21 11:14:54"}
{"level":"info","url":"/api/agnelone/instrumentnew","method":"GET","status":true,"userId":null,"data":{"msg":"Redis TTL checked for merged instruments","requestId":"6be57e8c-c6a4-446c-b1cd-466b0a8c266c","ttlSeconds":33604},"message":"API Request Completed","timestamp":"2025-12-21 11:14:54"}
{"level":"info","url":"/api/agnelone/instrumentnew","method":"GET","status":true,"userId":null,"data":{"msg":"Merged instruments served from Redis cache","requestId":"6be57e8c-c6a4-446c-b1cd-466b0a8c266c","cache":true,"durationMs":134,"payloadSizeBytes":105865646},"message":"API Request Completed","timestamp":"2025-12-21 11:14:54"}
{"level":"info","url":"/api/admin/tokenstatussummary","method":"GET","status":true,"userId":null,"data":{"msg":"Token status summary request received","now":"2025-12-21T05:59:40.282Z"},"message":"API Request Completed","timestamp":"2025-12-21 11:29:40"}
{"level":"info","url":"/api/admin/tokenstatussummary","method":"GET","status":true,"userId":null,"data":{"msg":"Auto-expiring AngelOne login users if expiry passed","criteria":{"angelLoginUser":true,"role":"user","expiryLtNow":"2025-12-21T05:59:40.282Z"}},"message":"API Request Completed","timestamp":"2025-12-21 11:29:40"}
{"level":"info","url":"/api/admin/tokenstatussummary","method":"GET","status":true,"userId":null,"data":{"msg":"AngelOne login auto-expire update completed","expiredCount":0},"message":"API Request Completed","timestamp":"2025-12-21 11:29:40"}
{"level":"info","url":"/api/admin/tokenstatussummary","method":"GET","status":true,"userId":null,"data":{"msg":"Fetching users with active AngelOne login"},"message":"API Request Completed","timestamp":"2025-12-21 11:29:40"}
{"level":"info","url":"/api/admin/tokenstatussummary","method":"GET","status":true,"userId":null,"data":{"msg":"Fetched generated users","count":0},"message":"API Request Completed","timestamp":"2025-12-21 11:29:40"}
{"level":"info","url":"/api/admin/tokenstatussummary","method":"GET","status":true,"userId":null,"data":{"msg":"Fetching users without AngelOne login"},"message":"API Request Completed","timestamp":"2025-12-21 11:29:40"}
{"level":"info","url":"/api/admin/tokenstatussummary","method":"GET","status":true,"userId":null,"data":{"msg":"Fetched non-generated users","count":19},"message":"API Request Completed","timestamp":"2025-12-21 11:29:40"}
{"level":"info","url":"/api/admin/tokenstatussummary","method":"GET","status":true,"userId":null,"data":{"msg":"Token status summary prepared successfully","generatedCount":0,"notGeneratedCount":19},"message":"API Request Completed","timestamp":"2025-12-21 11:29:40"}
{"level":"info","url":"/api/agnelone/instrumentnew","method":"GET","status":true,"userId":null,"data":{"msg":"Merged instruments request started","requestId":"391844fc-df57-42c2-863c-cfb4dc028fe7","redisKey":"merged_instruments_new"},"message":"API Request Completed","timestamp":"2025-12-21 11:29:41"}
{"level":"info","url":"/api/agnelone/instrumentnew","method":"GET","status":true,"userId":null,"data":{"msg":"Redis TTL checked for merged instruments","requestId":"391844fc-df57-42c2-863c-cfb4dc028fe7","ttlSeconds":32717},"message":"API Request Completed","timestamp":"2025-12-21 11:29:41"}
{"level":"info","url":"/api/agnelone/instrumentnew","method":"GET","status":true,"userId":null,"data":{"msg":"Merged instruments served from Redis cache","requestId":"391844fc-df57-42c2-863c-cfb4dc028fe7","cache":true,"durationMs":190,"payloadSizeBytes":105865646},"message":"API Request Completed","timestamp":"2025-12-21 11:29:41"}
{"level":"info","url":"/api/admin/tokenstatussummary","method":"GET","status":true,"userId":null,"data":{"msg":"Token status summary request received","now":"2025-12-21T06:04:38.159Z"},"message":"API Request Completed","timestamp":"2025-12-21 11:34:38"}
{"level":"info","url":"/api/admin/tokenstatussummary","method":"GET","status":true,"userId":null,"data":{"msg":"Auto-expiring AngelOne login users if expiry passed","criteria":{"angelLoginUser":true,"role":"user","expiryLtNow":"2025-12-21T06:04:38.159Z"}},"message":"API Request Completed","timestamp":"2025-12-21 11:34:38"}
{"level":"info","url":"/api/admin/tokenstatussummary","method":"GET","status":true,"userId":null,"data":{"msg":"AngelOne login auto-expire update completed","expiredCount":0},"message":"API Request Completed","timestamp":"2025-12-21 11:34:38"}
{"level":"info","url":"/api/admin/tokenstatussummary","method":"GET","status":true,"userId":null,"data":{"msg":"Fetching users with active AngelOne login"},"message":"API Request Completed","timestamp":"2025-12-21 11:34:38"}
{"level":"info","url":"/api/admin/tokenstatussummary","method":"GET","status":true,"userId":null,"data":{"msg":"Fetched generated users","count":0},"message":"API Request Completed","timestamp":"2025-12-21 11:34:38"}
{"level":"info","url":"/api/admin/tokenstatussummary","method":"GET","status":true,"userId":null,"data":{"msg":"Fetching users without AngelOne login"},"message":"API Request Completed","timestamp":"2025-12-21 11:34:38"}
{"level":"info","url":"/api/admin/tokenstatussummary","method":"GET","status":true,"userId":null,"data":{"msg":"Fetched non-generated users","count":19},"message":"API Request Completed","timestamp":"2025-12-21 11:34:38"}
{"level":"info","url":"/api/admin/tokenstatussummary","method":"GET","status":true,"userId":null,"data":{"msg":"Token status summary prepared successfully","generatedCount":0,"notGeneratedCount":19},"message":"API Request Completed","timestamp":"2025-12-21 11:34:38"}
{"level":"info","url":"/api/admin/tokenstatussummary","method":"GET","status":true,"userId":null,"data":{"msg":"Token status summary request received","now":"2025-12-21T06:12:02.793Z"},"message":"API Request Completed","timestamp":"2025-12-21 11:42:02"}
{"level":"info","url":"/api/admin/tokenstatussummary","method":"GET","status":true,"userId":null,"data":{"msg":"Auto-expiring AngelOne login users if expiry passed","criteria":{"angelLoginUser":true,"role":"user","expiryLtNow":"2025-12-21T06:12:02.793Z"}},"message":"API Request Completed","timestamp":"2025-12-21 11:42:02"}
{"level":"info","url":"/api/admin/tokenstatussummary","method":"GET","status":true,"userId":null,"data":{"msg":"AngelOne login auto-expire update completed","expiredCount":0},"message":"API Request Completed","timestamp":"2025-12-21 11:42:03"}
{"level":"info","url":"/api/admin/tokenstatussummary","method":"GET","status":true,"userId":null,"data":{"msg":"Fetching users with active AngelOne login"},"message":"API Request Completed","timestamp":"2025-12-21 11:42:03"}
{"level":"info","url":"/api/admin/tokenstatussummary","method":"GET","status":true,"userId":null,"data":{"msg":"Fetched generated users","count":0},"message":"API Request Completed","timestamp":"2025-12-21 11:42:03"}
{"level":"info","url":"/api/admin/tokenstatussummary","method":"GET","status":true,"userId":null,"data":{"msg":"Fetching users without AngelOne login"},"message":"API Request Completed","timestamp":"2025-12-21 11:42:03"}
{"level":"info","url":"/api/admin/tokenstatussummary","method":"GET","status":true,"userId":null,"data":{"msg":"Fetched non-generated users","count":19},"message":"API Request Completed","timestamp":"2025-12-21 11:42:03"}
{"level":"info","url":"/api/admin/tokenstatussummary","method":"GET","status":true,"userId":null,"data":{"msg":"Token status summary prepared successfully","generatedCount":0,"notGeneratedCount":19},"message":"API Request Completed","timestamp":"2025-12-21 11:42:03"}
{"level":"info","url":"/api/agnelone/instrumentnew","method":"GET","status":true,"userId":null,"data":{"msg":"Merged instruments request started","requestId":"2654f8d7-67e7-4c0d-869c-6f2fec6674b0","redisKey":"merged_instruments_new"},"message":"API Request Completed","timestamp":"2025-12-21 11:42:06"}
{"level":"info","url":"/api/agnelone/instrumentnew","method":"GET","status":true,"userId":null,"data":{"msg":"Redis TTL checked for merged instruments","requestId":"2654f8d7-67e7-4c0d-869c-6f2fec6674b0","ttlSeconds":31972},"message":"API Request Completed","timestamp":"2025-12-21 11:42:06"}
{"level":"info","url":"/api/agnelone/instrumentnew","method":"GET","status":true,"userId":null,"data":{"msg":"Merged instruments served from Redis cache","requestId":"2654f8d7-67e7-4c0d-869c-6f2fec6674b0","cache":true,"durationMs":195,"payloadSizeBytes":105865646},"message":"API Request Completed","timestamp":"2025-12-21 11:42:06"}
{"level":"info","url":"/api/admin/tokenstatussummary","method":"GET","status":true,"userId":null,"data":{"msg":"Token status summary request received","now":"2025-12-21T06:16:28.805Z"},"message":"API Request Completed","timestamp":"2025-12-21 11:46:28"}
{"level":"info","url":"/api/admin/tokenstatussummary","method":"GET","status":true,"userId":null,"data":{"msg":"Auto-expiring AngelOne login users if expiry passed","criteria":{"angelLoginUser":true,"role":"user","expiryLtNow":"2025-12-21T06:16:28.805Z"}},"message":"API Request Completed","timestamp":"2025-12-21 11:46:28"}
{"level":"info","url":"/api/admin/tokenstatussummary","method":"GET","status":true,"userId":null,"data":{"msg":"AngelOne login auto-expire update completed","expiredCount":0},"message":"API Request Completed","timestamp":"2025-12-21 11:46:28"}
{"level":"info","url":"/api/admin/tokenstatussummary","method":"GET","status":true,"userId":null,"data":{"msg":"Fetching users with active AngelOne login"},"message":"API Request Completed","timestamp":"2025-12-21 11:46:28"}
{"level":"info","url":"/api/admin/tokenstatussummary","method":"GET","status":true,"userId":null,"data":{"msg":"Fetched generated users","count":0},"message":"API Request Completed","timestamp":"2025-12-21 11:46:29"}
{"level":"info","url":"/api/admin/tokenstatussummary","method":"GET","status":true,"userId":null,"data":{"msg":"Fetching users without AngelOne login"},"message":"API Request Completed","timestamp":"2025-12-21 11:46:29"}
{"level":"info","url":"/api/admin/tokenstatussummary","method":"GET","status":true,"userId":null,"data":{"msg":"Fetched non-generated users","count":19},"message":"API Request Completed","timestamp":"2025-12-21 11:46:29"}
{"level":"info","url":"/api/admin/tokenstatussummary","method":"GET","status":true,"userId":null,"data":{"msg":"Token status summary prepared successfully","generatedCount":0,"notGeneratedCount":19},"message":"API Request Completed","timestamp":"2025-12-21 11:46:29"}
{"level":"info","url":"/api/admin/tokenstatussummary","method":"GET","status":true,"userId":null,"data":{"msg":"Token status summary request received","now":"2025-12-21T07:26:15.571Z"},"message":"API Request Completed","timestamp":"2025-12-21 12:56:15"}
{"level":"info","url":"/api/admin/tokenstatussummary","method":"GET","status":true,"userId":null,"data":{"msg":"Auto-expiring AngelOne login users if expiry passed","criteria":{"angelLoginUser":true,"role":"user","expiryLtNow":"2025-12-21T07:26:15.571Z"}},"message":"API Request Completed","timestamp":"2025-12-21 12:56:15"}
{"level":"info","url":"/api/admin/tokenstatussummary","method":"GET","status":true,"userId":null,"data":{"msg":"AngelOne login auto-expire update completed","expiredCount":0},"message":"API Request Completed","timestamp":"2025-12-21 12:56:15"}
{"level":"info","url":"/api/admin/tokenstatussummary","method":"GET","status":true,"userId":null,"data":{"msg":"Fetching users with active AngelOne login"},"message":"API Request Completed","timestamp":"2025-12-21 12:56:15"}
{"level":"info","url":"/api/admin/tokenstatussummary","method":"GET","status":true,"userId":null,"data":{"msg":"Fetched generated users","count":0},"message":"API Request Completed","timestamp":"2025-12-21 12:56:16"}
{"level":"info","url":"/api/admin/tokenstatussummary","method":"GET","status":true,"userId":null,"data":{"msg":"Fetching users without AngelOne login"},"message":"API Request Completed","timestamp":"2025-12-21 12:56:16"}
{"level":"info","url":"/api/admin/tokenstatussummary","method":"GET","status":true,"userId":null,"data":{"msg":"Fetched non-generated users","count":19},"message":"API Request Completed","timestamp":"2025-12-21 12:56:16"}
{"level":"info","url":"/api/admin/tokenstatussummary","method":"GET","status":true,"userId":null,"data":{"msg":"Token status summary prepared successfully","generatedCount":0,"notGeneratedCount":19},"message":"API Request Completed","timestamp":"2025-12-21 12:56:16"}
