{"level":"info","url":"","method":"","status":true,"userId":null,"data":"Broker instrument fetching started!","message":"API Request Completed","timestamp":"2026-01-28 08:55:20"}
{"level":"info","url":"","method":"","status":true,"userId":null,"data":"All broker instruments fetched successfully","message":"API Request Completed","timestamp":"2026-01-28 08:56:33"}
{"level":"info","url":"","method":"","status":true,"userId":null,"data":"Groww instrument map done!","message":"API Request Completed","timestamp":"2026-01-28 08:56:33"}
{"level":"info","url":"","method":"","status":true,"userId":null,"data":"Kite instrument map done!","message":"API Request Completed","timestamp":"2026-01-28 08:56:33"}
{"level":"info","url":"","method":"","status":true,"userId":null,"data":"Finvasia instrument map done!","message":"API Request Completed","timestamp":"2026-01-28 08:56:34"}
{"level":"info","url":"","method":"","status":true,"userId":null,"data":"Upstox instrument map done!","message":"API Request Completed","timestamp":"2026-01-28 08:56:34"}
{"level":"info","url":"","method":"","status":true,"userId":null,"data":"Fyers instrument map done!","message":"API Request Completed","timestamp":"2026-01-28 08:56:34"}
{"level":"info","url":"","method":"","status":true,"userId":null,"data":"169784 Fyers matches found","message":"API Request Completed","timestamp":"2026-01-28 08:56:37"}
{"level":"info","url":"","method":"","status":true,"userId":null,"data":"Match instrument done!","message":"API Request Completed","timestamp":"2026-01-28 08:56:37"}
{"level":"info","url":"","method":"","status":true,"userId":null,"data":"Merge instrument done!","message":"API Request Completed","timestamp":"2026-01-28 08:56:37"}
{"level":"info","url":"","method":"","status":true,"userId":null,"data":"Final merged instruments: 267731 records","message":"API Request Completed","timestamp":"2026-01-28 08:56:37"}
{"level":"info","url":"","method":"","status":true,"userId":null,"data":"Payload stringify instrument running...","message":"API Request Completed","timestamp":"2026-01-28 08:56:37"}
{"level":"info","url":"","method":"","status":true,"userId":null,"data":"Payload stringify instrument done !","message":"API Request Completed","timestamp":"2026-01-28 08:56:38"}
{"level":"info","url":"","method":"","status":true,"userId":null,"data":"============== Duration: 79284ms ==============","message":"API Request Completed","timestamp":"2026-01-28 08:56:40"}
{"level":"info","url":"","method":"","status":true,"userId":null,"data":"✔️ Worker completed successfully!","message":"API Request Completed","timestamp":"2026-01-28 08:56:40"}
{"level":"info","url":"/api/admin/multiple/place/order","method":"POST","status":true,"userId":null,"data":{"msg":"Processing user for broker order","userId":43,"brokerName":"kite"},"message":"API Request Completed","timestamp":"2026-01-28 13:00:28"}
{"level":"info","url":"/api/admin/multiple/place/order","method":"POST","status":true,"userId":null,"data":{"msg":"Temp BUY created","tempOrderId":1238,"qty":"30"},"message":"API Request Completed","timestamp":"2026-01-28 13:00:28"}
{"level":"info","url":"/api/admin/multiple/place/order","method":"POST","status":true,"userId":null,"data":{"msg":"Kite API responded success for placement","tempOrderId":1238,"brokerStatus":"PLACED"},"message":"API Request Completed","timestamp":"2026-01-28 13:00:28"}
{"level":"info","url":"/api/admin/multiple/place/order","method":"POST","status":true,"userId":null,"data":{"msg":"Kite getOrderTrades retry","attempt":1,"orderid":"2016413553376288768","tradesCount":1,"totalQty":30,"expectedQty":30},"message":"API Request Completed","timestamp":"2026-01-28 13:00:29"}
{"level":"info","url":"/api/admin/multiple/place/order","method":"POST","status":true,"userId":null,"data":{"msg":"BUY completed","tempOrderId":1238,"pnl":0},"message":"API Request Completed","timestamp":"2026-01-28 13:00:29"}
{"level":"info","url":"/api/admin/multiple/place/order","method":"POST","status":true,"userId":null,"data":{"msg":"All broker promises settled","total":1},"message":"API Request Completed","timestamp":"2026-01-28 13:00:29"}
{"level":"info","url":"/api/admin/multiple/place/order","method":"POST","status":true,"userId":null,"data":{"msg":"Emitting order update event"},"message":"API Request Completed","timestamp":"2026-01-28 13:00:29"}
{"level":"error","url":"/api/admin/fetchorderdetails","method":"GET","status":false,"userId":null,"data":{},"message":"Cannot read properties of undefined (reading 'orderid')","timestamp":"2026-01-28 13:01:50"}
{"level":"info","url":"/api/admin/group/squareoff","method":"POST","status":true,"userId":null,"data":{"msg":"Temp SELL created","tempOrderId":1239,"qty":"30"},"message":"API Request Completed","timestamp":"2026-01-28 13:04:13"}
{"level":"info","url":"/api/admin/group/squareoff","method":"POST","status":true,"userId":null,"data":{"msg":"Kite API responded success for placement","tempOrderId":1239,"brokerStatus":"PLACED"},"message":"API Request Completed","timestamp":"2026-01-28 13:04:13"}
{"level":"info","url":"/api/admin/group/squareoff","method":"POST","status":true,"userId":null,"data":{"msg":"Kite getOrderTrades retry","attempt":1,"orderid":"2016414496150970368","tradesCount":1,"totalQty":30,"expectedQty":30},"message":"API Request Completed","timestamp":"2026-01-28 13:04:13"}
{"level":"info","url":"/api/admin/group/squareoff","method":"POST","status":true,"userId":null,"data":{"msg":"SELL completed","tempOrderId":1239,"pnl":452.99999999999636},"message":"API Request Completed","timestamp":"2026-01-28 13:04:14"}
{"level":"info","url":"/api/admin/getall/holdingdata","method":"GET","status":true,"userId":null,"data":{"msg":"No BUY orders found, exiting early"},"message":"API Request Completed","timestamp":"2026-01-28 13:05:28"}
{"level":"error","url":"/api/admin/group/squareoff","method":"POST","status":false,"userId":null,"data":{"msg":"Kite unexpected error"},"message":"angelHeaders is not defined","timestamp":"2026-01-28 13:15:27"}
{"level":"error","url":"/api/admin/group/squareoff","method":"POST","status":false,"userId":null,"data":{"msg":"Kite unexpected error"},"message":"req is not defined","timestamp":"2026-01-28 13:20:05"}
{"level":"info","url":"/api/admin/multiple/place/order","method":"POST","status":true,"userId":null,"data":{"msg":"Processing user for broker order","userId":43,"brokerName":"kite"},"message":"API Request Completed","timestamp":"2026-01-28 13:56:04"}
{"level":"info","url":"/api/admin/multiple/place/order","method":"POST","status":true,"userId":null,"data":{"msg":"Temp BUY created","tempOrderId":1241,"qty":"65"},"message":"API Request Completed","timestamp":"2026-01-28 13:56:04"}
{"level":"info","url":"/api/admin/multiple/place/order","method":"POST","status":true,"userId":null,"data":{"msg":"Kite API responded success for placement","tempOrderId":1241,"brokerStatus":"PLACED"},"message":"API Request Completed","timestamp":"2026-01-28 13:56:04"}
{"level":"info","url":"/api/admin/multiple/place/order","method":"POST","status":true,"userId":null,"data":{"msg":"Kite getOrderTrades retry","attempt":1,"orderid":"2016427545607987200","tradesCount":1,"totalQty":65,"expectedQty":65},"message":"API Request Completed","timestamp":"2026-01-28 13:56:05"}
{"level":"info","url":"/api/admin/multiple/place/order","method":"POST","status":true,"userId":null,"data":{"msg":"BUY completed","tempOrderId":1241,"pnl":0},"message":"API Request Completed","timestamp":"2026-01-28 13:56:05"}
{"level":"info","url":"/api/admin/multiple/place/order","method":"POST","status":true,"userId":null,"data":{"msg":"All broker promises settled","total":1},"message":"API Request Completed","timestamp":"2026-01-28 13:56:05"}
{"level":"info","url":"/api/admin/multiple/place/order","method":"POST","status":true,"userId":null,"data":{"msg":"Emitting order update event"},"message":"API Request Completed","timestamp":"2026-01-28 13:56:05"}
{"level":"info","url":"/api/order/user/common/holding","method":"GET","status":true,"userId":59,"data":{"msg":"upstoxHoldingFun called (not implemented)","userId":59,"broker":"upstox"},"message":"API Request Completed","timestamp":"2026-01-28 16:09:45"}
{"level":"info","url":"/api/admin/getall/holdingdata","method":"GET","status":true,"userId":null,"data":{"msg":"No BUY orders found, exiting early"},"message":"API Request Completed","timestamp":"2026-01-28 16:10:03"}
{"level":"info","url":"/api/order/user/common/holding","method":"GET","status":true,"userId":59,"data":{"msg":"upstoxHoldingFun called (not implemented)","userId":59,"broker":"upstox"},"message":"API Request Completed","timestamp":"2026-01-28 16:12:09"}
{"level":"info","url":"/api/order/user/common/holding","method":"GET","status":true,"userId":59,"data":{"msg":"upstoxHoldingFun called (not implemented)","userId":59,"broker":"upstox"},"message":"API Request Completed","timestamp":"2026-01-28 16:12:25"}
{"level":"info","url":"/api/order/user/common/holding","method":"GET","status":true,"userId":59,"data":{"msg":"upstoxHoldingFun called (not implemented)","userId":59,"broker":"upstox"},"message":"API Request Completed","timestamp":"2026-01-28 16:12:27"}
{"level":"info","url":"/api/admin/getall/holdingdata","method":"GET","status":true,"userId":null,"data":{"msg":"No BUY orders found, exiting early"},"message":"API Request Completed","timestamp":"2026-01-28 16:53:57"}
{"level":"info","url":"/api/order/user/common/holding","method":"GET","status":true,"userId":59,"data":{"msg":"upstoxHoldingFun called (not implemented)","userId":59,"broker":"upstox"},"message":"API Request Completed","timestamp":"2026-01-28 16:54:18"}
{"level":"info","url":"/api/order/user/common/holding","method":"GET","status":true,"userId":59,"data":{"msg":"upstoxHoldingFun called (not implemented)","userId":59,"broker":"upstox"},"message":"API Request Completed","timestamp":"2026-01-28 16:54:20"}
{"level":"info","url":"/api/admin/getusers/pnldata","method":"POST","status":true,"userId":null,"data":{"msg":"PnL for all users fetched by date","dataCount":3},"message":"API Request Completed","timestamp":"2026-01-28 17:01:18"}
{"level":"info","url":"/api/order/user/common/holding","method":"GET","status":true,"userId":41,"data":{"msg":"No holdings to sync (angelone)","userId":41},"message":"API Request Completed","timestamp":"2026-01-28 17:09:44"}
{"level":"info","url":"/api/order/user/common/holding","method":"GET","status":true,"userId":41,"data":{"msg":"No holdings to sync (angelone)","userId":41},"message":"API Request Completed","timestamp":"2026-01-28 17:10:22"}
{"level":"info","url":"/api/order/user/common/holding","method":"GET","status":true,"userId":41,"data":{"msg":"No holdings to sync (angelone)","userId":41},"message":"API Request Completed","timestamp":"2026-01-28 17:10:30"}
{"level":"info","url":"/api/order/user/common/holding","method":"GET","status":true,"userId":41,"data":{"msg":"No holdings to sync (angelone)","userId":41},"message":"API Request Completed","timestamp":"2026-01-28 17:10:32"}
{"level":"info","url":"/api/order/user/common/holding","method":"GET","status":true,"userId":41,"data":{"msg":"No holdings to sync (angelone)","userId":41},"message":"API Request Completed","timestamp":"2026-01-28 17:10:35"}
{"level":"info","url":"/api/order/user/common/holding","method":"GET","status":true,"userId":59,"data":{"msg":"upstoxHoldingFun called (not implemented)","userId":59,"broker":"upstox"},"message":"API Request Completed","timestamp":"2026-01-28 17:24:35"}
{"level":"info","url":"/api/order/user/common/holding","method":"GET","status":true,"userId":59,"data":{"msg":"upstoxHoldingFun called (not implemented)","userId":59,"broker":"upstox"},"message":"API Request Completed","timestamp":"2026-01-28 17:29:20"}
{"level":"info","url":"/api/order/user/common/holding","method":"GET","status":true,"userId":59,"data":{"msg":"upstoxHoldingFun called (not implemented)","userId":59,"broker":"upstox"},"message":"API Request Completed","timestamp":"2026-01-28 17:29:26"}
{"level":"info","url":"/api/order/user/common/holding","method":"GET","status":true,"userId":59,"data":{"msg":"upstoxHoldingFun called (not implemented)","userId":59,"broker":"upstox"},"message":"API Request Completed","timestamp":"2026-01-28 18:19:44"}
{"level":"info","url":"/api/order/user/common/holding","method":"GET","status":true,"userId":59,"data":{"msg":"upstoxHoldingFun called (not implemented)","userId":59,"broker":"upstox"},"message":"API Request Completed","timestamp":"2026-01-28 18:20:12"}
{"level":"info","url":"/api/order/user/common/holding","method":"GET","status":true,"userId":59,"data":{"msg":"upstoxHoldingFun called (not implemented)","userId":59,"broker":"upstox"},"message":"API Request Completed","timestamp":"2026-01-28 18:47:01"}
{"level":"info","url":"/api/order/user/common/holding","method":"GET","status":true,"userId":59,"data":{"msg":"upstoxHoldingFun called (not implemented)","userId":59,"broker":"upstox"},"message":"API Request Completed","timestamp":"2026-01-28 18:48:48"}
{"level":"info","url":"/api/admin/getall/holdingdata","method":"GET","status":true,"userId":null,"data":{"msg":"No BUY orders found, exiting early"},"message":"API Request Completed","timestamp":"2026-01-28 18:52:54"}
{"level":"info","url":"/api/admin/getall/holdingdata","method":"GET","status":true,"userId":null,"data":{"msg":"No BUY orders found, exiting early"},"message":"API Request Completed","timestamp":"2026-01-28 18:55:15"}
{"level":"info","url":"/api/admin/getall/holdingdata","method":"GET","status":true,"userId":null,"data":{"msg":"No BUY orders found, exiting early"},"message":"API Request Completed","timestamp":"2026-01-28 18:58:04"}
{"level":"info","url":"/api/admin/getusers/pnldata","method":"POST","status":true,"userId":null,"data":{"msg":"PnL for all users fetched by date","dataCount":5},"message":"API Request Completed","timestamp":"2026-01-28 18:58:24"}
{"level":"info","url":"/api/admin/getusers/pnldata","method":"POST","status":true,"userId":null,"data":{"msg":"PnL for all users fetched by date","dataCount":73},"message":"API Request Completed","timestamp":"2026-01-28 18:58:29"}
{"level":"info","url":"/api/admin/getusers/pnldata","method":"POST","status":true,"userId":null,"data":{"msg":"PnL for all users fetched by date","dataCount":5},"message":"API Request Completed","timestamp":"2026-01-28 19:02:58"}
{"level":"info","url":"/api/admin/getusers/pnldata","method":"POST","status":true,"userId":null,"data":{"msg":"PnL for all users fetched by date","dataCount":73},"message":"API Request Completed","timestamp":"2026-01-28 19:03:02"}
{"level":"info","url":"/api/admin/getusers/pnldata","method":"POST","status":true,"userId":null,"data":{"msg":"PnL for all users fetched by date","dataCount":5},"message":"API Request Completed","timestamp":"2026-01-28 19:05:44"}
{"level":"info","url":"/api/admin/getusers/pnldata","method":"POST","status":true,"userId":null,"data":{"msg":"PnL for all users fetched by date","dataCount":160},"message":"API Request Completed","timestamp":"2026-01-28 19:06:00"}
{"level":"info","url":"/api/admin/getall/holdingdata","method":"GET","status":true,"userId":null,"data":{"msg":"No BUY orders found, exiting early"},"message":"API Request Completed","timestamp":"2026-01-28 19:06:37"}
{"level":"info","url":"/api/admin/getall/holdingdata","method":"GET","status":true,"userId":null,"data":{"msg":"No BUY orders found, exiting early"},"message":"API Request Completed","timestamp":"2026-01-28 19:06:43"}
{"level":"info","url":"/api/admin/getall/holdingdata","method":"GET","status":true,"userId":null,"data":{"msg":"No BUY orders found, exiting early"},"message":"API Request Completed","timestamp":"2026-01-28 19:06:54"}
{"level":"info","url":"/api/admin/getall/holdingdata","method":"GET","status":true,"userId":null,"data":{"msg":"No BUY orders found, exiting early"},"message":"API Request Completed","timestamp":"2026-01-28 19:07:46"}
{"level":"info","url":"/api/admin/getall/holdingdata","method":"GET","status":true,"userId":null,"data":{"msg":"No BUY orders found, exiting early"},"message":"API Request Completed","timestamp":"2026-01-28 19:07:48"}
{"level":"info","url":"/api/admin/getall/holdingdata","method":"GET","status":true,"userId":null,"data":{"msg":"No BUY orders found, exiting early"},"message":"API Request Completed","timestamp":"2026-01-28 19:08:32"}
{"level":"info","url":"/api/admin/getall/holdingdata","method":"GET","status":true,"userId":null,"data":{"msg":"No BUY orders found, exiting early"},"message":"API Request Completed","timestamp":"2026-01-28 19:08:34"}
{"level":"info","url":"/api/admin/getall/holdingdata","method":"GET","status":true,"userId":null,"data":{"msg":"No BUY orders found, exiting early"},"message":"API Request Completed","timestamp":"2026-01-28 19:08:35"}
{"level":"info","url":"/api/admin/getall/holdingdata","method":"GET","status":true,"userId":null,"data":{"msg":"No BUY orders found, exiting early"},"message":"API Request Completed","timestamp":"2026-01-28 19:08:38"}
{"level":"info","url":"/api/admin/getall/holdingdata","method":"GET","status":true,"userId":null,"data":{"msg":"No BUY orders found, exiting early"},"message":"API Request Completed","timestamp":"2026-01-28 19:12:18"}
