{"level":"info","url":"/api/admin/getall/holdingdata","method":"GET","status":true,"userId":null,"data":{"msg":"No holdings to sync (angelone)","userId":56},"message":"API Request Completed","timestamp":"2026-01-27 10:30:26"}
{"level":"info","url":"/api/admin/getall/holdingdata","method":"GET","status":true,"userId":null,"data":{"msg":"No holdings to sync (angelone)","userId":41},"message":"API Request Completed","timestamp":"2026-01-27 10:30:26"}
{"level":"info","url":"","method":"","status":true,"userId":null,"data":"Broker instrument fetching started!","message":"API Request Completed","timestamp":"2026-01-27 11:48:07"}
{"level":"info","url":"/api/admin/getall/holdingdata","method":"GET","status":true,"userId":null,"data":{"msg":"No BUY orders found, exiting early"},"message":"API Request Completed","timestamp":"2026-01-27 11:48:08"}
{"level":"info","url":"","method":"","status":true,"userId":null,"data":"All broker instruments fetched successfully","message":"API Request Completed","timestamp":"2026-01-27 11:48:18"}
{"level":"info","url":"","method":"","status":true,"userId":null,"data":"Groww instrument map done!","message":"API Request Completed","timestamp":"2026-01-27 11:48:18"}
{"level":"info","url":"","method":"","status":true,"userId":null,"data":"Kite instrument map done!","message":"API Request Completed","timestamp":"2026-01-27 11:48:19"}
{"level":"info","url":"","method":"","status":true,"userId":null,"data":"Finvasia instrument map done!","message":"API Request Completed","timestamp":"2026-01-27 11:48:19"}
{"level":"info","url":"","method":"","status":true,"userId":null,"data":"Upstox instrument map done!","message":"API Request Completed","timestamp":"2026-01-27 11:48:19"}
{"level":"info","url":"","method":"","status":true,"userId":null,"data":"Fyers instrument map done!","message":"API Request Completed","timestamp":"2026-01-27 11:48:19"}
{"level":"info","url":"","method":"","status":true,"userId":null,"data":"168480 Fyers matches found","message":"API Request Completed","timestamp":"2026-01-27 11:48:22"}
{"level":"info","url":"","method":"","status":true,"userId":null,"data":"Match instrument done!","message":"API Request Completed","timestamp":"2026-01-27 11:48:22"}
{"level":"info","url":"","method":"","status":true,"userId":null,"data":"Merge instrument done!","message":"API Request Completed","timestamp":"2026-01-27 11:48:22"}
{"level":"info","url":"","method":"","status":true,"userId":null,"data":"Final merged instruments: 273277 records","message":"API Request Completed","timestamp":"2026-01-27 11:48:22"}
{"level":"info","url":"","method":"","status":true,"userId":null,"data":"Payload stringify instrument running...","message":"API Request Completed","timestamp":"2026-01-27 11:48:22"}
{"level":"info","url":"","method":"","status":true,"userId":null,"data":"Payload stringify instrument done !","message":"API Request Completed","timestamp":"2026-01-27 11:48:23"}
{"level":"info","url":"","method":"","status":true,"userId":null,"data":"============== Duration: 18450ms ==============","message":"API Request Completed","timestamp":"2026-01-27 11:48:26"}
{"level":"info","url":"","method":"","status":true,"userId":null,"data":"✔️ Worker completed successfully!","message":"API Request Completed","timestamp":"2026-01-27 11:48:26"}
{"level":"info","url":"/api/order/user/common/holding","method":"GET","status":true,"userId":41,"data":{"msg":"No holdings to sync (angelone)","userId":41},"message":"API Request Completed","timestamp":"2026-01-27 13:14:00"}
{"level":"info","url":"/api/order/user/common/holding","method":"GET","status":true,"userId":41,"data":{"msg":"No holdings to sync (angelone)","userId":41},"message":"API Request Completed","timestamp":"2026-01-27 13:33:27"}
{"level":"info","url":"/api/order/user/common/holding","method":"GET","status":true,"userId":41,"data":{"msg":"No holdings to sync (angelone)","userId":41},"message":"API Request Completed","timestamp":"2026-01-27 13:46:44"}
{"level":"info","url":"/api/order/user/common/holding","method":"GET","status":true,"userId":41,"data":{"msg":"No holdings to sync (angelone)","userId":41},"message":"API Request Completed","timestamp":"2026-01-27 13:59:44"}
{"level":"info","url":"/api/order/user/common/holding","method":"GET","status":true,"userId":41,"data":{"msg":"No holdings to sync (angelone)","userId":41},"message":"API Request Completed","timestamp":"2026-01-27 14:01:13"}
{"level":"info","url":"/api/order/user/common/holding","method":"GET","status":true,"userId":41,"data":{"msg":"No holdings to sync (angelone)","userId":41},"message":"API Request Completed","timestamp":"2026-01-27 14:01:17"}
{"level":"info","url":"/api/order/user/common/holding","method":"GET","status":true,"userId":23,"data":{"msg":"upstoxHoldingFun called (not implemented)","userId":23,"broker":"upstox"},"message":"API Request Completed","timestamp":"2026-01-27 14:20:30"}
