{"level":"info","url":"/api/agnelone/instrumentnew","method":"GET","status":true,"userId":null,"data":{"msg":"Merged instruments request started","requestId":"7d6d11fc-75e1-4f39-91e2-7e6a1e9bdcd8","redisKey":"merged_instruments_new"},"message":"API Request Completed","timestamp":"2025-12-18 08:30:56"}
{"level":"info","url":"/api/agnelone/instrumentnew","method":"GET","status":true,"userId":null,"data":{"msg":"Cache miss; fetching all sources","requestId":"7d6d11fc-75e1-4f39-91e2-7e6a1e9bdcd8"},"message":"API Request Completed","timestamp":"2025-12-18 08:30:56"}
{"level":"info","url":"/api/agnelone/instrumentnew","method":"GET","status":true,"userId":null,"data":{"msg":"Fetched instruments from all sources","requestId":"7d6d11fc-75e1-4f39-91e2-7e6a1e9bdcd8","durationMs":10117,"counts":{"angelone":161475,"kite":124971,"finvasia":140405,"upstox":136386,"fyers":160790}},"message":"API Request Completed","timestamp":"2025-12-18 08:31:06"}
{"level":"info","url":"/api/agnelone/instrumentnew","method":"GET","status":true,"userId":null,"data":{"msg":"Lookup maps built","requestId":"7d6d11fc-75e1-4f39-91e2-7e6a1e9bdcd8","durationMs":461,"mapSizes":{"kiteTokenMap":115985,"finByToken":140405,"finBySymbolKey":140403,"upsByToken":127270,"upsBySymbolKey":136371,"fyByToken":160790,"fyBySymbolKey":160789}},"message":"API Request Completed","timestamp":"2025-12-18 08:31:07"}
{"level":"info","url":"/api/agnelone/instrumentnew","method":"GET","status":true,"userId":null,"data":{"msg":"AngelOne rows merged","requestId":"7d6d11fc-75e1-4f39-91e2-7e6a1e9bdcd8","durationMs":2580,"mergedAngelCount":161475},"message":"API Request Completed","timestamp":"2025-12-18 08:31:09"}
{"level":"info","url":"/api/agnelone/instrumentnew","method":"GET","status":true,"userId":null,"data":{"msg":"Finvasia-only rows prepared","requestId":"7d6d11fc-75e1-4f39-91e2-7e6a1e9bdcd8","durationMs":102,"finvasiaOnlyCount":43115},"message":"API Request Completed","timestamp":"2025-12-18 08:31:09"}
{"level":"info","url":"/api/agnelone/instrumentnew","method":"GET","status":true,"userId":null,"data":{"msg":"Merged instruments cached in Redis","requestId":"7d6d11fc-75e1-4f39-91e2-7e6a1e9bdcd8","durationMs":833,"ttlSeconds":36000,"mergedCount":204590,"payloadSizeBytes":105081453},"message":"API Request Completed","timestamp":"2025-12-18 08:31:11"}
{"level":"info","url":"/api/agnelone/instrumentnew","method":"GET","status":true,"userId":null,"data":{"msg":"Merged instruments request completed","requestId":"7d6d11fc-75e1-4f39-91e2-7e6a1e9bdcd8","totalDurationMs":14703,"mergedCount":204590},"message":"API Request Completed","timestamp":"2025-12-18 08:31:11"}
{"level":"info","url":"/api/admin/tokenstatussummary","method":"GET","status":true,"userId":null,"data":{"msg":"Token status summary request received","now":"2025-12-18T03:01:16.109Z"},"message":"API Request Completed","timestamp":"2025-12-18 08:31:16"}
{"level":"info","url":"/api/admin/tokenstatussummary","method":"GET","status":true,"userId":null,"data":{"msg":"Auto-expiring AngelOne login users if expiry passed","criteria":{"angelLoginUser":true,"role":"user","expiryLtNow":"2025-12-18T03:01:16.109Z"}},"message":"API Request Completed","timestamp":"2025-12-18 08:31:16"}
{"level":"info","url":"/api/admin/tokenstatussummary","method":"GET","status":true,"userId":null,"data":{"msg":"AngelOne login auto-expire update completed","expiredCount":2},"message":"API Request Completed","timestamp":"2025-12-18 08:31:16"}
{"level":"info","url":"/api/admin/tokenstatussummary","method":"GET","status":true,"userId":null,"data":{"msg":"Fetching users with active AngelOne login"},"message":"API Request Completed","timestamp":"2025-12-18 08:31:16"}
{"level":"info","url":"/api/admin/tokenstatussummary","method":"GET","status":true,"userId":null,"data":{"msg":"Fetched generated users","count":0},"message":"API Request Completed","timestamp":"2025-12-18 08:31:16"}
{"level":"info","url":"/api/admin/tokenstatussummary","method":"GET","status":true,"userId":null,"data":{"msg":"Fetching users without AngelOne login"},"message":"API Request Completed","timestamp":"2025-12-18 08:31:16"}
{"level":"info","url":"/api/admin/tokenstatussummary","method":"GET","status":true,"userId":null,"data":{"msg":"Fetched non-generated users","count":16},"message":"API Request Completed","timestamp":"2025-12-18 08:31:16"}
{"level":"info","url":"/api/admin/tokenstatussummary","method":"GET","status":true,"userId":null,"data":{"msg":"Token status summary prepared successfully","generatedCount":0,"notGeneratedCount":16},"message":"API Request Completed","timestamp":"2025-12-18 08:31:16"}
{"level":"info","url":"/api/agnelone/instrumentnew","method":"GET","status":true,"userId":null,"data":{"msg":"Merged instruments request started","requestId":"95c787ac-c999-463b-9598-80f9fd4f31d3","redisKey":"merged_instruments_new"},"message":"API Request Completed","timestamp":"2025-12-18 08:31:17"}
{"level":"info","url":"/api/agnelone/instrumentnew","method":"GET","status":true,"userId":null,"data":{"msg":"Merged instruments served from Redis cache (direct)","requestId":"95c787ac-c999-463b-9598-80f9fd4f31d3","cache":true,"durationMs":328,"payloadSizeBytes":105081453},"message":"API Request Completed","timestamp":"2025-12-18 08:31:17"}
{"level":"info","url":"/api/admin/tokenstatussummary","method":"GET","status":true,"userId":null,"data":{"msg":"Token status summary request received","now":"2025-12-18T03:01:20.062Z"},"message":"API Request Completed","timestamp":"2025-12-18 08:31:20"}
{"level":"info","url":"/api/admin/tokenstatussummary","method":"GET","status":true,"userId":null,"data":{"msg":"Auto-expiring AngelOne login users if expiry passed","criteria":{"angelLoginUser":true,"role":"user","expiryLtNow":"2025-12-18T03:01:20.062Z"}},"message":"API Request Completed","timestamp":"2025-12-18 08:31:20"}
{"level":"info","url":"/api/admin/tokenstatussummary","method":"GET","status":true,"userId":null,"data":{"msg":"AngelOne login auto-expire update completed","expiredCount":0},"message":"API Request Completed","timestamp":"2025-12-18 08:31:20"}
{"level":"info","url":"/api/admin/tokenstatussummary","method":"GET","status":true,"userId":null,"data":{"msg":"Fetching users with active AngelOne login"},"message":"API Request Completed","timestamp":"2025-12-18 08:31:20"}
{"level":"info","url":"/api/admin/tokenstatussummary","method":"GET","status":true,"userId":null,"data":{"msg":"Fetched generated users","count":0},"message":"API Request Completed","timestamp":"2025-12-18 08:31:20"}
{"level":"info","url":"/api/admin/tokenstatussummary","method":"GET","status":true,"userId":null,"data":{"msg":"Fetching users without AngelOne login"},"message":"API Request Completed","timestamp":"2025-12-18 08:31:20"}
{"level":"info","url":"/api/admin/tokenstatussummary","method":"GET","status":true,"userId":null,"data":{"msg":"Fetched non-generated users","count":16},"message":"API Request Completed","timestamp":"2025-12-18 08:31:20"}
{"level":"info","url":"/api/admin/tokenstatussummary","method":"GET","status":true,"userId":null,"data":{"msg":"Token status summary prepared successfully","generatedCount":0,"notGeneratedCount":16},"message":"API Request Completed","timestamp":"2025-12-18 08:31:20"}
{"level":"info","url":"/api/agnelone/instrumentnew","method":"GET","status":true,"userId":null,"data":{"msg":"Merged instruments request started","requestId":"6e14a84b-8c6d-4e09-8e1b-9465e057ef0b","redisKey":"merged_instruments_new"},"message":"API Request Completed","timestamp":"2025-12-18 08:31:20"}
{"level":"info","url":"/api/agnelone/instrumentnew","method":"GET","status":true,"userId":null,"data":{"msg":"Merged instruments served from Redis cache (direct)","requestId":"6e14a84b-8c6d-4e09-8e1b-9465e057ef0b","cache":true,"durationMs":110,"payloadSizeBytes":105081453},"message":"API Request Completed","timestamp":"2025-12-18 08:31:21"}
{"level":"info","url":"/api/admin/tokenstatussummary","method":"GET","status":true,"userId":null,"data":{"msg":"Token status summary request received","now":"2025-12-18T03:01:37.397Z"},"message":"API Request Completed","timestamp":"2025-12-18 08:31:37"}
{"level":"info","url":"/api/admin/tokenstatussummary","method":"GET","status":true,"userId":null,"data":{"msg":"Auto-expiring AngelOne login users if expiry passed","criteria":{"angelLoginUser":true,"role":"user","expiryLtNow":"2025-12-18T03:01:37.397Z"}},"message":"API Request Completed","timestamp":"2025-12-18 08:31:37"}
{"level":"info","url":"/api/admin/tokenstatussummary","method":"GET","status":true,"userId":null,"data":{"msg":"AngelOne login auto-expire update completed","expiredCount":0},"message":"API Request Completed","timestamp":"2025-12-18 08:31:37"}
{"level":"info","url":"/api/admin/tokenstatussummary","method":"GET","status":true,"userId":null,"data":{"msg":"Fetching users with active AngelOne login"},"message":"API Request Completed","timestamp":"2025-12-18 08:31:37"}
{"level":"info","url":"/api/admin/tokenstatussummary","method":"GET","status":true,"userId":null,"data":{"msg":"Fetched generated users","count":0},"message":"API Request Completed","timestamp":"2025-12-18 08:31:37"}
{"level":"info","url":"/api/admin/tokenstatussummary","method":"GET","status":true,"userId":null,"data":{"msg":"Fetching users without AngelOne login"},"message":"API Request Completed","timestamp":"2025-12-18 08:31:37"}
{"level":"info","url":"/api/admin/tokenstatussummary","method":"GET","status":true,"userId":null,"data":{"msg":"Fetched non-generated users","count":16},"message":"API Request Completed","timestamp":"2025-12-18 08:31:37"}
{"level":"info","url":"/api/admin/tokenstatussummary","method":"GET","status":true,"userId":null,"data":{"msg":"Token status summary prepared successfully","generatedCount":0,"notGeneratedCount":16},"message":"API Request Completed","timestamp":"2025-12-18 08:31:37"}
{"level":"info","url":"/api/agnelone/instrumentnew","method":"GET","status":true,"userId":null,"data":{"msg":"Merged instruments request started","requestId":"200d9d09-1fd1-48c0-99fe-5378a2f3f501","redisKey":"merged_instruments_new"},"message":"API Request Completed","timestamp":"2025-12-18 08:31:38"}
{"level":"info","url":"/api/agnelone/instrumentnew","method":"GET","status":true,"userId":null,"data":{"msg":"Merged instruments served from Redis cache (direct)","requestId":"200d9d09-1fd1-48c0-99fe-5378a2f3f501","cache":true,"durationMs":157,"payloadSizeBytes":105081453},"message":"API Request Completed","timestamp":"2025-12-18 08:31:38"}
{"level":"info","url":"/api/admin/tokenstatussummary","method":"GET","status":true,"userId":null,"data":{"msg":"Token status summary request received","now":"2025-12-18T03:01:47.174Z"},"message":"API Request Completed","timestamp":"2025-12-18 08:31:47"}
{"level":"info","url":"/api/admin/tokenstatussummary","method":"GET","status":true,"userId":null,"data":{"msg":"Auto-expiring AngelOne login users if expiry passed","criteria":{"angelLoginUser":true,"role":"user","expiryLtNow":"2025-12-18T03:01:47.174Z"}},"message":"API Request Completed","timestamp":"2025-12-18 08:31:47"}
{"level":"info","url":"/api/admin/tokenstatussummary","method":"GET","status":true,"userId":null,"data":{"msg":"AngelOne login auto-expire update completed","expiredCount":0},"message":"API Request Completed","timestamp":"2025-12-18 08:31:47"}
{"level":"info","url":"/api/admin/tokenstatussummary","method":"GET","status":true,"userId":null,"data":{"msg":"Fetching users with active AngelOne login"},"message":"API Request Completed","timestamp":"2025-12-18 08:31:47"}
{"level":"info","url":"/api/admin/tokenstatussummary","method":"GET","status":true,"userId":null,"data":{"msg":"Fetched generated users","count":0},"message":"API Request Completed","timestamp":"2025-12-18 08:31:47"}
{"level":"info","url":"/api/admin/tokenstatussummary","method":"GET","status":true,"userId":null,"data":{"msg":"Fetching users without AngelOne login"},"message":"API Request Completed","timestamp":"2025-12-18 08:31:47"}
{"level":"info","url":"/api/admin/tokenstatussummary","method":"GET","status":true,"userId":null,"data":{"msg":"Fetched non-generated users","count":16},"message":"API Request Completed","timestamp":"2025-12-18 08:31:47"}
{"level":"info","url":"/api/admin/tokenstatussummary","method":"GET","status":true,"userId":null,"data":{"msg":"Token status summary prepared successfully","generatedCount":0,"notGeneratedCount":16},"message":"API Request Completed","timestamp":"2025-12-18 08:31:47"}
{"level":"info","url":"/api/agnelone/instrumentnew","method":"GET","status":true,"userId":null,"data":{"msg":"Merged instruments request started","requestId":"1057eda3-ec68-42c3-9bfb-b6e73f5e4b60","redisKey":"merged_instruments_new"},"message":"API Request Completed","timestamp":"2025-12-18 08:31:48"}
{"level":"info","url":"/api/agnelone/instrumentnew","method":"GET","status":true,"userId":null,"data":{"msg":"Merged instruments served from Redis cache (direct)","requestId":"1057eda3-ec68-42c3-9bfb-b6e73f5e4b60","cache":true,"durationMs":148,"payloadSizeBytes":105081453},"message":"API Request Completed","timestamp":"2025-12-18 08:31:48"}
{"level":"info","url":"/api/admin/tokenstatussummary","method":"GET","status":true,"userId":null,"data":{"msg":"Token status summary request received","now":"2025-12-18T03:01:51.748Z"},"message":"API Request Completed","timestamp":"2025-12-18 08:31:51"}
{"level":"info","url":"/api/admin/tokenstatussummary","method":"GET","status":true,"userId":null,"data":{"msg":"Auto-expiring AngelOne login users if expiry passed","criteria":{"angelLoginUser":true,"role":"user","expiryLtNow":"2025-12-18T03:01:51.748Z"}},"message":"API Request Completed","timestamp":"2025-12-18 08:31:51"}
{"level":"info","url":"/api/admin/tokenstatussummary","method":"GET","status":true,"userId":null,"data":{"msg":"AngelOne login auto-expire update completed","expiredCount":0},"message":"API Request Completed","timestamp":"2025-12-18 08:31:51"}
{"level":"info","url":"/api/admin/tokenstatussummary","method":"GET","status":true,"userId":null,"data":{"msg":"Fetching users with active AngelOne login"},"message":"API Request Completed","timestamp":"2025-12-18 08:31:51"}
{"level":"info","url":"/api/admin/tokenstatussummary","method":"GET","status":true,"userId":null,"data":{"msg":"Fetched generated users","count":0},"message":"API Request Completed","timestamp":"2025-12-18 08:31:51"}
{"level":"info","url":"/api/admin/tokenstatussummary","method":"GET","status":true,"userId":null,"data":{"msg":"Fetching users without AngelOne login"},"message":"API Request Completed","timestamp":"2025-12-18 08:31:51"}
{"level":"info","url":"/api/admin/tokenstatussummary","method":"GET","status":true,"userId":null,"data":{"msg":"Fetched non-generated users","count":16},"message":"API Request Completed","timestamp":"2025-12-18 08:31:51"}
{"level":"info","url":"/api/admin/tokenstatussummary","method":"GET","status":true,"userId":null,"data":{"msg":"Token status summary prepared successfully","generatedCount":0,"notGeneratedCount":16},"message":"API Request Completed","timestamp":"2025-12-18 08:31:51"}
{"level":"info","url":"/api/agnelone/instrumentnew","method":"GET","status":true,"userId":null,"data":{"msg":"Merged instruments request started","requestId":"4114fddb-6aea-45af-9936-b591efde7e11","redisKey":"merged_instruments_new"},"message":"API Request Completed","timestamp":"2025-12-18 08:31:52"}
{"level":"info","url":"/api/agnelone/instrumentnew","method":"GET","status":true,"userId":null,"data":{"msg":"Merged instruments served from Redis cache (direct)","requestId":"4114fddb-6aea-45af-9936-b591efde7e11","cache":true,"durationMs":193,"payloadSizeBytes":105081453},"message":"API Request Completed","timestamp":"2025-12-18 08:31:52"}
{"level":"info","url":"/api/agnelone/instrumentnew","method":"GET","status":true,"userId":null,"data":{"msg":"Merged instruments request started","requestId":"2bf6e2a7-e684-42f1-9d18-7e3da91cb079","redisKey":"merged_instruments_new"},"message":"API Request Completed","timestamp":"2025-12-18 08:36:42"}
{"level":"info","url":"/api/agnelone/instrumentnew","method":"GET","status":true,"userId":null,"data":{"msg":"Merged instruments served from Redis cache (direct)","requestId":"2bf6e2a7-e684-42f1-9d18-7e3da91cb079","cache":true,"durationMs":186,"payloadSizeBytes":105081453},"message":"API Request Completed","timestamp":"2025-12-18 08:36:42"}
{"level":"info","url":"/api/agnelone/instrumentnew","method":"GET","status":true,"userId":null,"data":{"msg":"Merged instruments request started","requestId":"f286f824-63ce-44c3-8afc-7b3d149fd120","redisKey":"merged_instruments_new"},"message":"API Request Completed","timestamp":"2025-12-18 08:38:17"}
{"level":"info","url":"/api/agnelone/instrumentnew","method":"GET","status":true,"userId":null,"data":{"msg":"Merged instruments served from Redis cache (direct)","requestId":"f286f824-63ce-44c3-8afc-7b3d149fd120","cache":true,"durationMs":170,"payloadSizeBytes":105081453},"message":"API Request Completed","timestamp":"2025-12-18 08:38:17"}
