{"level":"info","url":"/api/admin/multiple/place/order","method":"POST","status":true,"userId":null,"data":{"msg":"Processing user for broker order","userId":4,"brokerName":"angelone"},"message":"API Request Completed","timestamp":"2026-01-08 14:56:36"}
{"level":"info","url":"/api/admin/multiple/place/order","method":"POST","status":true,"userId":null,"data":{"msg":"Temp BUY order created in DB","tempOrderId":889,"quantity":"20"},"message":"API Request Completed","timestamp":"2026-01-08 14:56:36"}
{"level":"info","url":"/api/admin/multiple/place/order","method":"POST","status":true,"userId":null,"data":{"msg":"AngelOne API call success: order placed","orderType":"BUY","tempOrderId":889},"message":"API Request Completed","timestamp":"2026-01-08 14:56:36"}
{"level":"info","url":"/api/admin/multiple/place/order","method":"POST","status":true,"userId":null,"data":{"msg":"AngelOne order successfully registered in DB","orderid":"260108001085246","uniqueOrderId":"a753c1a3-61e3-45a9-b0b6-9b8fee6a4444"},"message":"API Request Completed","timestamp":"2026-01-08 14:56:36"}
{"level":"info","url":"/api/admin/multiple/place/order","method":"POST","status":true,"userId":null,"data":{"msg":"AngelOne details poll","uniqueOrderId":"a753c1a3-61e3-45a9-b0b6-9b8fee6a4444","poll":1,"status":"complete"},"message":"API Request Completed","timestamp":"2026-01-08 14:56:36"}
{"level":"info","url":"/api/admin/multiple/place/order","method":"POST","status":true,"userId":null,"data":{"msg":"AngelOne tradebook retry","attempt":1,"tradesCount":1,"totalQty":0,"expectedQty":20},"message":"API Request Completed","timestamp":"2026-01-08 14:56:36"}
{"level":"info","url":"/api/admin/multiple/place/order","method":"POST","status":true,"userId":null,"data":{"msg":"AngelOne tradebook retry","attempt":2,"tradesCount":1,"totalQty":0,"expectedQty":20},"message":"API Request Completed","timestamp":"2026-01-08 14:56:37"}
{"level":"info","url":"/api/admin/multiple/place/order","method":"POST","status":true,"userId":null,"data":{"msg":"AngelOne tradebook retry","attempt":3,"tradesCount":1,"totalQty":0,"expectedQty":20},"message":"API Request Completed","timestamp":"2026-01-08 14:56:38"}
{"level":"error","url":"/api/admin/multiple/place/order","method":"POST","status":false,"userId":null,"data":{"msg":"AngelOne tradebook retry failed","attempt":4,"extracted":{"status":403,"msg":"Access denied because of exceeding access rate","data":"Access denied because of exceeding access rate"}},"message":"Request failed with status code 403","timestamp":"2026-01-08 14:56:38"}
{"level":"info","url":"/api/admin/multiple/place/order","method":"POST","status":true,"userId":null,"data":{"msg":"AngelOne tradebook retry","attempt":5,"tradesCount":1,"totalQty":0,"expectedQty":20},"message":"API Request Completed","timestamp":"2026-01-08 14:56:45"}
{"level":"info","url":"/api/admin/multiple/place/order","method":"POST","status":true,"userId":null,"data":{"msg":"All broker promises settled","total":1},"message":"API Request Completed","timestamp":"2026-01-08 14:56:46"}
{"level":"info","url":"/api/admin/multiple/place/order","method":"POST","status":true,"userId":null,"data":{"msg":"Emitting order update event"},"message":"API Request Completed","timestamp":"2026-01-08 14:56:46"}





{"level":"info","url":"/api/admin/multiple/place/order","method":"POST","status":true,"userId":null,"data":{"msg":"Processing user for broker order","userId":4,"brokerName":"angelone"},"message":"API Request Completed","timestamp":"2026-01-08 15:25:14"}
{"level":"info","url":"/api/admin/multiple/place/order","method":"POST","status":true,"userId":null,"data":{"msg":"Temp BUY order created in DB","tempOrderId":912,"quantity":"160"},"message":"API Request Completed","timestamp":"2026-01-08 15:25:14"}
{"level":"info","url":"/api/admin/multiple/place/order","method":"POST","status":true,"userId":null,"data":{"msg":"incoming data","body":{"token":"1160271","symbol":"SENSEX2610884200CE","name":"SENSEX","instrumenttype":"OPTIDX","exch_seg":"BFO","lotsize":160,"quantity":160,"transactiontype":"BUY","duration":"DAY","orderType":"MARKET","variety":"NORMAL","price":0.3,"stoploss":0,"squareoff":0,"productType":"CARRYFORWARD","strategyId":"18","groupName":"manish","angelOneToken":"1160271","angelOneSymbol":"SENSEX2610884200CE","kiteToken":"1160271","kiteSymbol":"SENSEX2610884200CE","finavasiaToken":null,"finavasiaSymbol":null,"fyersToken":null,"fyersSymbol":null,"upstoxToken":"1160271","upstoxSymbol":"SENSEX 84200 CE 08 JAN 26","growToken":"","growSymbol":"","strategyUniqueId":"360a929b_manish"}},"message":"API Request Completed","timestamp":"2026-01-08 15:25:14"}
{"level":"info","url":"/api/admin/multiple/place/order","method":"POST","status":true,"userId":null,"data":{"msg":"AngelOne API call success: order placed","orderType":"BUY","tempOrderId":912},"message":"API Request Completed","timestamp":"2026-01-08 15:25:15"}
{"level":"info","url":"/api/admin/multiple/place/order","method":"POST","status":true,"userId":null,"data":{"msg":"AngelOne order successfully registered in DB","orderid":"260108001203974","uniqueOrderId":"f137a3eb-8083-45e8-add8-cf1744f94bdd"},"message":"API Request Completed","timestamp":"2026-01-08 15:25:15"}
{"level":"info","url":"/api/admin/multiple/place/order","method":"POST","status":true,"userId":null,"data":{"msg":"AngelOne details poll","uniqueOrderId":"f137a3eb-8083-45e8-add8-cf1744f94bdd","poll":1,"status":"complete"},"message":"API Request Completed","timestamp":"2026-01-08 15:25:15"}
{"level":"info","url":"/api/admin/multiple/place/order","method":"POST","status":true,"userId":null,"data":{"msg":"AngelOne tradebook retry","attempt":1,"tradesCount":3,"totalQty":200,"expectedQty":160},"message":"API Request Completed","timestamp":"2026-01-08 15:25:16"}
{"level":"info","url":"/api/admin/multiple/place/order","method":"POST","status":true,"userId":null,"data":{"msg":"All broker promises settled","total":1},"message":"API Request Completed","timestamp":"2026-01-08 15:25:16"}
{"level":"info","url":"/api/admin/multiple/place/order","method":"POST","status":true,"userId":null,"data":{"msg":"Emitting order update event"},"message":"API Request Completed","timestamp":"2026-01-08 15:25:16"}
{"level":"error","url":"/api/admin/getall/holdingdata","method":"GET","status":false,"userId":null,"data":{"msg":"finavasiaHoldingFun failed","userId":23,"broker":"finvasia","errorStatus":401},"message":"Request failed with status code 401","timestamp":"2026-01-08 17:01:19"}
{"level":"info","url":"/api/admin/getall/holdingdata","method":"GET","status":true,"userId":null,"data":{"msg":"No holdings to sync (angelone)","userId":4},"message":"API Request Completed","timestamp":"2026-01-08 17:01:19"}
{"level":"error","url":"/api/admin/getall/holdingdata","method":"GET","status":false,"userId":null,"data":{"msg":"kiteHoldingFun failed","userId":3,"broker":"kite","errorStatus":403},"message":"Request failed with status code 403","timestamp":"2026-01-08 17:01:19"}
{"level":"error","url":"/api/admin/getall/holdingdata","method":"GET","status":false,"userId":null,"data":{"msg":"kiteHoldingFun failed","userId":11,"broker":"kite","errorStatus":403},"message":"Request failed with status code 403","timestamp":"2026-01-08 17:01:19"}
{"level":"error","url":"/api/admin/getall/holdingdata","method":"GET","status":false,"userId":null,"data":{"msg":"kiteHoldingFun failed","userId":21,"broker":"kite","errorStatus":403},"message":"Request failed with status code 403","timestamp":"2026-01-08 17:01:19"}
{"level":"error","url":"/api/admin/getall/holdingdata","method":"GET","status":false,"userId":null,"data":{"msg":"kiteHoldingFun failed","userId":3,"broker":"kite","errorStatus":403},"message":"Request failed with status code 403","timestamp":"2026-01-08 19:42:15"}
{"level":"error","url":"/api/admin/getall/holdingdata","method":"GET","status":false,"userId":null,"data":{"msg":"kiteHoldingFun failed","userId":21,"broker":"kite","errorStatus":403},"message":"Request failed with status code 403","timestamp":"2026-01-08 19:42:15"}
{"level":"error","url":"/api/admin/getall/holdingdata","method":"GET","status":false,"userId":null,"data":{"msg":"kiteHoldingFun failed","userId":11,"broker":"kite","errorStatus":403},"message":"Request failed with status code 403","timestamp":"2026-01-08 19:42:15"}
{"level":"info","url":"/api/admin/getall/holdingdata","method":"GET","status":true,"userId":null,"data":{"msg":"No holdings to sync (angelone)","userId":4},"message":"API Request Completed","timestamp":"2026-01-08 19:42:15"}
{"level":"error","url":"/api/admin/getall/holdingdata","method":"GET","status":false,"userId":null,"data":{"msg":"finavasiaHoldingFun failed","userId":23,"broker":"finvasia","errorStatus":401},"message":"Request failed with status code 401","timestamp":"2026-01-08 19:42:15"}
{"level":"error","url":"/api/admin/getall/holdingdata","method":"GET","status":false,"userId":null,"data":{"msg":"kiteHoldingFun failed","userId":11,"broker":"kite","errorStatus":403},"message":"Request failed with status code 403","timestamp":"2026-01-08 19:53:16"}
{"level":"error","url":"/api/admin/getall/holdingdata","method":"GET","status":false,"userId":null,"data":{"msg":"kiteHoldingFun failed","userId":3,"broker":"kite","errorStatus":403},"message":"Request failed with status code 403","timestamp":"2026-01-08 19:53:16"}
{"level":"error","url":"/api/admin/getall/holdingdata","method":"GET","status":false,"userId":null,"data":{"msg":"kiteHoldingFun failed","userId":21,"broker":"kite","errorStatus":403},"message":"Request failed with status code 403","timestamp":"2026-01-08 19:53:16"}
{"level":"info","url":"/api/admin/getall/holdingdata","method":"GET","status":true,"userId":null,"data":{"msg":"No holdings to sync (angelone)","userId":4},"message":"API Request Completed","timestamp":"2026-01-08 19:53:16"}
{"level":"error","url":"/api/admin/getall/holdingdata","method":"GET","status":false,"userId":null,"data":{"msg":"finavasiaHoldingFun failed","userId":23,"broker":"finvasia","errorStatus":401},"message":"Request failed with status code 401","timestamp":"2026-01-08 19:53:16"}
{"level":"error","url":"/api/admin/getall/holdingdata","method":"GET","status":false,"userId":null,"data":{"msg":"finavasiaHoldingFun failed","userId":23,"broker":"finvasia","errorStatus":401},"message":"Request failed with status code 401","timestamp":"2026-01-08 19:54:29"}
{"level":"info","url":"/api/admin/getall/holdingdata","method":"GET","status":true,"userId":null,"data":{"msg":"No holdings to sync (angelone)","userId":4},"message":"API Request Completed","timestamp":"2026-01-08 19:54:29"}
{"level":"error","url":"/api/admin/getall/holdingdata","method":"GET","status":false,"userId":null,"data":{"msg":"kiteHoldingFun failed","userId":21,"broker":"kite","errorStatus":403},"message":"Request failed with status code 403","timestamp":"2026-01-08 19:54:29"}
{"level":"error","url":"/api/admin/getall/holdingdata","method":"GET","status":false,"userId":null,"data":{"msg":"kiteHoldingFun failed","userId":11,"broker":"kite","errorStatus":403},"message":"Request failed with status code 403","timestamp":"2026-01-08 19:54:29"}
{"level":"error","url":"/api/admin/getall/holdingdata","method":"GET","status":false,"userId":null,"data":{"msg":"kiteHoldingFun failed","userId":3,"broker":"kite","errorStatus":403},"message":"Request failed with status code 403","timestamp":"2026-01-08 19:54:29"}
