{"level":"info","url":"","method":"","status":true,"userId":null,"data":"All broker instruments fetched successfully","message":"API Request Completed","timestamp":"2026-01-17 11:23:53"}
{"level":"info","url":"","method":"","status":true,"userId":null,"data":"============== Duration: 37594ms ==============","message":"API Request Completed","timestamp":"2026-01-17 11:23:58"}
{"level":"info","url":"","method":"","status":true,"userId":null,"data":"✔️ Worker completed — exiting...","message":"API Request Completed","timestamp":"2026-01-17 11:23:58"}
{"level":"info","url":"/api/admin/cache/merged/clear","method":"GET","status":true,"userId":null,"data":{"msg":"Merged instruments Redis cache deleted","redisKey":"merged_instruments_new","cacheType":"new","deletedAtIST":"17/1/2026, 11:29:43 am","existedBefore":true,"ttlBefore":53654,"deleted":true},"message":"API Request Completed","timestamp":"2026-01-17 11:29:43"}
{"level":"info","url":"/api/admin/cache/merged/clear","method":"GET","status":true,"userId":null,"data":{"msg":"Merged instruments Redis cache deleted","redisKey":"merged_instruments_new","cacheType":"new","deletedAtIST":"17/1/2026, 11:29:45 am","existedBefore":false,"ttlBefore":-2,"deleted":false},"message":"API Request Completed","timestamp":"2026-01-17 11:29:45"}
{"level":"info","url":"","method":"","status":true,"userId":null,"data":"All broker instruments fetched successfully","message":"API Request Completed","timestamp":"2026-01-17 11:30:26"}
{"level":"info","url":"","method":"","status":true,"userId":null,"data":"============== Duration: 37002ms ==============","message":"API Request Completed","timestamp":"2026-01-17 11:30:30"}
{"level":"info","url":"","method":"","status":true,"userId":null,"data":"✔️ Worker completed — exiting...","message":"API Request Completed","timestamp":"2026-01-17 11:30:30"}
{"level":"info","url":"/api/admin/cache/merged/clear","method":"GET","status":true,"userId":null,"data":{"msg":"Merged instruments Redis cache deleted","redisKey":"merged_instruments_new","cacheType":"new","deletedAtIST":"17/1/2026, 11:44:08 am","existedBefore":true,"ttlBefore":53182,"deleted":true},"message":"API Request Completed","timestamp":"2026-01-17 11:44:08"}
{"level":"info","url":"/api/admin/cache/merged/clear","method":"GET","status":true,"userId":null,"data":{"msg":"Merged instruments Redis cache deleted","redisKey":"merged_instruments_new","cacheType":"new","deletedAtIST":"17/1/2026, 11:44:10 am","existedBefore":false,"ttlBefore":-2,"deleted":false},"message":"API Request Completed","timestamp":"2026-01-17 11:44:10"}
{"level":"info","url":"","method":"","status":true,"userId":null,"data":"Broker instrument fetching started!","message":"API Request Completed","timestamp":"2026-01-17 11:44:18"}
{"level":"info","url":"","method":"","status":true,"userId":null,"data":"All broker instruments fetched successfully","message":"API Request Completed","timestamp":"2026-01-17 11:45:01"}
{"level":"info","url":"","method":"","status":true,"userId":null,"data":"Groww instrument map done!","message":"API Request Completed","timestamp":"2026-01-17 11:45:01"}
{"level":"info","url":"","method":"","status":true,"userId":null,"data":"Kite instrument map done!","message":"API Request Completed","timestamp":"2026-01-17 11:45:01"}
{"level":"info","url":"","method":"","status":true,"userId":null,"data":"Finvasia instrument map done!","message":"API Request Completed","timestamp":"2026-01-17 11:45:01"}
{"level":"info","url":"","method":"","status":true,"userId":null,"data":"Upstox instrument map done!","message":"API Request Completed","timestamp":"2026-01-17 11:45:01"}
{"level":"info","url":"","method":"","status":true,"userId":null,"data":"Fyers instrument map done!","message":"API Request Completed","timestamp":"2026-01-17 11:45:02"}
{"level":"info","url":"","method":"","status":true,"userId":null,"data":"141434 Fyers matches found","message":"API Request Completed","timestamp":"2026-01-17 11:45:04"}
{"level":"info","url":"","method":"","status":true,"userId":null,"data":"Match instrument done!","message":"API Request Completed","timestamp":"2026-01-17 11:45:04"}
{"level":"info","url":"","method":"","status":true,"userId":null,"data":"Merge instrument done!","message":"API Request Completed","timestamp":"2026-01-17 11:45:04"}
{"level":"info","url":"","method":"","status":true,"userId":null,"data":"Final merged instruments: 243855 records","message":"API Request Completed","timestamp":"2026-01-17 11:45:04"}
{"level":"info","url":"","method":"","status":true,"userId":null,"data":"Payload stringify instrument running...","message":"API Request Completed","timestamp":"2026-01-17 11:45:04"}
{"level":"info","url":"","method":"","status":true,"userId":null,"data":"Payload stringify instrument done!","message":"API Request Completed","timestamp":"2026-01-17 11:45:05"}
{"level":"info","url":"","method":"","status":true,"userId":null,"data":"============== Duration: 49228ms ==============","message":"API Request Completed","timestamp":"2026-01-17 11:45:07"}
{"level":"info","url":"","method":"","status":true,"userId":null,"data":"✔️ Worker completed successfully!","message":"API Request Completed","timestamp":"2026-01-17 11:45:07"}
{"level":"info","url":"/api/agnelone/instrumentnew","method":"GET","status":true,"userId":null,"data":{"msg":"Merged instruments request started","requestId":"3e72f670-c3ad-4502-9a92-571971845c91","redisKey":"merged_instruments_new"},"message":"API Request Completed","timestamp":"2026-01-17 11:55:30"}
{"level":"info","url":"/api/agnelone/instrumentnew","method":"GET","status":true,"userId":null,"data":{"msg":"Redis TTL checked for merged instruments","requestId":"3e72f670-c3ad-4502-9a92-571971845c91","ttlSeconds":53377},"message":"API Request Completed","timestamp":"2026-01-17 11:55:30"}
{"level":"info","url":"/api/agnelone/instrumentnew","method":"GET","status":true,"userId":null,"data":{"msg":"Merged instruments served from Redis cache","requestId":"3e72f670-c3ad-4502-9a92-571971845c91","cache":true,"durationMs":147,"payloadSizeBytes":18044603},"message":"API Request Completed","timestamp":"2026-01-17 11:55:30"}
{"level":"info","url":"/api/admin/cache/merged/clear","method":"GET","status":true,"userId":null,"data":{"msg":"Merged instruments Redis cache deleted","redisKey":"merged_instruments_new","cacheType":"new","deletedAtIST":"17/1/2026, 12:03:03 pm","existedBefore":true,"ttlBefore":52925,"deleted":true},"message":"API Request Completed","timestamp":"2026-01-17 12:03:03"}
{"level":"info","url":"/api/admin/cache/merged/clear","method":"GET","status":true,"userId":null,"data":{"msg":"Merged instruments Redis cache deleted","redisKey":"merged_instruments_new","cacheType":"new","deletedAtIST":"17/1/2026, 12:03:05 pm","existedBefore":false,"ttlBefore":-2,"deleted":false},"message":"API Request Completed","timestamp":"2026-01-17 12:03:05"}
{"level":"info","url":"/api/admin/cache/merged/clear","method":"GET","status":true,"userId":null,"data":{"msg":"Merged instruments Redis cache deleted","redisKey":"merged_instruments_new","cacheType":"new","deletedAtIST":"17/1/2026, 12:03:06 pm","existedBefore":false,"ttlBefore":-2,"deleted":false},"message":"API Request Completed","timestamp":"2026-01-17 12:03:06"}
{"level":"info","url":"","method":"","status":true,"userId":null,"data":"broker instrument getting !","message":"API Request Completed","timestamp":"2026-01-17 12:03:10"}
{"level":"info","url":"","method":"","status":true,"userId":null,"data":"all broker instrument getted successfully","message":"API Request Completed","timestamp":"2026-01-17 12:04:05"}
{"level":"info","url":"","method":"","status":true,"userId":null,"data":"groww instrument map done !","message":"API Request Completed","timestamp":"2026-01-17 12:04:05"}
{"level":"info","url":"","method":"","status":true,"userId":null,"data":"kite instrument map done !","message":"API Request Completed","timestamp":"2026-01-17 12:04:05"}
{"level":"info","url":"","method":"","status":true,"userId":null,"data":"finavasia instrument map done !","message":"API Request Completed","timestamp":"2026-01-17 12:04:05"}
{"level":"info","url":"","method":"","status":true,"userId":null,"data":"upstox instrument map done !","message":"API Request Completed","timestamp":"2026-01-17 12:04:05"}
{"level":"info","url":"","method":"","status":true,"userId":null,"data":"fyers instrument map done !","message":"API Request Completed","timestamp":"2026-01-17 12:04:05"}
{"level":"info","url":"","method":"","status":true,"userId":null,"data":"141434 ============fyMatchCount============","message":"API Request Completed","timestamp":"2026-01-17 12:04:07"}
{"level":"info","url":"","method":"","status":true,"userId":null,"data":"match instrument done !","message":"API Request Completed","timestamp":"2026-01-17 12:04:07"}
{"level":"info","url":"","method":"","status":true,"userId":null,"data":"merge instrument done !","message":"API Request Completed","timestamp":"2026-01-17 12:04:08"}
{"level":"info","url":"","method":"","status":true,"userId":null,"data":"finalMerged instrument done !","message":"API Request Completed","timestamp":"2026-01-17 12:04:08"}
{"level":"info","url":"","method":"","status":true,"userId":null,"data":"payload stringify instrument running !","message":"API Request Completed","timestamp":"2026-01-17 12:04:08"}
{"level":"info","url":"","method":"","status":true,"userId":null,"data":"payload stringify instrument done !","message":"API Request Completed","timestamp":"2026-01-17 12:04:09"}
{"level":"info","url":"","method":"","status":true,"userId":null,"data":"==============durationMs Normal response============== 59678","message":"API Request Completed","timestamp":"2026-01-17 12:04:09"}
{"level":"info","url":"","method":"","status":true,"userId":null,"data":"✔️ Worker completed — exiting...","message":"API Request Completed","timestamp":"2026-01-17 12:04:09"}
