{"level":"info","url":"/api/admin/tokenstatussummary","method":"GET","status":true,"userId":1,"data":{"msg":"Token status summary request received","now":"2025-12-13T05:43:39.595Z"},"message":"API Request Completed","timestamp":"2025-12-13 11:13:39"}
{"level":"info","url":"/api/admin/tokenstatussummary","method":"GET","status":true,"userId":1,"data":{"msg":"Auto-expiring AngelOne login users if expiry passed","criteria":{"angelLoginUser":true,"role":"user","expiryLtNow":"2025-12-13T05:43:39.595Z"}},"message":"API Request Completed","timestamp":"2025-12-13 11:13:39"}
{"level":"info","url":"/api/admin/tokenstatussummary","method":"GET","status":true,"userId":1,"data":{"msg":"AngelOne login auto-expire update completed","expiredCount":2},"message":"API Request Completed","timestamp":"2025-12-13 11:13:39"}
{"level":"info","url":"/api/admin/tokenstatussummary","method":"GET","status":true,"userId":1,"data":{"msg":"Fetching users with active AngelOne login"},"message":"API Request Completed","timestamp":"2025-12-13 11:13:39"}
{"level":"info","url":"/api/admin/tokenstatussummary","method":"GET","status":true,"userId":1,"data":{"msg":"Fetched generated users","count":0},"message":"API Request Completed","timestamp":"2025-12-13 11:13:39"}
{"level":"info","url":"/api/admin/tokenstatussummary","method":"GET","status":true,"userId":1,"data":{"msg":"Fetching users without AngelOne login"},"message":"API Request Completed","timestamp":"2025-12-13 11:13:39"}
{"level":"info","url":"/api/admin/tokenstatussummary","method":"GET","status":true,"userId":1,"data":{"msg":"Fetched non-generated users","count":14},"message":"API Request Completed","timestamp":"2025-12-13 11:13:39"}
{"level":"info","url":"/api/admin/tokenstatussummary","method":"GET","status":true,"userId":1,"data":{"msg":"Token status summary prepared successfully","generatedCount":0,"notGeneratedCount":14},"message":"API Request Completed","timestamp":"2025-12-13 11:13:39"}
{"level":"error","url":"/api/admin/tokenstatussummary","method":"GET","status":false,"userId":1,"data":{"msg":"getTokenStatusSummary failed"},"message":"Dae is not defined","timestamp":"2025-12-13 11:16:02"}
{"level":"info","url":"/api/admin/tokenstatussummary","method":"GET","status":true,"userId":1,"data":{"msg":"Token status summary request received","now":"2025-12-13T06:52:42.458Z"},"message":"API Request Completed","timestamp":"2025-12-13 12:22:42"}
{"level":"info","url":"/api/admin/tokenstatussummary","method":"GET","status":true,"userId":1,"data":{"msg":"Auto-expiring AngelOne login users if expiry passed","criteria":{"angelLoginUser":true,"role":"user","expiryLtNow":"2025-12-13T06:52:42.458Z"}},"message":"API Request Completed","timestamp":"2025-12-13 12:22:42"}
{"level":"info","url":"/api/admin/tokenstatussummary","method":"GET","status":true,"userId":1,"data":{"msg":"AngelOne login auto-expire update completed","expiredCount":0},"message":"API Request Completed","timestamp":"2025-12-13 12:22:42"}
{"level":"info","url":"/api/admin/tokenstatussummary","method":"GET","status":true,"userId":1,"data":{"msg":"Fetching users with active AngelOne login"},"message":"API Request Completed","timestamp":"2025-12-13 12:22:42"}
{"level":"info","url":"/api/admin/tokenstatussummary","method":"GET","status":true,"userId":1,"data":{"msg":"Fetched generated users","count":2},"message":"API Request Completed","timestamp":"2025-12-13 12:22:42"}
{"level":"info","url":"/api/admin/tokenstatussummary","method":"GET","status":true,"userId":1,"data":{"msg":"Fetching users without AngelOne login"},"message":"API Request Completed","timestamp":"2025-12-13 12:22:42"}
{"level":"info","url":"/api/admin/tokenstatussummary","method":"GET","status":true,"userId":1,"data":{"msg":"Fetched non-generated users","count":14},"message":"API Request Completed","timestamp":"2025-12-13 12:22:42"}
{"level":"info","url":"/api/admin/tokenstatussummary","method":"GET","status":true,"userId":1,"data":{"msg":"Token status summary prepared successfully","generatedCount":2,"notGeneratedCount":14},"message":"API Request Completed","timestamp":"2025-12-13 12:22:42"}
{"level":"info","url":"/api/admin/tokenstatussummary","method":"GET","status":true,"userId":1,"data":{"msg":"Token status summary request received","now":"2025-12-13T07:05:14.721Z"},"message":"API Request Completed","timestamp":"2025-12-13 12:35:14"}
{"level":"info","url":"/api/admin/tokenstatussummary","method":"GET","status":true,"userId":1,"data":{"msg":"Auto-expiring AngelOne login users if expiry passed","criteria":{"angelLoginUser":true,"role":"user","expiryLtNow":"2025-12-13T07:05:14.721Z"}},"message":"API Request Completed","timestamp":"2025-12-13 12:35:14"}
{"level":"info","url":"/api/admin/tokenstatussummary","method":"GET","status":true,"userId":1,"data":{"msg":"AngelOne login auto-expire update completed","expiredCount":0},"message":"API Request Completed","timestamp":"2025-12-13 12:35:15"}
{"level":"info","url":"/api/admin/tokenstatussummary","method":"GET","status":true,"userId":1,"data":{"msg":"Fetching users with active AngelOne login"},"message":"API Request Completed","timestamp":"2025-12-13 12:35:15"}
{"level":"info","url":"/api/admin/tokenstatussummary","method":"GET","status":true,"userId":1,"data":{"msg":"Fetched generated users","count":2},"message":"API Request Completed","timestamp":"2025-12-13 12:35:15"}
{"level":"info","url":"/api/admin/tokenstatussummary","method":"GET","status":true,"userId":1,"data":{"msg":"Fetching users without AngelOne login"},"message":"API Request Completed","timestamp":"2025-12-13 12:35:15"}
{"level":"info","url":"/api/admin/tokenstatussummary","method":"GET","status":true,"userId":1,"data":{"msg":"Fetched non-generated users","count":14},"message":"API Request Completed","timestamp":"2025-12-13 12:35:15"}
{"level":"info","url":"/api/admin/tokenstatussummary","method":"GET","status":true,"userId":1,"data":{"msg":"Token status summary prepared successfully","generatedCount":2,"notGeneratedCount":14},"message":"API Request Completed","timestamp":"2025-12-13 12:35:15"}
{"level":"info","url":"/api/admin/tokenstatussummary","method":"GET","status":true,"userId":1,"data":{"msg":"Token status summary request received","now":"2025-12-13T07:26:04.582Z"},"message":"API Request Completed","timestamp":"2025-12-13 12:56:04"}
{"level":"info","url":"/api/admin/tokenstatussummary","method":"GET","status":true,"userId":1,"data":{"msg":"Auto-expiring AngelOne login users if expiry passed","criteria":{"angelLoginUser":true,"role":"user","expiryLtNow":"2025-12-13T07:26:04.582Z"}},"message":"API Request Completed","timestamp":"2025-12-13 12:56:04"}
{"level":"info","url":"/api/admin/tokenstatussummary","method":"GET","status":true,"userId":1,"data":{"msg":"AngelOne login auto-expire update completed","expiredCount":0},"message":"API Request Completed","timestamp":"2025-12-13 12:56:04"}
{"level":"info","url":"/api/admin/tokenstatussummary","method":"GET","status":true,"userId":1,"data":{"msg":"Fetching users with active AngelOne login"},"message":"API Request Completed","timestamp":"2025-12-13 12:56:04"}
{"level":"info","url":"/api/admin/tokenstatussummary","method":"GET","status":true,"userId":1,"data":{"msg":"Fetched generated users","count":2},"message":"API Request Completed","timestamp":"2025-12-13 12:56:04"}
{"level":"info","url":"/api/admin/tokenstatussummary","method":"GET","status":true,"userId":1,"data":{"msg":"Fetching users without AngelOne login"},"message":"API Request Completed","timestamp":"2025-12-13 12:56:04"}
{"level":"info","url":"/api/admin/tokenstatussummary","method":"GET","status":true,"userId":1,"data":{"msg":"Fetched non-generated users","count":14},"message":"API Request Completed","timestamp":"2025-12-13 12:56:04"}
{"level":"info","url":"/api/admin/tokenstatussummary","method":"GET","status":true,"userId":1,"data":{"msg":"Token status summary prepared successfully","generatedCount":2,"notGeneratedCount":14},"message":"API Request Completed","timestamp":"2025-12-13 12:56:04"}
{"level":"info","url":"/api/admin/tokenstatussummary","method":"GET","status":true,"userId":1,"data":{"msg":"Token status summary request received","now":"2025-12-13T07:27:10.695Z"},"message":"API Request Completed","timestamp":"2025-12-13 12:57:10"}
{"level":"info","url":"/api/admin/tokenstatussummary","method":"GET","status":true,"userId":1,"data":{"msg":"Auto-expiring AngelOne login users if expiry passed","criteria":{"angelLoginUser":true,"role":"user","expiryLtNow":"2025-12-13T07:27:10.695Z"}},"message":"API Request Completed","timestamp":"2025-12-13 12:57:10"}
{"level":"info","url":"/api/admin/tokenstatussummary","method":"GET","status":true,"userId":1,"data":{"msg":"AngelOne login auto-expire update completed","expiredCount":0},"message":"API Request Completed","timestamp":"2025-12-13 12:57:10"}
{"level":"info","url":"/api/admin/tokenstatussummary","method":"GET","status":true,"userId":1,"data":{"msg":"Fetching users with active AngelOne login"},"message":"API Request Completed","timestamp":"2025-12-13 12:57:10"}
{"level":"info","url":"/api/admin/tokenstatussummary","method":"GET","status":true,"userId":1,"data":{"msg":"Fetched generated users","count":2},"message":"API Request Completed","timestamp":"2025-12-13 12:57:10"}
{"level":"info","url":"/api/admin/tokenstatussummary","method":"GET","status":true,"userId":1,"data":{"msg":"Fetching users without AngelOne login"},"message":"API Request Completed","timestamp":"2025-12-13 12:57:10"}
{"level":"info","url":"/api/admin/tokenstatussummary","method":"GET","status":true,"userId":1,"data":{"msg":"Fetched non-generated users","count":14},"message":"API Request Completed","timestamp":"2025-12-13 12:57:10"}
{"level":"info","url":"/api/admin/tokenstatussummary","method":"GET","status":true,"userId":1,"data":{"msg":"Token status summary prepared successfully","generatedCount":2,"notGeneratedCount":14},"message":"API Request Completed","timestamp":"2025-12-13 12:57:10"}
{"level":"info","url":"/api/admin/tokenstatussummary","method":"GET","status":true,"userId":1,"data":{"msg":"Token status summary request received","now":"2025-12-13T07:27:16.806Z"},"message":"API Request Completed","timestamp":"2025-12-13 12:57:16"}
{"level":"info","url":"/api/admin/tokenstatussummary","method":"GET","status":true,"userId":1,"data":{"msg":"Auto-expiring AngelOne login users if expiry passed","criteria":{"angelLoginUser":true,"role":"user","expiryLtNow":"2025-12-13T07:27:16.806Z"}},"message":"API Request Completed","timestamp":"2025-12-13 12:57:16"}
{"level":"info","url":"/api/admin/tokenstatussummary","method":"GET","status":true,"userId":1,"data":{"msg":"AngelOne login auto-expire update completed","expiredCount":0},"message":"API Request Completed","timestamp":"2025-12-13 12:57:16"}
{"level":"info","url":"/api/admin/tokenstatussummary","method":"GET","status":true,"userId":1,"data":{"msg":"Fetching users with active AngelOne login"},"message":"API Request Completed","timestamp":"2025-12-13 12:57:16"}
{"level":"info","url":"/api/admin/tokenstatussummary","method":"GET","status":true,"userId":1,"data":{"msg":"Fetched generated users","count":2},"message":"API Request Completed","timestamp":"2025-12-13 12:57:16"}
{"level":"info","url":"/api/admin/tokenstatussummary","method":"GET","status":true,"userId":1,"data":{"msg":"Fetching users without AngelOne login"},"message":"API Request Completed","timestamp":"2025-12-13 12:57:16"}
{"level":"info","url":"/api/admin/tokenstatussummary","method":"GET","status":true,"userId":1,"data":{"msg":"Fetched non-generated users","count":14},"message":"API Request Completed","timestamp":"2025-12-13 12:57:16"}
{"level":"info","url":"/api/admin/tokenstatussummary","method":"GET","status":true,"userId":1,"data":{"msg":"Token status summary prepared successfully","generatedCount":2,"notGeneratedCount":14},"message":"API Request Completed","timestamp":"2025-12-13 12:57:16"}
{"level":"info","url":"/api/admin/tokenstatussummary","method":"GET","status":true,"userId":1,"data":{"msg":"Token status summary request received","now":"2025-12-13T07:28:18.442Z"},"message":"API Request Completed","timestamp":"2025-12-13 12:58:18"}
{"level":"info","url":"/api/admin/tokenstatussummary","method":"GET","status":true,"userId":1,"data":{"msg":"Auto-expiring AngelOne login users if expiry passed","criteria":{"angelLoginUser":true,"role":"user","expiryLtNow":"2025-12-13T07:28:18.442Z"}},"message":"API Request Completed","timestamp":"2025-12-13 12:58:18"}
{"level":"info","url":"/api/admin/tokenstatussummary","method":"GET","status":true,"userId":1,"data":{"msg":"AngelOne login auto-expire update completed","expiredCount":0},"message":"API Request Completed","timestamp":"2025-12-13 12:58:18"}
{"level":"info","url":"/api/admin/tokenstatussummary","method":"GET","status":true,"userId":1,"data":{"msg":"Fetching users with active AngelOne login"},"message":"API Request Completed","timestamp":"2025-12-13 12:58:18"}
{"level":"info","url":"/api/admin/tokenstatussummary","method":"GET","status":true,"userId":1,"data":{"msg":"Fetched generated users","count":2},"message":"API Request Completed","timestamp":"2025-12-13 12:58:18"}
{"level":"info","url":"/api/admin/tokenstatussummary","method":"GET","status":true,"userId":1,"data":{"msg":"Fetching users without AngelOne login"},"message":"API Request Completed","timestamp":"2025-12-13 12:58:18"}
{"level":"info","url":"/api/admin/tokenstatussummary","method":"GET","status":true,"userId":1,"data":{"msg":"Fetched non-generated users","count":14},"message":"API Request Completed","timestamp":"2025-12-13 12:58:18"}
{"level":"info","url":"/api/admin/tokenstatussummary","method":"GET","status":true,"userId":1,"data":{"msg":"Token status summary prepared successfully","generatedCount":2,"notGeneratedCount":14},"message":"API Request Completed","timestamp":"2025-12-13 12:58:18"}
{"level":"info","url":"/api/admin/tokenstatussummary","method":"GET","status":true,"userId":1,"data":{"msg":"Token status summary request received","now":"2025-12-13T07:28:52.794Z"},"message":"API Request Completed","timestamp":"2025-12-13 12:58:52"}
{"level":"info","url":"/api/admin/tokenstatussummary","method":"GET","status":true,"userId":1,"data":{"msg":"Auto-expiring AngelOne login users if expiry passed","criteria":{"angelLoginUser":true,"role":"user","expiryLtNow":"2025-12-13T07:28:52.794Z"}},"message":"API Request Completed","timestamp":"2025-12-13 12:58:52"}
{"level":"info","url":"/api/admin/tokenstatussummary","method":"GET","status":true,"userId":1,"data":{"msg":"AngelOne login auto-expire update completed","expiredCount":0},"message":"API Request Completed","timestamp":"2025-12-13 12:58:52"}
{"level":"info","url":"/api/admin/tokenstatussummary","method":"GET","status":true,"userId":1,"data":{"msg":"Fetching users with active AngelOne login"},"message":"API Request Completed","timestamp":"2025-12-13 12:58:52"}
{"level":"info","url":"/api/admin/tokenstatussummary","method":"GET","status":true,"userId":1,"data":{"msg":"Fetched generated users","count":2},"message":"API Request Completed","timestamp":"2025-12-13 12:58:53"}
{"level":"info","url":"/api/admin/tokenstatussummary","method":"GET","status":true,"userId":1,"data":{"msg":"Fetching users without AngelOne login"},"message":"API Request Completed","timestamp":"2025-12-13 12:58:53"}
{"level":"info","url":"/api/admin/tokenstatussummary","method":"GET","status":true,"userId":1,"data":{"msg":"Fetched non-generated users","count":14},"message":"API Request Completed","timestamp":"2025-12-13 12:58:53"}
{"level":"info","url":"/api/admin/tokenstatussummary","method":"GET","status":true,"userId":1,"data":{"msg":"Token status summary prepared successfully","generatedCount":2,"notGeneratedCount":14},"message":"API Request Completed","timestamp":"2025-12-13 12:58:53"}
{"level":"info","url":"/api/admin/tokenstatussummary","method":"GET","status":true,"userId":1,"data":{"msg":"Token status summary request received","now":"2025-12-13T07:28:57.535Z"},"message":"API Request Completed","timestamp":"2025-12-13 12:58:57"}
{"level":"info","url":"/api/admin/tokenstatussummary","method":"GET","status":true,"userId":1,"data":{"msg":"Auto-expiring AngelOne login users if expiry passed","criteria":{"angelLoginUser":true,"role":"user","expiryLtNow":"2025-12-13T07:28:57.535Z"}},"message":"API Request Completed","timestamp":"2025-12-13 12:58:57"}
{"level":"info","url":"/api/admin/tokenstatussummary","method":"GET","status":true,"userId":1,"data":{"msg":"AngelOne login auto-expire update completed","expiredCount":0},"message":"API Request Completed","timestamp":"2025-12-13 12:58:57"}
{"level":"info","url":"/api/admin/tokenstatussummary","method":"GET","status":true,"userId":1,"data":{"msg":"Fetching users with active AngelOne login"},"message":"API Request Completed","timestamp":"2025-12-13 12:58:57"}
{"level":"info","url":"/api/admin/tokenstatussummary","method":"GET","status":true,"userId":1,"data":{"msg":"Fetched generated users","count":2},"message":"API Request Completed","timestamp":"2025-12-13 12:58:57"}
{"level":"info","url":"/api/admin/tokenstatussummary","method":"GET","status":true,"userId":1,"data":{"msg":"Fetching users without AngelOne login"},"message":"API Request Completed","timestamp":"2025-12-13 12:58:57"}
{"level":"info","url":"/api/admin/tokenstatussummary","method":"GET","status":true,"userId":1,"data":{"msg":"Fetched non-generated users","count":14},"message":"API Request Completed","timestamp":"2025-12-13 12:58:57"}
{"level":"info","url":"/api/admin/tokenstatussummary","method":"GET","status":true,"userId":1,"data":{"msg":"Token status summary prepared successfully","generatedCount":2,"notGeneratedCount":14},"message":"API Request Completed","timestamp":"2025-12-13 12:58:57"}
{"level":"info","url":"/api/admin/tokenstatussummary","method":"GET","status":true,"userId":1,"data":{"msg":"Token status summary request received","now":"2025-12-13T07:30:35.564Z"},"message":"API Request Completed","timestamp":"2025-12-13 13:00:35"}
{"level":"info","url":"/api/admin/tokenstatussummary","method":"GET","status":true,"userId":1,"data":{"msg":"Auto-expiring AngelOne login users if expiry passed","criteria":{"angelLoginUser":true,"role":"user","expiryLtNow":"2025-12-13T07:30:35.564Z"}},"message":"API Request Completed","timestamp":"2025-12-13 13:00:35"}
{"level":"info","url":"/api/admin/tokenstatussummary","method":"GET","status":true,"userId":1,"data":{"msg":"AngelOne login auto-expire update completed","expiredCount":0},"message":"API Request Completed","timestamp":"2025-12-13 13:00:35"}
{"level":"info","url":"/api/admin/tokenstatussummary","method":"GET","status":true,"userId":1,"data":{"msg":"Fetching users with active AngelOne login"},"message":"API Request Completed","timestamp":"2025-12-13 13:00:35"}
{"level":"info","url":"/api/admin/tokenstatussummary","method":"GET","status":true,"userId":1,"data":{"msg":"Fetched generated users","count":2},"message":"API Request Completed","timestamp":"2025-12-13 13:00:35"}
{"level":"info","url":"/api/admin/tokenstatussummary","method":"GET","status":true,"userId":1,"data":{"msg":"Fetching users without AngelOne login"},"message":"API Request Completed","timestamp":"2025-12-13 13:00:35"}
{"level":"info","url":"/api/admin/tokenstatussummary","method":"GET","status":true,"userId":1,"data":{"msg":"Fetched non-generated users","count":14},"message":"API Request Completed","timestamp":"2025-12-13 13:00:35"}
{"level":"info","url":"/api/admin/tokenstatussummary","method":"GET","status":true,"userId":1,"data":{"msg":"Token status summary prepared successfully","generatedCount":2,"notGeneratedCount":14},"message":"API Request Completed","timestamp":"2025-12-13 13:00:35"}
{"level":"info","url":"/api/admin/tokenstatussummary","method":"GET","status":true,"userId":1,"data":{"msg":"Token status summary request received","now":"2025-12-13T07:30:41.138Z"},"message":"API Request Completed","timestamp":"2025-12-13 13:00:41"}
{"level":"info","url":"/api/admin/tokenstatussummary","method":"GET","status":true,"userId":1,"data":{"msg":"Auto-expiring AngelOne login users if expiry passed","criteria":{"angelLoginUser":true,"role":"user","expiryLtNow":"2025-12-13T07:30:41.138Z"}},"message":"API Request Completed","timestamp":"2025-12-13 13:00:41"}
{"level":"info","url":"/api/admin/tokenstatussummary","method":"GET","status":true,"userId":1,"data":{"msg":"AngelOne login auto-expire update completed","expiredCount":0},"message":"API Request Completed","timestamp":"2025-12-13 13:00:41"}
{"level":"info","url":"/api/admin/tokenstatussummary","method":"GET","status":true,"userId":1,"data":{"msg":"Fetching users with active AngelOne login"},"message":"API Request Completed","timestamp":"2025-12-13 13:00:41"}
{"level":"info","url":"/api/admin/tokenstatussummary","method":"GET","status":true,"userId":1,"data":{"msg":"Fetched generated users","count":2},"message":"API Request Completed","timestamp":"2025-12-13 13:00:41"}
{"level":"info","url":"/api/admin/tokenstatussummary","method":"GET","status":true,"userId":1,"data":{"msg":"Fetching users without AngelOne login"},"message":"API Request Completed","timestamp":"2025-12-13 13:00:41"}
{"level":"info","url":"/api/admin/tokenstatussummary","method":"GET","status":true,"userId":1,"data":{"msg":"Fetched non-generated users","count":14},"message":"API Request Completed","timestamp":"2025-12-13 13:00:41"}
{"level":"info","url":"/api/admin/tokenstatussummary","method":"GET","status":true,"userId":1,"data":{"msg":"Token status summary prepared successfully","generatedCount":2,"notGeneratedCount":14},"message":"API Request Completed","timestamp":"2025-12-13 13:00:41"}
{"level":"info","url":"/api/admin/tokenstatussummary","method":"GET","status":true,"userId":1,"data":{"msg":"Token status summary request received","now":"2025-12-13T07:30:46.971Z"},"message":"API Request Completed","timestamp":"2025-12-13 13:00:46"}
{"level":"info","url":"/api/admin/tokenstatussummary","method":"GET","status":true,"userId":1,"data":{"msg":"Auto-expiring AngelOne login users if expiry passed","criteria":{"angelLoginUser":true,"role":"user","expiryLtNow":"2025-12-13T07:30:46.971Z"}},"message":"API Request Completed","timestamp":"2025-12-13 13:00:46"}
{"level":"info","url":"/api/admin/tokenstatussummary","method":"GET","status":true,"userId":1,"data":{"msg":"AngelOne login auto-expire update completed","expiredCount":0},"message":"API Request Completed","timestamp":"2025-12-13 13:00:47"}
{"level":"info","url":"/api/admin/tokenstatussummary","method":"GET","status":true,"userId":1,"data":{"msg":"Fetching users with active AngelOne login"},"message":"API Request Completed","timestamp":"2025-12-13 13:00:47"}
{"level":"info","url":"/api/admin/tokenstatussummary","method":"GET","status":true,"userId":1,"data":{"msg":"Fetched generated users","count":2},"message":"API Request Completed","timestamp":"2025-12-13 13:00:47"}
{"level":"info","url":"/api/admin/tokenstatussummary","method":"GET","status":true,"userId":1,"data":{"msg":"Fetching users without AngelOne login"},"message":"API Request Completed","timestamp":"2025-12-13 13:00:47"}
{"level":"info","url":"/api/admin/tokenstatussummary","method":"GET","status":true,"userId":1,"data":{"msg":"Fetched non-generated users","count":14},"message":"API Request Completed","timestamp":"2025-12-13 13:00:47"}
{"level":"info","url":"/api/admin/tokenstatussummary","method":"GET","status":true,"userId":1,"data":{"msg":"Token status summary prepared successfully","generatedCount":2,"notGeneratedCount":14},"message":"API Request Completed","timestamp":"2025-12-13 13:00:47"}
{"level":"info","url":"/api/admin/tokenstatussummary","method":"GET","status":true,"userId":1,"data":{"msg":"Token status summary request received","now":"2025-12-13T07:32:36.913Z"},"message":"API Request Completed","timestamp":"2025-12-13 13:02:36"}
{"level":"info","url":"/api/admin/tokenstatussummary","method":"GET","status":true,"userId":1,"data":{"msg":"Auto-expiring AngelOne login users if expiry passed","criteria":{"angelLoginUser":true,"role":"user","expiryLtNow":"2025-12-13T07:32:36.913Z"}},"message":"API Request Completed","timestamp":"2025-12-13 13:02:36"}
{"level":"info","url":"/api/admin/tokenstatussummary","method":"GET","status":true,"userId":1,"data":{"msg":"AngelOne login auto-expire update completed","expiredCount":0},"message":"API Request Completed","timestamp":"2025-12-13 13:02:37"}
{"level":"info","url":"/api/admin/tokenstatussummary","method":"GET","status":true,"userId":1,"data":{"msg":"Fetching users with active AngelOne login"},"message":"API Request Completed","timestamp":"2025-12-13 13:02:37"}
{"level":"info","url":"/api/admin/tokenstatussummary","method":"GET","status":true,"userId":1,"data":{"msg":"Fetched generated users","count":2},"message":"API Request Completed","timestamp":"2025-12-13 13:02:37"}
{"level":"info","url":"/api/admin/tokenstatussummary","method":"GET","status":true,"userId":1,"data":{"msg":"Fetching users without AngelOne login"},"message":"API Request Completed","timestamp":"2025-12-13 13:02:37"}
{"level":"info","url":"/api/admin/tokenstatussummary","method":"GET","status":true,"userId":1,"data":{"msg":"Fetched non-generated users","count":14},"message":"API Request Completed","timestamp":"2025-12-13 13:02:37"}
{"level":"info","url":"/api/admin/tokenstatussummary","method":"GET","status":true,"userId":1,"data":{"msg":"Token status summary prepared successfully","generatedCount":2,"notGeneratedCount":14},"message":"API Request Completed","timestamp":"2025-12-13 13:02:37"}
{"level":"info","url":"/api/admin/tokenstatussummary","method":"GET","status":true,"userId":1,"data":{"msg":"Token status summary request received","now":"2025-12-13T07:33:42.000Z"},"message":"API Request Completed","timestamp":"2025-12-13 13:03:42"}
{"level":"info","url":"/api/admin/tokenstatussummary","method":"GET","status":true,"userId":1,"data":{"msg":"Auto-expiring AngelOne login users if expiry passed","criteria":{"angelLoginUser":true,"role":"user","expiryLtNow":"2025-12-13T07:33:42.000Z"}},"message":"API Request Completed","timestamp":"2025-12-13 13:03:42"}
{"level":"info","url":"/api/admin/tokenstatussummary","method":"GET","status":true,"userId":1,"data":{"msg":"AngelOne login auto-expire update completed","expiredCount":0},"message":"API Request Completed","timestamp":"2025-12-13 13:03:42"}
{"level":"info","url":"/api/admin/tokenstatussummary","method":"GET","status":true,"userId":1,"data":{"msg":"Fetching users with active AngelOne login"},"message":"API Request Completed","timestamp":"2025-12-13 13:03:42"}
{"level":"info","url":"/api/admin/tokenstatussummary","method":"GET","status":true,"userId":1,"data":{"msg":"Fetched generated users","count":2},"message":"API Request Completed","timestamp":"2025-12-13 13:03:42"}
{"level":"info","url":"/api/admin/tokenstatussummary","method":"GET","status":true,"userId":1,"data":{"msg":"Fetching users without AngelOne login"},"message":"API Request Completed","timestamp":"2025-12-13 13:03:42"}
{"level":"info","url":"/api/admin/tokenstatussummary","method":"GET","status":true,"userId":1,"data":{"msg":"Fetched non-generated users","count":14},"message":"API Request Completed","timestamp":"2025-12-13 13:03:42"}
{"level":"info","url":"/api/admin/tokenstatussummary","method":"GET","status":true,"userId":1,"data":{"msg":"Token status summary prepared successfully","generatedCount":2,"notGeneratedCount":14},"message":"API Request Completed","timestamp":"2025-12-13 13:03:42"}
{"level":"info","url":"/api/admin/tokenstatussummary","method":"GET","status":true,"userId":1,"data":{"msg":"Token status summary request received","now":"2025-12-13T07:34:13.596Z"},"message":"API Request Completed","timestamp":"2025-12-13 13:04:13"}
{"level":"info","url":"/api/admin/tokenstatussummary","method":"GET","status":true,"userId":1,"data":{"msg":"Auto-expiring AngelOne login users if expiry passed","criteria":{"angelLoginUser":true,"role":"user","expiryLtNow":"2025-12-13T07:34:13.596Z"}},"message":"API Request Completed","timestamp":"2025-12-13 13:04:13"}
{"level":"info","url":"/api/admin/tokenstatussummary","method":"GET","status":true,"userId":1,"data":{"msg":"AngelOne login auto-expire update completed","expiredCount":0},"message":"API Request Completed","timestamp":"2025-12-13 13:04:13"}
{"level":"info","url":"/api/admin/tokenstatussummary","method":"GET","status":true,"userId":1,"data":{"msg":"Fetching users with active AngelOne login"},"message":"API Request Completed","timestamp":"2025-12-13 13:04:13"}
{"level":"info","url":"/api/admin/tokenstatussummary","method":"GET","status":true,"userId":1,"data":{"msg":"Fetched generated users","count":2},"message":"API Request Completed","timestamp":"2025-12-13 13:04:13"}
{"level":"info","url":"/api/admin/tokenstatussummary","method":"GET","status":true,"userId":1,"data":{"msg":"Fetching users without AngelOne login"},"message":"API Request Completed","timestamp":"2025-12-13 13:04:13"}
{"level":"info","url":"/api/admin/tokenstatussummary","method":"GET","status":true,"userId":1,"data":{"msg":"Fetched non-generated users","count":14},"message":"API Request Completed","timestamp":"2025-12-13 13:04:13"}
{"level":"info","url":"/api/admin/tokenstatussummary","method":"GET","status":true,"userId":1,"data":{"msg":"Token status summary prepared successfully","generatedCount":2,"notGeneratedCount":14},"message":"API Request Completed","timestamp":"2025-12-13 13:04:13"}
{"level":"info","url":"/api/admin/tokenstatussummary","method":"GET","status":true,"userId":1,"data":{"msg":"Token status summary request received","now":"2025-12-13T07:49:46.728Z"},"message":"API Request Completed","timestamp":"2025-12-13 13:19:46"}
{"level":"info","url":"/api/admin/tokenstatussummary","method":"GET","status":true,"userId":1,"data":{"msg":"Auto-expiring AngelOne login users if expiry passed","criteria":{"angelLoginUser":true,"role":"user","expiryLtNow":"2025-12-13T07:49:46.728Z"}},"message":"API Request Completed","timestamp":"2025-12-13 13:19:46"}
{"level":"info","url":"/api/admin/tokenstatussummary","method":"GET","status":true,"userId":1,"data":{"msg":"AngelOne login auto-expire update completed","expiredCount":0},"message":"API Request Completed","timestamp":"2025-12-13 13:19:46"}
{"level":"info","url":"/api/admin/tokenstatussummary","method":"GET","status":true,"userId":1,"data":{"msg":"Fetching users with active AngelOne login"},"message":"API Request Completed","timestamp":"2025-12-13 13:19:46"}
{"level":"info","url":"/api/admin/tokenstatussummary","method":"GET","status":true,"userId":1,"data":{"msg":"Fetched generated users","count":2},"message":"API Request Completed","timestamp":"2025-12-13 13:19:46"}
{"level":"info","url":"/api/admin/tokenstatussummary","method":"GET","status":true,"userId":1,"data":{"msg":"Fetching users without AngelOne login"},"message":"API Request Completed","timestamp":"2025-12-13 13:19:46"}
{"level":"info","url":"/api/admin/tokenstatussummary","method":"GET","status":true,"userId":1,"data":{"msg":"Fetched non-generated users","count":14},"message":"API Request Completed","timestamp":"2025-12-13 13:19:46"}
{"level":"info","url":"/api/admin/tokenstatussummary","method":"GET","status":true,"userId":1,"data":{"msg":"Token status summary prepared successfully","generatedCount":2,"notGeneratedCount":14},"message":"API Request Completed","timestamp":"2025-12-13 13:19:46"}
{"level":"info","url":"/api/admin/tokenstatussummary","method":"GET","status":true,"userId":1,"data":{"msg":"Token status summary request received","now":"2025-12-13T07:49:49.745Z"},"message":"API Request Completed","timestamp":"2025-12-13 13:19:49"}
{"level":"info","url":"/api/admin/tokenstatussummary","method":"GET","status":true,"userId":1,"data":{"msg":"Auto-expiring AngelOne login users if expiry passed","criteria":{"angelLoginUser":true,"role":"user","expiryLtNow":"2025-12-13T07:49:49.745Z"}},"message":"API Request Completed","timestamp":"2025-12-13 13:19:49"}
{"level":"info","url":"/api/admin/tokenstatussummary","method":"GET","status":true,"userId":1,"data":{"msg":"AngelOne login auto-expire update completed","expiredCount":0},"message":"API Request Completed","timestamp":"2025-12-13 13:19:49"}
{"level":"info","url":"/api/admin/tokenstatussummary","method":"GET","status":true,"userId":1,"data":{"msg":"Fetching users with active AngelOne login"},"message":"API Request Completed","timestamp":"2025-12-13 13:19:49"}
{"level":"info","url":"/api/admin/tokenstatussummary","method":"GET","status":true,"userId":1,"data":{"msg":"Fetched generated users","count":2},"message":"API Request Completed","timestamp":"2025-12-13 13:19:49"}
{"level":"info","url":"/api/admin/tokenstatussummary","method":"GET","status":true,"userId":1,"data":{"msg":"Fetching users without AngelOne login"},"message":"API Request Completed","timestamp":"2025-12-13 13:19:49"}
{"level":"info","url":"/api/admin/tokenstatussummary","method":"GET","status":true,"userId":1,"data":{"msg":"Fetched non-generated users","count":14},"message":"API Request Completed","timestamp":"2025-12-13 13:19:49"}
{"level":"info","url":"/api/admin/tokenstatussummary","method":"GET","status":true,"userId":1,"data":{"msg":"Token status summary prepared successfully","generatedCount":2,"notGeneratedCount":14},"message":"API Request Completed","timestamp":"2025-12-13 13:19:49"}
{"level":"info","url":"/api/admin/tokenstatussummary","method":"GET","status":true,"userId":1,"data":{"msg":"Token status summary request received","now":"2025-12-13T07:49:54.945Z"},"message":"API Request Completed","timestamp":"2025-12-13 13:19:54"}
{"level":"info","url":"/api/admin/tokenstatussummary","method":"GET","status":true,"userId":1,"data":{"msg":"Auto-expiring AngelOne login users if expiry passed","criteria":{"angelLoginUser":true,"role":"user","expiryLtNow":"2025-12-13T07:49:54.945Z"}},"message":"API Request Completed","timestamp":"2025-12-13 13:19:54"}
{"level":"info","url":"/api/admin/tokenstatussummary","method":"GET","status":true,"userId":1,"data":{"msg":"AngelOne login auto-expire update completed","expiredCount":0},"message":"API Request Completed","timestamp":"2025-12-13 13:19:54"}
{"level":"info","url":"/api/admin/tokenstatussummary","method":"GET","status":true,"userId":1,"data":{"msg":"Fetching users with active AngelOne login"},"message":"API Request Completed","timestamp":"2025-12-13 13:19:54"}
{"level":"info","url":"/api/admin/tokenstatussummary","method":"GET","status":true,"userId":1,"data":{"msg":"Fetched generated users","count":2},"message":"API Request Completed","timestamp":"2025-12-13 13:19:55"}
{"level":"info","url":"/api/admin/tokenstatussummary","method":"GET","status":true,"userId":1,"data":{"msg":"Fetching users without AngelOne login"},"message":"API Request Completed","timestamp":"2025-12-13 13:19:55"}
{"level":"info","url":"/api/admin/tokenstatussummary","method":"GET","status":true,"userId":1,"data":{"msg":"Fetched non-generated users","count":14},"message":"API Request Completed","timestamp":"2025-12-13 13:19:55"}
{"level":"info","url":"/api/admin/tokenstatussummary","method":"GET","status":true,"userId":1,"data":{"msg":"Token status summary prepared successfully","generatedCount":2,"notGeneratedCount":14},"message":"API Request Completed","timestamp":"2025-12-13 13:19:55"}
{"level":"info","url":"/api/admin/tokenstatussummary","method":"GET","status":true,"userId":1,"data":{"msg":"Token status summary request received","now":"2025-12-13T07:57:57.073Z"},"message":"API Request Completed","timestamp":"2025-12-13 13:27:57"}
{"level":"info","url":"/api/admin/tokenstatussummary","method":"GET","status":true,"userId":1,"data":{"msg":"Auto-expiring AngelOne login users if expiry passed","criteria":{"angelLoginUser":true,"role":"user","expiryLtNow":"2025-12-13T07:57:57.073Z"}},"message":"API Request Completed","timestamp":"2025-12-13 13:27:57"}
{"level":"info","url":"/api/admin/tokenstatussummary","method":"GET","status":true,"userId":1,"data":{"msg":"AngelOne login auto-expire update completed","expiredCount":0},"message":"API Request Completed","timestamp":"2025-12-13 13:27:57"}
{"level":"info","url":"/api/admin/tokenstatussummary","method":"GET","status":true,"userId":1,"data":{"msg":"Fetching users with active AngelOne login"},"message":"API Request Completed","timestamp":"2025-12-13 13:27:57"}
{"level":"info","url":"/api/admin/tokenstatussummary","method":"GET","status":true,"userId":1,"data":{"msg":"Fetched generated users","count":2},"message":"API Request Completed","timestamp":"2025-12-13 13:27:57"}
{"level":"info","url":"/api/admin/tokenstatussummary","method":"GET","status":true,"userId":1,"data":{"msg":"Fetching users without AngelOne login"},"message":"API Request Completed","timestamp":"2025-12-13 13:27:57"}
{"level":"info","url":"/api/admin/tokenstatussummary","method":"GET","status":true,"userId":1,"data":{"msg":"Fetched non-generated users","count":14},"message":"API Request Completed","timestamp":"2025-12-13 13:27:57"}
{"level":"info","url":"/api/admin/tokenstatussummary","method":"GET","status":true,"userId":1,"data":{"msg":"Token status summary prepared successfully","generatedCount":2,"notGeneratedCount":14},"message":"API Request Completed","timestamp":"2025-12-13 13:27:57"}
{"level":"info","url":"/api/admin/tokenstatussummary","method":"GET","status":true,"userId":1,"data":{"msg":"Token status summary request received","now":"2025-12-13T07:58:07.417Z"},"message":"API Request Completed","timestamp":"2025-12-13 13:28:07"}
{"level":"info","url":"/api/admin/tokenstatussummary","method":"GET","status":true,"userId":1,"data":{"msg":"Auto-expiring AngelOne login users if expiry passed","criteria":{"angelLoginUser":true,"role":"user","expiryLtNow":"2025-12-13T07:58:07.417Z"}},"message":"API Request Completed","timestamp":"2025-12-13 13:28:07"}
{"level":"info","url":"/api/admin/tokenstatussummary","method":"GET","status":true,"userId":1,"data":{"msg":"AngelOne login auto-expire update completed","expiredCount":0},"message":"API Request Completed","timestamp":"2025-12-13 13:28:07"}
{"level":"info","url":"/api/admin/tokenstatussummary","method":"GET","status":true,"userId":1,"data":{"msg":"Fetching users with active AngelOne login"},"message":"API Request Completed","timestamp":"2025-12-13 13:28:07"}
{"level":"info","url":"/api/admin/tokenstatussummary","method":"GET","status":true,"userId":1,"data":{"msg":"Fetched generated users","count":2},"message":"API Request Completed","timestamp":"2025-12-13 13:28:07"}
{"level":"info","url":"/api/admin/tokenstatussummary","method":"GET","status":true,"userId":1,"data":{"msg":"Fetching users without AngelOne login"},"message":"API Request Completed","timestamp":"2025-12-13 13:28:07"}
{"level":"info","url":"/api/admin/tokenstatussummary","method":"GET","status":true,"userId":1,"data":{"msg":"Fetched non-generated users","count":14},"message":"API Request Completed","timestamp":"2025-12-13 13:28:07"}
{"level":"info","url":"/api/admin/tokenstatussummary","method":"GET","status":true,"userId":1,"data":{"msg":"Token status summary prepared successfully","generatedCount":2,"notGeneratedCount":14},"message":"API Request Completed","timestamp":"2025-12-13 13:28:07"}
{"level":"info","url":"/api/admin/tokenstatussummary","method":"GET","status":true,"userId":1,"data":{"msg":"Token status summary request received","now":"2025-12-13T07:58:33.109Z"},"message":"API Request Completed","timestamp":"2025-12-13 13:28:33"}
{"level":"info","url":"/api/admin/tokenstatussummary","method":"GET","status":true,"userId":1,"data":{"msg":"Auto-expiring AngelOne login users if expiry passed","criteria":{"angelLoginUser":true,"role":"user","expiryLtNow":"2025-12-13T07:58:33.109Z"}},"message":"API Request Completed","timestamp":"2025-12-13 13:28:33"}
{"level":"info","url":"/api/admin/tokenstatussummary","method":"GET","status":true,"userId":1,"data":{"msg":"AngelOne login auto-expire update completed","expiredCount":0},"message":"API Request Completed","timestamp":"2025-12-13 13:28:33"}
{"level":"info","url":"/api/admin/tokenstatussummary","method":"GET","status":true,"userId":1,"data":{"msg":"Fetching users with active AngelOne login"},"message":"API Request Completed","timestamp":"2025-12-13 13:28:33"}
{"level":"info","url":"/api/admin/tokenstatussummary","method":"GET","status":true,"userId":1,"data":{"msg":"Fetched generated users","count":2},"message":"API Request Completed","timestamp":"2025-12-13 13:28:33"}
{"level":"info","url":"/api/admin/tokenstatussummary","method":"GET","status":true,"userId":1,"data":{"msg":"Fetching users without AngelOne login"},"message":"API Request Completed","timestamp":"2025-12-13 13:28:33"}
{"level":"info","url":"/api/admin/tokenstatussummary","method":"GET","status":true,"userId":1,"data":{"msg":"Fetched non-generated users","count":14},"message":"API Request Completed","timestamp":"2025-12-13 13:28:33"}
{"level":"info","url":"/api/admin/tokenstatussummary","method":"GET","status":true,"userId":1,"data":{"msg":"Token status summary prepared successfully","generatedCount":2,"notGeneratedCount":14},"message":"API Request Completed","timestamp":"2025-12-13 13:28:33"}
{"level":"info","url":"/api/admin/tokenstatussummary","method":"GET","status":true,"userId":null,"data":{"msg":"Token status summary request received","now":"2025-12-13T08:00:20.015Z"},"message":"API Request Completed","timestamp":"2025-12-13 13:30:20"}
{"level":"info","url":"/api/admin/tokenstatussummary","method":"GET","status":true,"userId":null,"data":{"msg":"Auto-expiring AngelOne login users if expiry passed","criteria":{"angelLoginUser":true,"role":"user","expiryLtNow":"2025-12-13T08:00:20.015Z"}},"message":"API Request Completed","timestamp":"2025-12-13 13:30:20"}
{"level":"info","url":"/api/admin/tokenstatussummary","method":"GET","status":true,"userId":null,"data":{"msg":"AngelOne login auto-expire update completed","expiredCount":0},"message":"API Request Completed","timestamp":"2025-12-13 13:30:20"}
{"level":"info","url":"/api/admin/tokenstatussummary","method":"GET","status":true,"userId":null,"data":{"msg":"Fetching users with active AngelOne login"},"message":"API Request Completed","timestamp":"2025-12-13 13:30:20"}
{"level":"info","url":"/api/admin/tokenstatussummary","method":"GET","status":true,"userId":null,"data":{"msg":"Fetched generated users","count":2},"message":"API Request Completed","timestamp":"2025-12-13 13:30:20"}
{"level":"info","url":"/api/admin/tokenstatussummary","method":"GET","status":true,"userId":null,"data":{"msg":"Fetching users without AngelOne login"},"message":"API Request Completed","timestamp":"2025-12-13 13:30:20"}
{"level":"info","url":"/api/admin/tokenstatussummary","method":"GET","status":true,"userId":null,"data":{"msg":"Fetched non-generated users","count":14},"message":"API Request Completed","timestamp":"2025-12-13 13:30:20"}
{"level":"info","url":"/api/admin/tokenstatussummary","method":"GET","status":true,"userId":null,"data":{"msg":"Token status summary prepared successfully","generatedCount":2,"notGeneratedCount":14},"message":"API Request Completed","timestamp":"2025-12-13 13:30:20"}
{"level":"info","url":"/api/admin/tokenstatussummary","method":"GET","status":true,"userId":null,"data":{"msg":"Token status summary request received","now":"2025-12-13T08:00:21.660Z"},"message":"API Request Completed","timestamp":"2025-12-13 13:30:21"}
{"level":"info","url":"/api/admin/tokenstatussummary","method":"GET","status":true,"userId":null,"data":{"msg":"Auto-expiring AngelOne login users if expiry passed","criteria":{"angelLoginUser":true,"role":"user","expiryLtNow":"2025-12-13T08:00:21.660Z"}},"message":"API Request Completed","timestamp":"2025-12-13 13:30:21"}
{"level":"info","url":"/api/admin/tokenstatussummary","method":"GET","status":true,"userId":null,"data":{"msg":"AngelOne login auto-expire update completed","expiredCount":0},"message":"API Request Completed","timestamp":"2025-12-13 13:30:21"}
{"level":"info","url":"/api/admin/tokenstatussummary","method":"GET","status":true,"userId":null,"data":{"msg":"Fetching users with active AngelOne login"},"message":"API Request Completed","timestamp":"2025-12-13 13:30:21"}
{"level":"info","url":"/api/admin/tokenstatussummary","method":"GET","status":true,"userId":null,"data":{"msg":"Fetched generated users","count":2},"message":"API Request Completed","timestamp":"2025-12-13 13:30:21"}
{"level":"info","url":"/api/admin/tokenstatussummary","method":"GET","status":true,"userId":null,"data":{"msg":"Fetching users without AngelOne login"},"message":"API Request Completed","timestamp":"2025-12-13 13:30:21"}
{"level":"info","url":"/api/admin/tokenstatussummary","method":"GET","status":true,"userId":null,"data":{"msg":"Fetched non-generated users","count":14},"message":"API Request Completed","timestamp":"2025-12-13 13:30:21"}
{"level":"info","url":"/api/admin/tokenstatussummary","method":"GET","status":true,"userId":null,"data":{"msg":"Token status summary prepared successfully","generatedCount":2,"notGeneratedCount":14},"message":"API Request Completed","timestamp":"2025-12-13 13:30:21"}
{"level":"info","url":"/api/admin/tokenstatussummary","method":"GET","status":true,"userId":null,"data":{"msg":"Token status summary request received","now":"2025-12-13T08:04:23.746Z"},"message":"API Request Completed","timestamp":"2025-12-13 13:34:23"}
{"level":"info","url":"/api/admin/tokenstatussummary","method":"GET","status":true,"userId":null,"data":{"msg":"Auto-expiring AngelOne login users if expiry passed","criteria":{"angelLoginUser":true,"role":"user","expiryLtNow":"2025-12-13T08:04:23.746Z"}},"message":"API Request Completed","timestamp":"2025-12-13 13:34:23"}
{"level":"info","url":"/api/admin/tokenstatussummary","method":"GET","status":true,"userId":null,"data":{"msg":"AngelOne login auto-expire update completed","expiredCount":0},"message":"API Request Completed","timestamp":"2025-12-13 13:34:23"}
{"level":"info","url":"/api/admin/tokenstatussummary","method":"GET","status":true,"userId":null,"data":{"msg":"Fetching users with active AngelOne login"},"message":"API Request Completed","timestamp":"2025-12-13 13:34:23"}
{"level":"info","url":"/api/admin/tokenstatussummary","method":"GET","status":true,"userId":null,"data":{"msg":"Fetched generated users","count":2},"message":"API Request Completed","timestamp":"2025-12-13 13:34:24"}
{"level":"info","url":"/api/admin/tokenstatussummary","method":"GET","status":true,"userId":null,"data":{"msg":"Fetching users without AngelOne login"},"message":"API Request Completed","timestamp":"2025-12-13 13:34:24"}
{"level":"info","url":"/api/admin/tokenstatussummary","method":"GET","status":true,"userId":null,"data":{"msg":"Fetched non-generated users","count":14},"message":"API Request Completed","timestamp":"2025-12-13 13:34:24"}
{"level":"info","url":"/api/admin/tokenstatussummary","method":"GET","status":true,"userId":null,"data":{"msg":"Token status summary prepared successfully","generatedCount":2,"notGeneratedCount":14},"message":"API Request Completed","timestamp":"2025-12-13 13:34:24"}
{"level":"info","url":"/api/admin/tokenstatussummary","method":"GET","status":true,"userId":null,"data":{"msg":"Token status summary request received","now":"2025-12-13T08:05:01.834Z"},"message":"API Request Completed","timestamp":"2025-12-13 13:35:01"}
{"level":"info","url":"/api/admin/tokenstatussummary","method":"GET","status":true,"userId":null,"data":{"msg":"Auto-expiring AngelOne login users if expiry passed","criteria":{"angelLoginUser":true,"role":"user","expiryLtNow":"2025-12-13T08:05:01.834Z"}},"message":"API Request Completed","timestamp":"2025-12-13 13:35:01"}
{"level":"info","url":"/api/admin/tokenstatussummary","method":"GET","status":true,"userId":null,"data":{"msg":"AngelOne login auto-expire update completed","expiredCount":0},"message":"API Request Completed","timestamp":"2025-12-13 13:35:01"}
{"level":"info","url":"/api/admin/tokenstatussummary","method":"GET","status":true,"userId":null,"data":{"msg":"Fetching users with active AngelOne login"},"message":"API Request Completed","timestamp":"2025-12-13 13:35:01"}
{"level":"info","url":"/api/admin/tokenstatussummary","method":"GET","status":true,"userId":null,"data":{"msg":"Fetched generated users","count":2},"message":"API Request Completed","timestamp":"2025-12-13 13:35:01"}
{"level":"info","url":"/api/admin/tokenstatussummary","method":"GET","status":true,"userId":null,"data":{"msg":"Fetching users without AngelOne login"},"message":"API Request Completed","timestamp":"2025-12-13 13:35:01"}
{"level":"info","url":"/api/admin/tokenstatussummary","method":"GET","status":true,"userId":null,"data":{"msg":"Fetched non-generated users","count":14},"message":"API Request Completed","timestamp":"2025-12-13 13:35:02"}
{"level":"info","url":"/api/admin/tokenstatussummary","method":"GET","status":true,"userId":null,"data":{"msg":"Token status summary prepared successfully","generatedCount":2,"notGeneratedCount":14},"message":"API Request Completed","timestamp":"2025-12-13 13:35:02"}
{"level":"info","url":"/api/admin/tokenstatussummary","method":"GET","status":true,"userId":null,"data":{"msg":"Token status summary request received","now":"2025-12-13T08:07:19.391Z"},"message":"API Request Completed","timestamp":"2025-12-13 13:37:19"}
{"level":"info","url":"/api/admin/tokenstatussummary","method":"GET","status":true,"userId":null,"data":{"msg":"Auto-expiring AngelOne login users if expiry passed","criteria":{"angelLoginUser":true,"role":"user","expiryLtNow":"2025-12-13T08:07:19.391Z"}},"message":"API Request Completed","timestamp":"2025-12-13 13:37:19"}
{"level":"info","url":"/api/admin/tokenstatussummary","method":"GET","status":true,"userId":null,"data":{"msg":"AngelOne login auto-expire update completed","expiredCount":0},"message":"API Request Completed","timestamp":"2025-12-13 13:37:19"}
{"level":"info","url":"/api/admin/tokenstatussummary","method":"GET","status":true,"userId":null,"data":{"msg":"Fetching users with active AngelOne login"},"message":"API Request Completed","timestamp":"2025-12-13 13:37:19"}
{"level":"info","url":"/api/admin/tokenstatussummary","method":"GET","status":true,"userId":null,"data":{"msg":"Fetched generated users","count":2},"message":"API Request Completed","timestamp":"2025-12-13 13:37:19"}
{"level":"info","url":"/api/admin/tokenstatussummary","method":"GET","status":true,"userId":null,"data":{"msg":"Fetching users without AngelOne login"},"message":"API Request Completed","timestamp":"2025-12-13 13:37:19"}
{"level":"info","url":"/api/admin/tokenstatussummary","method":"GET","status":true,"userId":null,"data":{"msg":"Fetched non-generated users","count":14},"message":"API Request Completed","timestamp":"2025-12-13 13:37:19"}
{"level":"info","url":"/api/admin/tokenstatussummary","method":"GET","status":true,"userId":null,"data":{"msg":"Token status summary prepared successfully","generatedCount":2,"notGeneratedCount":14},"message":"API Request Completed","timestamp":"2025-12-13 13:37:19"}
{"level":"info","url":"/api/admin/tokenstatussummary","method":"GET","status":true,"userId":null,"data":{"msg":"Token status summary request received","now":"2025-12-13T08:07:55.624Z"},"message":"API Request Completed","timestamp":"2025-12-13 13:37:55"}
{"level":"info","url":"/api/admin/tokenstatussummary","method":"GET","status":true,"userId":null,"data":{"msg":"Auto-expiring AngelOne login users if expiry passed","criteria":{"angelLoginUser":true,"role":"user","expiryLtNow":"2025-12-13T08:07:55.624Z"}},"message":"API Request Completed","timestamp":"2025-12-13 13:37:55"}
{"level":"info","url":"/api/admin/tokenstatussummary","method":"GET","status":true,"userId":null,"data":{"msg":"AngelOne login auto-expire update completed","expiredCount":0},"message":"API Request Completed","timestamp":"2025-12-13 13:37:55"}
{"level":"info","url":"/api/admin/tokenstatussummary","method":"GET","status":true,"userId":null,"data":{"msg":"Fetching users with active AngelOne login"},"message":"API Request Completed","timestamp":"2025-12-13 13:37:55"}
{"level":"info","url":"/api/admin/tokenstatussummary","method":"GET","status":true,"userId":null,"data":{"msg":"Fetched generated users","count":2},"message":"API Request Completed","timestamp":"2025-12-13 13:37:55"}
{"level":"info","url":"/api/admin/tokenstatussummary","method":"GET","status":true,"userId":null,"data":{"msg":"Fetching users without AngelOne login"},"message":"API Request Completed","timestamp":"2025-12-13 13:37:55"}
{"level":"info","url":"/api/admin/tokenstatussummary","method":"GET","status":true,"userId":null,"data":{"msg":"Fetched non-generated users","count":14},"message":"API Request Completed","timestamp":"2025-12-13 13:37:55"}
{"level":"info","url":"/api/admin/tokenstatussummary","method":"GET","status":true,"userId":null,"data":{"msg":"Token status summary prepared successfully","generatedCount":2,"notGeneratedCount":14},"message":"API Request Completed","timestamp":"2025-12-13 13:37:55"}
{"level":"info","url":"/api/admin/tokenstatussummary","method":"GET","status":true,"userId":null,"data":{"msg":"Token status summary request received","now":"2025-12-13T09:18:34.898Z"},"message":"API Request Completed","timestamp":"2025-12-13 14:48:34"}
{"level":"info","url":"/api/admin/tokenstatussummary","method":"GET","status":true,"userId":null,"data":{"msg":"Auto-expiring AngelOne login users if expiry passed","criteria":{"angelLoginUser":true,"role":"user","expiryLtNow":"2025-12-13T09:18:34.898Z"}},"message":"API Request Completed","timestamp":"2025-12-13 14:48:34"}
{"level":"info","url":"/api/admin/tokenstatussummary","method":"GET","status":true,"userId":null,"data":{"msg":"AngelOne login auto-expire update completed","expiredCount":0},"message":"API Request Completed","timestamp":"2025-12-13 14:48:35"}
{"level":"info","url":"/api/admin/tokenstatussummary","method":"GET","status":true,"userId":null,"data":{"msg":"Fetching users with active AngelOne login"},"message":"API Request Completed","timestamp":"2025-12-13 14:48:35"}
{"level":"info","url":"/api/admin/tokenstatussummary","method":"GET","status":true,"userId":null,"data":{"msg":"Fetched generated users","count":2},"message":"API Request Completed","timestamp":"2025-12-13 14:48:35"}
{"level":"info","url":"/api/admin/tokenstatussummary","method":"GET","status":true,"userId":null,"data":{"msg":"Fetching users without AngelOne login"},"message":"API Request Completed","timestamp":"2025-12-13 14:48:35"}
{"level":"info","url":"/api/admin/tokenstatussummary","method":"GET","status":true,"userId":null,"data":{"msg":"Fetched non-generated users","count":14},"message":"API Request Completed","timestamp":"2025-12-13 14:48:35"}
{"level":"info","url":"/api/admin/tokenstatussummary","method":"GET","status":true,"userId":null,"data":{"msg":"Token status summary prepared successfully","generatedCount":2,"notGeneratedCount":14},"message":"API Request Completed","timestamp":"2025-12-13 14:48:35"}
{"level":"error","url":"/api/admin/getusers/pnldata","method":"GET","status":false,"userId":null,"data":{"msg":"getTodayPnlForAllUsers failed"},"message":"column \"firstname\" does not exist","timestamp":"2025-12-13 14:57:20"}
{"level":"info","url":"/api/admin/getusers/pnldata","method":"GET","status":true,"userId":null,"data":{"msg":"Today's PnL for all users fetched","userCount":3},"message":"API Request Completed","timestamp":"2025-12-13 14:57:57"}
{"level":"info","url":"/api/admin/getusers/pnldata","method":"GET","status":true,"userId":null,"data":{"msg":"Today's PnL for all users fetched","userCount":3},"message":"API Request Completed","timestamp":"2025-12-13 14:58:33"}
{"level":"info","url":"/api/admin/tokenstatussummary","method":"GET","status":true,"userId":null,"data":{"msg":"Token status summary request received","now":"2025-12-13T09:38:07.162Z"},"message":"API Request Completed","timestamp":"2025-12-13 15:08:07"}
{"level":"info","url":"/api/admin/tokenstatussummary","method":"GET","status":true,"userId":null,"data":{"msg":"Auto-expiring AngelOne login users if expiry passed","criteria":{"angelLoginUser":true,"role":"user","expiryLtNow":"2025-12-13T09:38:07.162Z"}},"message":"API Request Completed","timestamp":"2025-12-13 15:08:07"}
{"level":"info","url":"/api/admin/tokenstatussummary","method":"GET","status":true,"userId":null,"data":{"msg":"AngelOne login auto-expire update completed","expiredCount":0},"message":"API Request Completed","timestamp":"2025-12-13 15:08:07"}
{"level":"info","url":"/api/admin/tokenstatussummary","method":"GET","status":true,"userId":null,"data":{"msg":"Fetching users with active AngelOne login"},"message":"API Request Completed","timestamp":"2025-12-13 15:08:07"}
{"level":"info","url":"/api/admin/tokenstatussummary","method":"GET","status":true,"userId":null,"data":{"msg":"Fetched generated users","count":2},"message":"API Request Completed","timestamp":"2025-12-13 15:08:07"}
{"level":"info","url":"/api/admin/tokenstatussummary","method":"GET","status":true,"userId":null,"data":{"msg":"Fetching users without AngelOne login"},"message":"API Request Completed","timestamp":"2025-12-13 15:08:07"}
{"level":"info","url":"/api/admin/tokenstatussummary","method":"GET","status":true,"userId":null,"data":{"msg":"Fetched non-generated users","count":14},"message":"API Request Completed","timestamp":"2025-12-13 15:08:07"}
{"level":"info","url":"/api/admin/tokenstatussummary","method":"GET","status":true,"userId":null,"data":{"msg":"Token status summary prepared successfully","generatedCount":2,"notGeneratedCount":14},"message":"API Request Completed","timestamp":"2025-12-13 15:08:07"}
{"level":"info","url":"/api/admin/getusers/pnldata","method":"GET","status":true,"userId":null,"data":{"msg":"Today's PnL for all users fetched","userCount":3},"message":"API Request Completed","timestamp":"2025-12-13 15:09:59"}
{"level":"info","url":"/api/admin/getusers/pnldata","method":"GET","status":true,"userId":null,"data":{"msg":"Today's PnL for all users fetched","userCount":3},"message":"API Request Completed","timestamp":"2025-12-13 15:10:46"}
{"level":"info","url":"/api/admin/getusers/pnldata","method":"GET","status":true,"userId":null,"data":{"msg":"Today's PnL for all users fetched","userCount":3},"message":"API Request Completed","timestamp":"2025-12-13 15:11:13"}
{"level":"info","url":"/api/admin/getusers/pnldata","method":"GET","status":true,"userId":null,"data":{"msg":"Today's PnL for all users fetched","userCount":3},"message":"API Request Completed","timestamp":"2025-12-13 15:13:06"}
{"level":"info","url":"/api/admin/getusers/pnldata","method":"POST","status":true,"userId":null,"data":{"msg":"Today's PnL for all users fetched","userCount":3},"message":"API Request Completed","timestamp":"2025-12-13 15:14:12"}
{"level":"info","url":"/api/admin/getusers/pnldata","method":"POST","status":true,"userId":null,"data":{"msg":"Today's PnL for all users fetched","userCount":3},"message":"API Request Completed","timestamp":"2025-12-13 15:15:30"}
{"level":"info","url":"/api/admin/getusers/pnldata","method":"POST","status":true,"userId":null,"data":{"msg":"User PnL fetch started","range":{"from":"2025-12-13T00:00:00.000Z","to":"2025-12-13T23:59:59.999Z"}},"message":"API Request Completed","timestamp":"2025-12-13 15:22:42"}
{"level":"info","url":"/api/admin/getusers/pnldata","method":"POST","status":true,"userId":null,"data":{"msg":"No orders found in range"},"message":"API Request Completed","timestamp":"2025-12-13 15:22:42"}
{"level":"info","url":"/api/admin/getusers/pnldata","method":"POST","status":true,"userId":null,"data":{"msg":"User PnL fetch started","range":{"from":"2025-12-13T00:00:00.000Z","to":"2025-12-13T23:59:59.999Z"}},"message":"API Request Completed","timestamp":"2025-12-13 15:22:47"}
{"level":"info","url":"/api/admin/getusers/pnldata","method":"POST","status":true,"userId":null,"data":{"msg":"No orders found in range"},"message":"API Request Completed","timestamp":"2025-12-13 15:22:47"}
{"level":"info","url":"/api/admin/getusers/pnldata","method":"POST","status":true,"userId":null,"data":{"msg":"User PnL fetch started","range":{"from":"2025-12-13T00:00:00.000Z","to":"2025-12-13T23:59:59.999Z"}},"message":"API Request Completed","timestamp":"2025-12-13 15:22:48"}
{"level":"info","url":"/api/admin/getusers/pnldata","method":"POST","status":true,"userId":null,"data":{"msg":"No orders found in range"},"message":"API Request Completed","timestamp":"2025-12-13 15:22:48"}
{"level":"info","url":"/api/admin/getusers/pnldata","method":"POST","status":true,"userId":null,"data":{"msg":"User PnL fetch started","range":{"from":"2025-12-13T00:00:00.000Z","to":"2025-12-13T23:59:59.999Z"}},"message":"API Request Completed","timestamp":"2025-12-13 15:22:48"}
{"level":"info","url":"/api/admin/getusers/pnldata","method":"POST","status":true,"userId":null,"data":{"msg":"No orders found in range"},"message":"API Request Completed","timestamp":"2025-12-13 15:22:48"}
{"level":"info","url":"/api/admin/getusers/pnldata","method":"POST","status":true,"userId":null,"data":{"msg":"User PnL fetch started","range":{"from":"2025-12-13T00:00:00.000Z","to":"2025-12-13T23:59:59.999Z"}},"message":"API Request Completed","timestamp":"2025-12-13 15:22:48"}
{"level":"info","url":"/api/admin/getusers/pnldata","method":"POST","status":true,"userId":null,"data":{"msg":"No orders found in range"},"message":"API Request Completed","timestamp":"2025-12-13 15:22:48"}
{"level":"info","url":"/api/admin/getusers/pnldata","method":"POST","status":true,"userId":null,"data":{"msg":"User PnL fetch started","range":{"from":"2025-12-13T00:00:00.000Z","to":"2025-12-13T23:59:59.999Z"}},"message":"API Request Completed","timestamp":"2025-12-13 15:23:04"}
{"level":"info","url":"/api/admin/getusers/pnldata","method":"POST","status":true,"userId":null,"data":{"msg":"No orders found in range"},"message":"API Request Completed","timestamp":"2025-12-13 15:23:04"}
{"level":"info","url":"/api/admin/getusers/pnldata","method":"POST","status":true,"userId":null,"data":{"msg":"Today's PnL for all users fetched","userCount":3},"message":"API Request Completed","timestamp":"2025-12-13 15:23:48"}
{"level":"info","url":"/api/admin/getusers/pnldata","method":"POST","status":true,"userId":null,"data":{"msg":"Today's PnL for all users fetched","userCount":3},"message":"API Request Completed","timestamp":"2025-12-13 15:23:54"}
{"level":"info","url":"/api/admin/getusers/pnldata","method":"POST","status":true,"userId":null,"data":{"msg":"Today's PnL for all users fetched","userCount":3},"message":"API Request Completed","timestamp":"2025-12-13 15:24:34"}
{"level":"info","url":"/api/admin/getusers/pnldata","method":"POST","status":true,"userId":null,"data":{"msg":"Today's PnL for all users fetched","userCount":3},"message":"API Request Completed","timestamp":"2025-12-13 15:26:15"}
{"level":"info","url":"/api/admin/getusers/pnldata","method":"POST","status":true,"userId":null,"data":{"msg":"Today's PnL for all users fetched","userCount":3},"message":"API Request Completed","timestamp":"2025-12-13 15:26:21"}
{"level":"info","url":"/api/admin/getusers/pnldata","method":"POST","status":true,"userId":null,"data":{"msg":"Today's PnL for all users fetched","userCount":3},"message":"API Request Completed","timestamp":"2025-12-13 15:27:23"}
{"level":"info","url":"/api/admin/getusers/pnldata","method":"POST","status":true,"userId":null,"data":{"msg":"Today's PnL for all users fetched","userCount":3},"message":"API Request Completed","timestamp":"2025-12-13 15:28:07"}
{"level":"info","url":"/api/admin/getusers/pnldata","method":"POST","status":true,"userId":null,"data":{"msg":"Today's PnL for all users fetched","userCount":3},"message":"API Request Completed","timestamp":"2025-12-13 15:28:13"}
{"level":"info","url":"/api/admin/getusers/pnldata","method":"POST","status":true,"userId":null,"data":{"msg":"PnL for all users fetched","userCount":9,"dateRange":{"from":"2025-11-30T18:30:00.000Z","to":"2025-12-12T18:30:00.000Z"}},"message":"API Request Completed","timestamp":"2025-12-13 15:31:59"}
{"level":"info","url":"/api/admin/getusers/pnldata","method":"POST","status":true,"userId":null,"data":{"msg":"PnL for all users fetched","userCount":4,"dateRange":{"from":"10 December 2025","to":"12 December 2025"}},"message":"API Request Completed","timestamp":"2025-12-13 15:34:43"}
{"level":"info","url":"/api/admin/getusers/pnldata","method":"POST","status":true,"userId":null,"data":{"msg":"PnL for all users fetched","userCount":4,"dateRange":{"from":"10 December 2025","to":"12 December 2025"}},"message":"API Request Completed","timestamp":"2025-12-13 15:34:53"}
{"level":"info","url":"/api/admin/getusers/pnldata","method":"POST","status":true,"userId":null,"data":{"msg":"PnL for all users fetched","userCount":4,"dateRange":{"from":"10 December 2025","to":"12 December 2025"}},"message":"API Request Completed","timestamp":"2025-12-13 15:36:05"}
{"level":"info","url":"/api/admin/getusers/pnldata","method":"POST","status":true,"userId":null,"data":{"msg":"PnL for all users fetched","userCount":4,"dateRange":{"from":"10 December 2025","to":"12 December 2025"}},"message":"API Request Completed","timestamp":"2025-12-13 15:36:14"}
{"level":"info","url":"/api/admin/getusers/pnldata","method":"POST","status":true,"userId":null,"data":{"msg":"PnL for all users fetched by date","dataCount":8},"message":"API Request Completed","timestamp":"2025-12-13 15:38:19"}
{"level":"info","url":"/api/admin/getusers/pnldata","method":"POST","status":true,"userId":null,"data":{"msg":"PnL for all users fetched by date","dataCount":8},"message":"API Request Completed","timestamp":"2025-12-13 15:38:55"}
{"level":"info","url":"/api/admin/getusers/pnldata","method":"POST","status":true,"userId":null,"data":{"msg":"PnL for all users fetched by date","dataCount":8},"message":"API Request Completed","timestamp":"2025-12-13 15:40:51"}
{"level":"info","url":"/api/admin/getusers/pnldata","method":"POST","status":true,"userId":null,"data":{"msg":"PnL for all users fetched by date","dataCount":10},"message":"API Request Completed","timestamp":"2025-12-13 15:43:50"}
{"level":"info","url":"/api/admin/getusers/pnldata","method":"POST","status":true,"userId":null,"data":{"msg":"PnL for all users fetched by date","dataCount":10},"message":"API Request Completed","timestamp":"2025-12-13 15:45:44"}
{"level":"info","url":"/api/admin/getusers/pnldata","method":"POST","status":true,"userId":null,"data":{"msg":"PnL for all users fetched by date","dataCount":10},"message":"API Request Completed","timestamp":"2025-12-13 15:45:58"}
{"level":"info","url":"/api/admin/tokenstatussummary","method":"GET","status":true,"userId":null,"data":{"msg":"Token status summary request received","now":"2025-12-13T10:16:24.774Z"},"message":"API Request Completed","timestamp":"2025-12-13 15:46:24"}
{"level":"info","url":"/api/admin/tokenstatussummary","method":"GET","status":true,"userId":null,"data":{"msg":"Auto-expiring AngelOne login users if expiry passed","criteria":{"angelLoginUser":true,"role":"user","expiryLtNow":"2025-12-13T10:16:24.774Z"}},"message":"API Request Completed","timestamp":"2025-12-13 15:46:24"}
{"level":"info","url":"/api/admin/tokenstatussummary","method":"GET","status":true,"userId":null,"data":{"msg":"AngelOne login auto-expire update completed","expiredCount":0},"message":"API Request Completed","timestamp":"2025-12-13 15:46:24"}
{"level":"info","url":"/api/admin/tokenstatussummary","method":"GET","status":true,"userId":null,"data":{"msg":"Fetching users with active AngelOne login"},"message":"API Request Completed","timestamp":"2025-12-13 15:46:24"}
{"level":"info","url":"/api/admin/tokenstatussummary","method":"GET","status":true,"userId":null,"data":{"msg":"Fetched generated users","count":2},"message":"API Request Completed","timestamp":"2025-12-13 15:46:24"}
{"level":"info","url":"/api/admin/tokenstatussummary","method":"GET","status":true,"userId":null,"data":{"msg":"Fetching users without AngelOne login"},"message":"API Request Completed","timestamp":"2025-12-13 15:46:24"}
{"level":"info","url":"/api/admin/tokenstatussummary","method":"GET","status":true,"userId":null,"data":{"msg":"Fetched non-generated users","count":14},"message":"API Request Completed","timestamp":"2025-12-13 15:46:24"}
{"level":"info","url":"/api/admin/tokenstatussummary","method":"GET","status":true,"userId":null,"data":{"msg":"Token status summary prepared successfully","generatedCount":2,"notGeneratedCount":14},"message":"API Request Completed","timestamp":"2025-12-13 15:46:24"}
{"level":"info","url":"/api/admin/tokenstatussummary","method":"GET","status":true,"userId":null,"data":{"msg":"Token status summary request received","now":"2025-12-13T10:16:33.724Z"},"message":"API Request Completed","timestamp":"2025-12-13 15:46:33"}
{"level":"info","url":"/api/admin/tokenstatussummary","method":"GET","status":true,"userId":null,"data":{"msg":"Auto-expiring AngelOne login users if expiry passed","criteria":{"angelLoginUser":true,"role":"user","expiryLtNow":"2025-12-13T10:16:33.724Z"}},"message":"API Request Completed","timestamp":"2025-12-13 15:46:33"}
{"level":"info","url":"/api/admin/tokenstatussummary","method":"GET","status":true,"userId":null,"data":{"msg":"AngelOne login auto-expire update completed","expiredCount":0},"message":"API Request Completed","timestamp":"2025-12-13 15:46:33"}
{"level":"info","url":"/api/admin/tokenstatussummary","method":"GET","status":true,"userId":null,"data":{"msg":"Fetching users with active AngelOne login"},"message":"API Request Completed","timestamp":"2025-12-13 15:46:33"}
{"level":"info","url":"/api/admin/tokenstatussummary","method":"GET","status":true,"userId":null,"data":{"msg":"Fetched generated users","count":2},"message":"API Request Completed","timestamp":"2025-12-13 15:46:33"}
{"level":"info","url":"/api/admin/tokenstatussummary","method":"GET","status":true,"userId":null,"data":{"msg":"Fetching users without AngelOne login"},"message":"API Request Completed","timestamp":"2025-12-13 15:46:33"}
{"level":"info","url":"/api/admin/tokenstatussummary","method":"GET","status":true,"userId":null,"data":{"msg":"Fetched non-generated users","count":14},"message":"API Request Completed","timestamp":"2025-12-13 15:46:33"}
{"level":"info","url":"/api/admin/tokenstatussummary","method":"GET","status":true,"userId":null,"data":{"msg":"Token status summary prepared successfully","generatedCount":2,"notGeneratedCount":14},"message":"API Request Completed","timestamp":"2025-12-13 15:46:33"}
{"level":"info","url":"/api/admin/tokenstatussummary","method":"GET","status":true,"userId":null,"data":{"msg":"Token status summary request received","now":"2025-12-13T10:27:47.250Z"},"message":"API Request Completed","timestamp":"2025-12-13 15:57:47"}
{"level":"info","url":"/api/admin/tokenstatussummary","method":"GET","status":true,"userId":null,"data":{"msg":"Auto-expiring AngelOne login users if expiry passed","criteria":{"angelLoginUser":true,"role":"user","expiryLtNow":"2025-12-13T10:27:47.250Z"}},"message":"API Request Completed","timestamp":"2025-12-13 15:57:47"}
{"level":"info","url":"/api/admin/tokenstatussummary","method":"GET","status":true,"userId":null,"data":{"msg":"AngelOne login auto-expire update completed","expiredCount":0},"message":"API Request Completed","timestamp":"2025-12-13 15:57:47"}
{"level":"info","url":"/api/admin/tokenstatussummary","method":"GET","status":true,"userId":null,"data":{"msg":"Fetching users with active AngelOne login"},"message":"API Request Completed","timestamp":"2025-12-13 15:57:47"}
{"level":"info","url":"/api/admin/tokenstatussummary","method":"GET","status":true,"userId":null,"data":{"msg":"Fetched generated users","count":2},"message":"API Request Completed","timestamp":"2025-12-13 15:57:47"}
{"level":"info","url":"/api/admin/tokenstatussummary","method":"GET","status":true,"userId":null,"data":{"msg":"Fetching users without AngelOne login"},"message":"API Request Completed","timestamp":"2025-12-13 15:57:47"}
{"level":"info","url":"/api/admin/tokenstatussummary","method":"GET","status":true,"userId":null,"data":{"msg":"Fetched non-generated users","count":14},"message":"API Request Completed","timestamp":"2025-12-13 15:57:47"}
{"level":"info","url":"/api/admin/tokenstatussummary","method":"GET","status":true,"userId":null,"data":{"msg":"Token status summary prepared successfully","generatedCount":2,"notGeneratedCount":14},"message":"API Request Completed","timestamp":"2025-12-13 15:57:47"}
{"level":"info","url":"/api/admin/getusers/pnldata","method":"POST","status":true,"userId":null,"data":{"msg":"PnL for all users fetched by date","dataCount":27},"message":"API Request Completed","timestamp":"2025-12-13 16:05:53"}
{"level":"info","url":"/api/admin/tokenstatussummary","method":"GET","status":true,"userId":null,"data":{"msg":"Token status summary request received","now":"2025-12-13T12:03:55.705Z"},"message":"API Request Completed","timestamp":"2025-12-13 17:33:55"}
{"level":"info","url":"/api/admin/tokenstatussummary","method":"GET","status":true,"userId":null,"data":{"msg":"Auto-expiring AngelOne login users if expiry passed","criteria":{"angelLoginUser":true,"role":"user","expiryLtNow":"2025-12-13T12:03:55.705Z"}},"message":"API Request Completed","timestamp":"2025-12-13 17:33:55"}
{"level":"info","url":"/api/admin/tokenstatussummary","method":"GET","status":true,"userId":null,"data":{"msg":"AngelOne login auto-expire update completed","expiredCount":0},"message":"API Request Completed","timestamp":"2025-12-13 17:33:55"}
{"level":"info","url":"/api/admin/tokenstatussummary","method":"GET","status":true,"userId":null,"data":{"msg":"Fetching users with active AngelOne login"},"message":"API Request Completed","timestamp":"2025-12-13 17:33:55"}
{"level":"info","url":"/api/admin/tokenstatussummary","method":"GET","status":true,"userId":null,"data":{"msg":"Fetched generated users","count":1},"message":"API Request Completed","timestamp":"2025-12-13 17:33:55"}
{"level":"info","url":"/api/admin/tokenstatussummary","method":"GET","status":true,"userId":null,"data":{"msg":"Fetching users without AngelOne login"},"message":"API Request Completed","timestamp":"2025-12-13 17:33:55"}
{"level":"info","url":"/api/admin/tokenstatussummary","method":"GET","status":true,"userId":null,"data":{"msg":"Fetched non-generated users","count":13},"message":"API Request Completed","timestamp":"2025-12-13 17:33:55"}
{"level":"info","url":"/api/admin/tokenstatussummary","method":"GET","status":true,"userId":null,"data":{"msg":"Token status summary prepared successfully","generatedCount":1,"notGeneratedCount":13},"message":"API Request Completed","timestamp":"2025-12-13 17:33:55"}
{"level":"info","url":"/api/admin/tokenstatussummary","method":"GET","status":true,"userId":null,"data":{"msg":"Token status summary request received","now":"2025-12-13T12:03:58.039Z"},"message":"API Request Completed","timestamp":"2025-12-13 17:33:58"}
{"level":"info","url":"/api/admin/tokenstatussummary","method":"GET","status":true,"userId":null,"data":{"msg":"Auto-expiring AngelOne login users if expiry passed","criteria":{"angelLoginUser":true,"role":"user","expiryLtNow":"2025-12-13T12:03:58.039Z"}},"message":"API Request Completed","timestamp":"2025-12-13 17:33:58"}
{"level":"info","url":"/api/admin/tokenstatussummary","method":"GET","status":true,"userId":null,"data":{"msg":"AngelOne login auto-expire update completed","expiredCount":0},"message":"API Request Completed","timestamp":"2025-12-13 17:33:58"}
{"level":"info","url":"/api/admin/tokenstatussummary","method":"GET","status":true,"userId":null,"data":{"msg":"Fetching users with active AngelOne login"},"message":"API Request Completed","timestamp":"2025-12-13 17:33:58"}
{"level":"info","url":"/api/admin/tokenstatussummary","method":"GET","status":true,"userId":null,"data":{"msg":"Fetched generated users","count":1},"message":"API Request Completed","timestamp":"2025-12-13 17:33:58"}
{"level":"info","url":"/api/admin/tokenstatussummary","method":"GET","status":true,"userId":null,"data":{"msg":"Fetching users without AngelOne login"},"message":"API Request Completed","timestamp":"2025-12-13 17:33:58"}
{"level":"info","url":"/api/admin/tokenstatussummary","method":"GET","status":true,"userId":null,"data":{"msg":"Fetched non-generated users","count":13},"message":"API Request Completed","timestamp":"2025-12-13 17:33:58"}
{"level":"info","url":"/api/admin/tokenstatussummary","method":"GET","status":true,"userId":null,"data":{"msg":"Token status summary prepared successfully","generatedCount":1,"notGeneratedCount":13},"message":"API Request Completed","timestamp":"2025-12-13 17:33:58"}
{"level":"info","url":"/api/admin/tokenstatussummary","method":"GET","status":true,"userId":null,"data":{"msg":"Token status summary request received","now":"2025-12-13T12:04:08.251Z"},"message":"API Request Completed","timestamp":"2025-12-13 17:34:08"}
{"level":"info","url":"/api/admin/tokenstatussummary","method":"GET","status":true,"userId":null,"data":{"msg":"Auto-expiring AngelOne login users if expiry passed","criteria":{"angelLoginUser":true,"role":"user","expiryLtNow":"2025-12-13T12:04:08.251Z"}},"message":"API Request Completed","timestamp":"2025-12-13 17:34:08"}
{"level":"info","url":"/api/admin/tokenstatussummary","method":"GET","status":true,"userId":null,"data":{"msg":"AngelOne login auto-expire update completed","expiredCount":0},"message":"API Request Completed","timestamp":"2025-12-13 17:34:08"}
{"level":"info","url":"/api/admin/tokenstatussummary","method":"GET","status":true,"userId":null,"data":{"msg":"Fetching users with active AngelOne login"},"message":"API Request Completed","timestamp":"2025-12-13 17:34:08"}
{"level":"info","url":"/api/admin/tokenstatussummary","method":"GET","status":true,"userId":null,"data":{"msg":"Fetched generated users","count":1},"message":"API Request Completed","timestamp":"2025-12-13 17:34:08"}
{"level":"info","url":"/api/admin/tokenstatussummary","method":"GET","status":true,"userId":null,"data":{"msg":"Fetching users without AngelOne login"},"message":"API Request Completed","timestamp":"2025-12-13 17:34:08"}
{"level":"info","url":"/api/admin/tokenstatussummary","method":"GET","status":true,"userId":null,"data":{"msg":"Fetched non-generated users","count":13},"message":"API Request Completed","timestamp":"2025-12-13 17:34:08"}
{"level":"info","url":"/api/admin/tokenstatussummary","method":"GET","status":true,"userId":null,"data":{"msg":"Token status summary prepared successfully","generatedCount":1,"notGeneratedCount":13},"message":"API Request Completed","timestamp":"2025-12-13 17:34:08"}
{"level":"info","url":"/api/admin/tokenstatussummary","method":"GET","status":true,"userId":null,"data":{"msg":"Token status summary request received","now":"2025-12-13T12:06:33.284Z"},"message":"API Request Completed","timestamp":"2025-12-13 17:36:33"}
{"level":"info","url":"/api/admin/tokenstatussummary","method":"GET","status":true,"userId":null,"data":{"msg":"Auto-expiring AngelOne login users if expiry passed","criteria":{"angelLoginUser":true,"role":"user","expiryLtNow":"2025-12-13T12:06:33.284Z"}},"message":"API Request Completed","timestamp":"2025-12-13 17:36:33"}
{"level":"info","url":"/api/admin/tokenstatussummary","method":"GET","status":true,"userId":null,"data":{"msg":"AngelOne login auto-expire update completed","expiredCount":0},"message":"API Request Completed","timestamp":"2025-12-13 17:36:33"}
{"level":"info","url":"/api/admin/tokenstatussummary","method":"GET","status":true,"userId":null,"data":{"msg":"Fetching users with active AngelOne login"},"message":"API Request Completed","timestamp":"2025-12-13 17:36:33"}
{"level":"info","url":"/api/admin/tokenstatussummary","method":"GET","status":true,"userId":null,"data":{"msg":"Fetched generated users","count":3},"message":"API Request Completed","timestamp":"2025-12-13 17:36:33"}
{"level":"info","url":"/api/admin/tokenstatussummary","method":"GET","status":true,"userId":null,"data":{"msg":"Fetching users without AngelOne login"},"message":"API Request Completed","timestamp":"2025-12-13 17:36:33"}
{"level":"info","url":"/api/admin/tokenstatussummary","method":"GET","status":true,"userId":null,"data":{"msg":"Fetched non-generated users","count":13},"message":"API Request Completed","timestamp":"2025-12-13 17:36:33"}
{"level":"info","url":"/api/admin/tokenstatussummary","method":"GET","status":true,"userId":null,"data":{"msg":"Token status summary prepared successfully","generatedCount":3,"notGeneratedCount":13},"message":"API Request Completed","timestamp":"2025-12-13 17:36:33"}
