{"level":"info","url":"","method":"","status":true,"userId":null,"data":"Broker instrument fetching started!","message":"API Request Completed","timestamp":"2026-01-22 10:13:04"}
{"level":"info","url":"","method":"","status":true,"userId":null,"data":"All broker instruments fetched successfully","message":"API Request Completed","timestamp":"2026-01-22 10:13:12"}
{"level":"info","url":"","method":"","status":true,"userId":null,"data":"Groww instrument map done!","message":"API Request Completed","timestamp":"2026-01-22 10:13:12"}
{"level":"info","url":"","method":"","status":true,"userId":null,"data":"Kite instrument map done!","message":"API Request Completed","timestamp":"2026-01-22 10:13:12"}
{"level":"info","url":"","method":"","status":true,"userId":null,"data":"Finvasia instrument map done!","message":"API Request Completed","timestamp":"2026-01-22 10:13:12"}
{"level":"info","url":"","method":"","status":true,"userId":null,"data":"Upstox instrument map done!","message":"API Request Completed","timestamp":"2026-01-22 10:13:13"}
{"level":"info","url":"","method":"","status":true,"userId":null,"data":"Fyers instrument map done!","message":"API Request Completed","timestamp":"2026-01-22 10:13:13"}
{"level":"info","url":"","method":"","status":true,"userId":null,"data":"165451 Fyers matches found","message":"API Request Completed","timestamp":"2026-01-22 10:13:16"}
{"level":"info","url":"","method":"","status":true,"userId":null,"data":"Match instrument done!","message":"API Request Completed","timestamp":"2026-01-22 10:13:16"}
{"level":"info","url":"","method":"","status":true,"userId":null,"data":"Merge instrument done!","message":"API Request Completed","timestamp":"2026-01-22 10:13:17"}
{"level":"info","url":"","method":"","status":true,"userId":null,"data":"Final merged instruments: 266057 records","message":"API Request Completed","timestamp":"2026-01-22 10:13:17"}
{"level":"info","url":"","method":"","status":true,"userId":null,"data":"Payload stringify instrument running...","message":"API Request Completed","timestamp":"2026-01-22 10:13:17"}
{"level":"info","url":"","method":"","status":true,"userId":null,"data":"Payload stringify instrument done !","message":"API Request Completed","timestamp":"2026-01-22 10:13:18"}
{"level":"info","url":"","method":"","status":true,"userId":null,"data":"============== Duration: 16250ms ==============","message":"API Request Completed","timestamp":"2026-01-22 10:13:20"}
{"level":"info","url":"","method":"","status":true,"userId":null,"data":"✔️ Worker completed successfully!","message":"API Request Completed","timestamp":"2026-01-22 10:13:20"}
{"level":"error","url":"/api/order/user/common/holding","method":"GET","status":false,"userId":11,"data":{"msg":"kiteHoldingFun failed","userId":11,"broker":"kite","errorStatus":403},"message":"Request failed with status code 403","timestamp":"2026-01-22 10:18:58"}
{"level":"info","url":"/api/order/user/common/holding","method":"GET","status":true,"userId":41,"data":{"msg":"No holdings to sync (angelone)","userId":41},"message":"API Request Completed","timestamp":"2026-01-22 10:20:11"}
{"level":"error","url":"/api/admin/getall/holdingdata","method":"GET","status":false,"userId":null,"data":{"msg":"kiteHoldingFun failed","userId":3,"broker":"kite","errorStatus":403},"message":"Request failed with status code 403","timestamp":"2026-01-22 12:25:53"}
{"level":"error","url":"/api/admin/getall/holdingdata","method":"GET","status":false,"userId":null,"data":{"msg":"kiteHoldingFun failed","userId":21,"broker":"kite","errorStatus":403},"message":"Request failed with status code 403","timestamp":"2026-01-22 12:25:53"}
{"level":"error","url":"/api/admin/getall/holdingdata","method":"GET","status":false,"userId":null,"data":{"msg":"kiteHoldingFun failed","userId":11,"broker":"kite","errorStatus":403},"message":"Request failed with status code 403","timestamp":"2026-01-22 12:25:53"}
{"level":"error","url":"/api/admin/getall/holdingdata","method":"GET","status":false,"userId":null,"data":{"msg":"finavasiaHoldingFun failed","userId":23,"broker":"finvasia","errorStatus":401},"message":"Request failed with status code 401","timestamp":"2026-01-22 12:25:53"}
{"level":"info","url":"/api/admin/getall/holdingdata","method":"GET","status":true,"userId":null,"data":{"msg":"No holdings to sync (angelone)","userId":4},"message":"API Request Completed","timestamp":"2026-01-22 12:25:53"}
{"level":"info","url":"/api/admin/getall/holdingdata","method":"GET","status":true,"userId":null,"data":{"msg":"No holdings to sync (angelone)","userId":4},"message":"API Request Completed","timestamp":"2026-01-22 12:32:25"}
{"level":"error","url":"/api/admin/getall/holdingdata","method":"GET","status":false,"userId":null,"data":{"msg":"finavasiaHoldingFun failed","userId":23,"broker":"finvasia","errorStatus":401},"message":"Request failed with status code 401","timestamp":"2026-01-22 12:32:25"}
{"level":"error","url":"/api/admin/getall/holdingdata","method":"GET","status":false,"userId":null,"data":{"msg":"kiteHoldingFun failed","userId":21,"broker":"kite","errorStatus":403},"message":"Request failed with status code 403","timestamp":"2026-01-22 12:32:25"}
{"level":"error","url":"/api/admin/getall/holdingdata","method":"GET","status":false,"userId":null,"data":{"msg":"kiteHoldingFun failed","userId":11,"broker":"kite","errorStatus":403},"message":"Request failed with status code 403","timestamp":"2026-01-22 12:32:25"}
{"level":"error","url":"/api/admin/getall/holdingdata","method":"GET","status":false,"userId":null,"data":{"msg":"kiteHoldingFun failed","userId":3,"broker":"kite","errorStatus":403},"message":"Request failed with status code 403","timestamp":"2026-01-22 12:32:25"}
{"level":"error","url":"/api/admin/getall/holdingdata","method":"GET","status":false,"userId":null,"data":{"msg":"kiteHoldingFun failed","userId":11,"broker":"kite","errorStatus":403},"message":"Request failed with status code 403","timestamp":"2026-01-22 16:38:21"}
{"level":"info","url":"/api/admin/getall/holdingdata","method":"GET","status":true,"userId":null,"data":{"msg":"No holdings to sync (angelone)","userId":4},"message":"API Request Completed","timestamp":"2026-01-22 16:38:21"}
{"level":"error","url":"/api/admin/getall/holdingdata","method":"GET","status":false,"userId":null,"data":{"msg":"finavasiaHoldingFun failed","userId":23,"broker":"finvasia","errorStatus":401},"message":"Request failed with status code 401","timestamp":"2026-01-22 16:38:21"}
{"level":"error","url":"/api/admin/getall/holdingdata","method":"GET","status":false,"userId":null,"data":{"msg":"kiteHoldingFun failed","userId":3,"broker":"kite","errorStatus":403},"message":"Request failed with status code 403","timestamp":"2026-01-22 16:38:21"}
{"level":"error","url":"/api/admin/getall/holdingdata","method":"GET","status":false,"userId":null,"data":{"msg":"kiteHoldingFun failed","userId":21,"broker":"kite","errorStatus":403},"message":"Request failed with status code 403","timestamp":"2026-01-22 16:38:21"}
{"level":"info","url":"/api/admin/getall/holdingdata","method":"GET","status":true,"userId":null,"data":{"msg":"No angel positions found","userId":4},"message":"API Request Completed","timestamp":"2026-01-22 16:38:21"}
{"level":"error","url":"/api/admin/getall/holdingdata","method":"GET","status":false,"userId":null,"data":{"msg":"kiteHoldingFun failed","userId":3,"broker":"kite","errorStatus":403},"message":"Request failed with status code 403","timestamp":"2026-01-22 19:23:46"}
{"level":"error","url":"/api/admin/getall/holdingdata","method":"GET","status":false,"userId":null,"data":{"msg":"kiteHoldingFun failed","userId":21,"broker":"kite","errorStatus":403},"message":"Request failed with status code 403","timestamp":"2026-01-22 19:23:47"}
{"level":"error","url":"/api/admin/getall/holdingdata","method":"GET","status":false,"userId":null,"data":{"msg":"kiteHoldingFun failed","userId":11,"broker":"kite","errorStatus":403},"message":"Request failed with status code 403","timestamp":"2026-01-22 19:23:47"}
{"level":"error","url":"/api/admin/getall/holdingdata","method":"GET","status":false,"userId":null,"data":{"msg":"finavasiaHoldingFun failed","userId":23,"broker":"finvasia","errorStatus":401},"message":"Request failed with status code 401","timestamp":"2026-01-22 19:23:47"}
{"level":"info","url":"/api/admin/getall/holdingdata","method":"GET","status":true,"userId":null,"data":{"msg":"No holdings to sync (angelone)","userId":4},"message":"API Request Completed","timestamp":"2026-01-22 19:23:47"}
{"level":"info","url":"/api/admin/getall/holdingdata","method":"GET","status":true,"userId":null,"data":{"msg":"No angel positions found","userId":4},"message":"API Request Completed","timestamp":"2026-01-22 19:23:47"}
{"level":"info","url":"/api/admin/getall/holdingdata","method":"GET","status":true,"userId":null,"data":{"msg":"No holdings to sync (angelone)","userId":4},"message":"API Request Completed","timestamp":"2026-01-22 19:24:02"}
{"level":"error","url":"/api/admin/getall/holdingdata","method":"GET","status":false,"userId":null,"data":{"msg":"finavasiaHoldingFun failed","userId":23,"broker":"finvasia","errorStatus":401},"message":"Request failed with status code 401","timestamp":"2026-01-22 19:24:02"}
{"level":"error","url":"/api/admin/getall/holdingdata","method":"GET","status":false,"userId":null,"data":{"msg":"kiteHoldingFun failed","userId":3,"broker":"kite","errorStatus":403},"message":"Request failed with status code 403","timestamp":"2026-01-22 19:24:02"}
{"level":"error","url":"/api/admin/getall/holdingdata","method":"GET","status":false,"userId":null,"data":{"msg":"kiteHoldingFun failed","userId":21,"broker":"kite","errorStatus":403},"message":"Request failed with status code 403","timestamp":"2026-01-22 19:24:02"}
{"level":"error","url":"/api/admin/getall/holdingdata","method":"GET","status":false,"userId":null,"data":{"msg":"kiteHoldingFun failed","userId":11,"broker":"kite","errorStatus":403},"message":"Request failed with status code 403","timestamp":"2026-01-22 19:24:02"}
{"level":"info","url":"/api/admin/getall/holdingdata","method":"GET","status":true,"userId":null,"data":{"msg":"No angel positions found","userId":4},"message":"API Request Completed","timestamp":"2026-01-22 19:24:02"}
