{"level":"info","url":"","method":"","status":true,"userId":null,"data":"Broker instrument fetching started!","message":"API Request Completed","timestamp":"2026-01-19 10:42:06"}
{"level":"info","url":"","method":"","status":true,"userId":null,"data":"All broker instruments fetched successfully","message":"API Request Completed","timestamp":"2026-01-19 10:42:09"}
{"level":"info","url":"","method":"","status":true,"userId":null,"data":"Groww instrument map done!","message":"API Request Completed","timestamp":"2026-01-19 10:42:09"}
{"level":"info","url":"","method":"","status":true,"userId":null,"data":"Kite instrument map done!","message":"API Request Completed","timestamp":"2026-01-19 10:42:09"}
{"level":"info","url":"","method":"","status":true,"userId":null,"data":"Finvasia instrument map done!","message":"API Request Completed","timestamp":"2026-01-19 10:42:09"}
{"level":"info","url":"","method":"","status":true,"userId":null,"data":"Upstox instrument map done!","message":"API Request Completed","timestamp":"2026-01-19 10:42:10"}
{"level":"info","url":"","method":"","status":true,"userId":null,"data":"Fyers instrument map done!","message":"API Request Completed","timestamp":"2026-01-19 10:42:10"}
{"level":"info","url":"","method":"","status":true,"userId":null,"data":"141830 Fyers matches found","message":"API Request Completed","timestamp":"2026-01-19 10:42:12"}
{"level":"info","url":"","method":"","status":true,"userId":null,"data":"Match instrument done!","message":"API Request Completed","timestamp":"2026-01-19 10:42:12"}
{"level":"info","url":"","method":"","status":true,"userId":null,"data":"Merge instrument done!","message":"API Request Completed","timestamp":"2026-01-19 10:42:12"}
{"level":"info","url":"","method":"","status":true,"userId":null,"data":"Final merged instruments: 243977 records","message":"API Request Completed","timestamp":"2026-01-19 10:42:12"}
{"level":"info","url":"","method":"","status":true,"userId":null,"data":"Payload stringify instrument running...","message":"API Request Completed","timestamp":"2026-01-19 10:42:12"}
{"level":"info","url":"","method":"","status":true,"userId":null,"data":"Payload stringify instrument done!","message":"API Request Completed","timestamp":"2026-01-19 10:42:13"}
{"level":"info","url":"","method":"","status":true,"userId":null,"data":"============== Duration: 8838ms ==============","message":"API Request Completed","timestamp":"2026-01-19 10:42:15"}
{"level":"info","url":"","method":"","status":true,"userId":null,"data":"Broker instrument fetching started!","message":"API Request Completed","timestamp":"2026-01-19 10:42:24"}
{"level":"info","url":"","method":"","status":true,"userId":null,"data":"All broker instruments fetched successfully","message":"API Request Completed","timestamp":"2026-01-19 10:42:27"}
{"level":"info","url":"","method":"","status":true,"userId":null,"data":"Groww instrument map done!","message":"API Request Completed","timestamp":"2026-01-19 10:42:27"}
{"level":"info","url":"","method":"","status":true,"userId":null,"data":"Kite instrument map done!","message":"API Request Completed","timestamp":"2026-01-19 10:42:27"}
{"level":"info","url":"","method":"","status":true,"userId":null,"data":"Finvasia instrument map done!","message":"API Request Completed","timestamp":"2026-01-19 10:42:27"}
{"level":"info","url":"","method":"","status":true,"userId":null,"data":"Upstox instrument map done!","message":"API Request Completed","timestamp":"2026-01-19 10:42:27"}
{"level":"info","url":"","method":"","status":true,"userId":null,"data":"Fyers instrument map done!","message":"API Request Completed","timestamp":"2026-01-19 10:42:27"}
{"level":"info","url":"","method":"","status":true,"userId":null,"data":"141830 Fyers matches found","message":"API Request Completed","timestamp":"2026-01-19 10:42:30"}
{"level":"info","url":"","method":"","status":true,"userId":null,"data":"Match instrument done!","message":"API Request Completed","timestamp":"2026-01-19 10:42:30"}
{"level":"info","url":"","method":"","status":true,"userId":null,"data":"Merge instrument done!","message":"API Request Completed","timestamp":"2026-01-19 10:42:30"}
{"level":"info","url":"","method":"","status":true,"userId":null,"data":"Final merged instruments: 243977 records","message":"API Request Completed","timestamp":"2026-01-19 10:42:30"}
{"level":"info","url":"","method":"","status":true,"userId":null,"data":"Payload stringify instrument running...","message":"API Request Completed","timestamp":"2026-01-19 10:42:30"}
{"level":"info","url":"","method":"","status":true,"userId":null,"data":"Payload stringify instrument done!","message":"API Request Completed","timestamp":"2026-01-19 10:42:31"}
{"level":"info","url":"","method":"","status":true,"userId":null,"data":"============== Duration: 8731ms ==============","message":"API Request Completed","timestamp":"2026-01-19 10:42:32"}
{"level":"error","url":"/api/admin/getall/holdingdata","method":"GET","status":false,"userId":null,"data":{"msg":"kiteHoldingFun failed","userId":3,"broker":"kite","errorStatus":403},"message":"Request failed with status code 403","timestamp":"2026-01-19 15:55:25"}
{"level":"error","url":"/api/admin/getall/holdingdata","method":"GET","status":false,"userId":null,"data":{"msg":"finavasiaHoldingFun failed","userId":23,"broker":"finvasia","errorStatus":401},"message":"Request failed with status code 401","timestamp":"2026-01-19 15:55:25"}
{"level":"info","url":"/api/admin/getall/holdingdata","method":"GET","status":true,"userId":null,"data":{"msg":"No holdings to sync (angelone)","userId":4},"message":"API Request Completed","timestamp":"2026-01-19 15:55:25"}
{"level":"error","url":"/api/admin/getall/holdingdata","method":"GET","status":false,"userId":null,"data":{"msg":"kiteHoldingFun failed","userId":21,"broker":"kite","errorStatus":403},"message":"Request failed with status code 403","timestamp":"2026-01-19 15:55:25"}
{"level":"error","url":"/api/admin/getall/holdingdata","method":"GET","status":false,"userId":null,"data":{"msg":"kiteHoldingFun failed","userId":11,"broker":"kite","errorStatus":403},"message":"Request failed with status code 403","timestamp":"2026-01-19 15:55:25"}
{"level":"info","url":"/api/admin/getall/holdingdata","method":"GET","status":true,"userId":null,"data":{"msg":"No holdings to sync (angelone)","userId":52},"message":"API Request Completed","timestamp":"2026-01-19 15:55:25"}
{"level":"info","url":"/api/admin/getall/holdingdata","method":"GET","status":true,"userId":null,"data":{"msg":"No holdings to sync (angelone)","userId":41},"message":"API Request Completed","timestamp":"2026-01-19 15:55:25"}
{"level":"info","url":"/api/admin/getall/holdingdata","method":"GET","status":true,"userId":null,"data":{"msg":"No angel positions found","userId":4},"message":"API Request Completed","timestamp":"2026-01-19 15:55:25"}
{"level":"error","url":"/api/admin/getall/holdingdata","method":"GET","status":false,"userId":null,"data":{"msg":"kiteHoldingFun failed","userId":3,"broker":"kite","errorStatus":403},"message":"Request failed with status code 403","timestamp":"2026-01-19 15:55:42"}
{"level":"error","url":"/api/admin/getall/holdingdata","method":"GET","status":false,"userId":null,"data":{"msg":"finavasiaHoldingFun failed","userId":23,"broker":"finvasia","errorStatus":401},"message":"Request failed with status code 401","timestamp":"2026-01-19 15:55:42"}
{"level":"info","url":"/api/admin/getall/holdingdata","method":"GET","status":true,"userId":null,"data":{"msg":"No holdings to sync (angelone)","userId":4},"message":"API Request Completed","timestamp":"2026-01-19 15:55:42"}
{"level":"error","url":"/api/admin/getall/holdingdata","method":"GET","status":false,"userId":null,"data":{"msg":"kiteHoldingFun failed","userId":21,"broker":"kite","errorStatus":403},"message":"Request failed with status code 403","timestamp":"2026-01-19 15:55:42"}
{"level":"error","url":"/api/admin/getall/holdingdata","method":"GET","status":false,"userId":null,"data":{"msg":"kiteHoldingFun failed","userId":11,"broker":"kite","errorStatus":403},"message":"Request failed with status code 403","timestamp":"2026-01-19 15:55:42"}
{"level":"info","url":"/api/admin/getall/holdingdata","method":"GET","status":true,"userId":null,"data":{"msg":"No holdings to sync (angelone)","userId":52},"message":"API Request Completed","timestamp":"2026-01-19 15:55:42"}
{"level":"info","url":"/api/admin/getall/holdingdata","method":"GET","status":true,"userId":null,"data":{"msg":"No holdings to sync (angelone)","userId":41},"message":"API Request Completed","timestamp":"2026-01-19 15:55:42"}
{"level":"info","url":"/api/admin/getall/holdingdata","method":"GET","status":true,"userId":null,"data":{"msg":"No angel positions found","userId":4},"message":"API Request Completed","timestamp":"2026-01-19 15:55:42"}
{"level":"error","url":"/api/admin/getall/holdingdata","method":"GET","status":false,"userId":null,"data":{"msg":"finavasiaHoldingFun failed","userId":23,"broker":"finvasia","errorStatus":401},"message":"Request failed with status code 401","timestamp":"2026-01-19 15:58:22"}
{"level":"error","url":"/api/admin/getall/holdingdata","method":"GET","status":false,"userId":null,"data":{"msg":"kiteHoldingFun failed","userId":3,"broker":"kite","errorStatus":403},"message":"Request failed with status code 403","timestamp":"2026-01-19 15:58:22"}
{"level":"info","url":"/api/admin/getall/holdingdata","method":"GET","status":true,"userId":null,"data":{"msg":"No holdings to sync (angelone)","userId":4},"message":"API Request Completed","timestamp":"2026-01-19 15:58:22"}
{"level":"error","url":"/api/admin/getall/holdingdata","method":"GET","status":false,"userId":null,"data":{"msg":"kiteHoldingFun failed","userId":11,"broker":"kite","errorStatus":403},"message":"Request failed with status code 403","timestamp":"2026-01-19 15:58:22"}
{"level":"error","url":"/api/admin/getall/holdingdata","method":"GET","status":false,"userId":null,"data":{"msg":"kiteHoldingFun failed","userId":21,"broker":"kite","errorStatus":403},"message":"Request failed with status code 403","timestamp":"2026-01-19 15:58:22"}
{"level":"info","url":"/api/admin/getall/holdingdata","method":"GET","status":true,"userId":null,"data":{"msg":"No holdings to sync (angelone)","userId":52},"message":"API Request Completed","timestamp":"2026-01-19 15:58:22"}
{"level":"info","url":"/api/admin/getall/holdingdata","method":"GET","status":true,"userId":null,"data":{"msg":"No holdings to sync (angelone)","userId":41},"message":"API Request Completed","timestamp":"2026-01-19 15:58:22"}
{"level":"info","url":"/api/admin/getall/holdingdata","method":"GET","status":true,"userId":null,"data":{"msg":"No angel positions found","userId":4},"message":"API Request Completed","timestamp":"2026-01-19 15:58:22"}
{"level":"error","url":"/api/admin/fetchorderdetails","method":"GET","status":false,"userId":null,"data":{},"message":"Cannot read properties of undefined (reading 'orderid')","timestamp":"2026-01-19 15:59:23"}
{"level":"info","url":"/api/order/user/common/holding","method":"GET","status":true,"userId":41,"data":{"msg":"No holdings to sync (angelone)","userId":41},"message":"API Request Completed","timestamp":"2026-01-19 16:01:05"}
{"level":"info","url":"/api/order/user/common/holding","method":"GET","status":true,"userId":41,"data":{"msg":"No holdings to sync (angelone)","userId":41},"message":"API Request Completed","timestamp":"2026-01-19 16:01:19"}
{"level":"error","url":"/api/admin/getall/holdingdata","method":"GET","status":false,"userId":null,"data":{"msg":"kiteHoldingFun failed","userId":3,"broker":"kite","errorStatus":403},"message":"Request failed with status code 403","timestamp":"2026-01-19 16:02:53"}
{"level":"info","url":"/api/admin/getall/holdingdata","method":"GET","status":true,"userId":null,"data":{"msg":"No holdings to sync (angelone)","userId":4},"message":"API Request Completed","timestamp":"2026-01-19 16:02:53"}
{"level":"error","url":"/api/admin/getall/holdingdata","method":"GET","status":false,"userId":null,"data":{"msg":"finavasiaHoldingFun failed","userId":23,"broker":"finvasia","errorStatus":401},"message":"Request failed with status code 401","timestamp":"2026-01-19 16:02:53"}
{"level":"error","url":"/api/admin/getall/holdingdata","method":"GET","status":false,"userId":null,"data":{"msg":"kiteHoldingFun failed","userId":21,"broker":"kite","errorStatus":403},"message":"Request failed with status code 403","timestamp":"2026-01-19 16:02:53"}
{"level":"error","url":"/api/admin/getall/holdingdata","method":"GET","status":false,"userId":null,"data":{"msg":"kiteHoldingFun failed","userId":11,"broker":"kite","errorStatus":403},"message":"Request failed with status code 403","timestamp":"2026-01-19 16:02:53"}
{"level":"info","url":"/api/admin/getall/holdingdata","method":"GET","status":true,"userId":null,"data":{"msg":"No holdings to sync (angelone)","userId":41},"message":"API Request Completed","timestamp":"2026-01-19 16:02:53"}
{"level":"info","url":"/api/admin/getall/holdingdata","method":"GET","status":true,"userId":null,"data":{"msg":"No holdings to sync (angelone)","userId":52},"message":"API Request Completed","timestamp":"2026-01-19 16:02:53"}
{"level":"info","url":"/api/admin/getall/holdingdata","method":"GET","status":true,"userId":null,"data":{"msg":"No angel positions found","userId":4},"message":"API Request Completed","timestamp":"2026-01-19 16:02:53"}
{"level":"error","url":"/api/admin/getall/holdingdata","method":"GET","status":false,"userId":null,"data":{"msg":"finavasiaHoldingFun failed","userId":23,"broker":"finvasia","errorStatus":401},"message":"Request failed with status code 401","timestamp":"2026-01-19 16:04:38"}
{"level":"info","url":"/api/admin/getall/holdingdata","method":"GET","status":true,"userId":null,"data":{"msg":"No holdings to sync (angelone)","userId":4},"message":"API Request Completed","timestamp":"2026-01-19 16:04:38"}
{"level":"error","url":"/api/admin/getall/holdingdata","method":"GET","status":false,"userId":null,"data":{"msg":"kiteHoldingFun failed","userId":11,"broker":"kite","errorStatus":403},"message":"Request failed with status code 403","timestamp":"2026-01-19 16:04:38"}
{"level":"error","url":"/api/admin/getall/holdingdata","method":"GET","status":false,"userId":null,"data":{"msg":"kiteHoldingFun failed","userId":3,"broker":"kite","errorStatus":403},"message":"Request failed with status code 403","timestamp":"2026-01-19 16:04:38"}
{"level":"error","url":"/api/admin/getall/holdingdata","method":"GET","status":false,"userId":null,"data":{"msg":"kiteHoldingFun failed","userId":21,"broker":"kite","errorStatus":403},"message":"Request failed with status code 403","timestamp":"2026-01-19 16:04:38"}
{"level":"info","url":"/api/admin/getall/holdingdata","method":"GET","status":true,"userId":null,"data":{"msg":"No holdings to sync (angelone)","userId":52},"message":"API Request Completed","timestamp":"2026-01-19 16:04:38"}
{"level":"info","url":"/api/admin/getall/holdingdata","method":"GET","status":true,"userId":null,"data":{"msg":"No holdings to sync (angelone)","userId":41},"message":"API Request Completed","timestamp":"2026-01-19 16:04:38"}
{"level":"info","url":"/api/admin/getall/holdingdata","method":"GET","status":true,"userId":null,"data":{"msg":"No angel positions found","userId":4},"message":"API Request Completed","timestamp":"2026-01-19 16:04:38"}
{"level":"error","url":"/api/admin/getall/holdingdata","method":"GET","status":false,"userId":null,"data":{"msg":"kiteHoldingFun failed","userId":3,"broker":"kite","errorStatus":403},"message":"Request failed with status code 403","timestamp":"2026-01-19 16:04:41"}
{"level":"error","url":"/api/admin/getall/holdingdata","method":"GET","status":false,"userId":null,"data":{"msg":"finavasiaHoldingFun failed","userId":23,"broker":"finvasia","errorStatus":401},"message":"Request failed with status code 401","timestamp":"2026-01-19 16:04:41"}
{"level":"info","url":"/api/admin/getall/holdingdata","method":"GET","status":true,"userId":null,"data":{"msg":"No holdings to sync (angelone)","userId":52},"message":"API Request Completed","timestamp":"2026-01-19 16:04:41"}
{"level":"info","url":"/api/admin/getall/holdingdata","method":"GET","status":true,"userId":null,"data":{"msg":"No holdings to sync (angelone)","userId":4},"message":"API Request Completed","timestamp":"2026-01-19 16:04:41"}
{"level":"error","url":"/api/admin/getall/holdingdata","method":"GET","status":false,"userId":null,"data":{"msg":"kiteHoldingFun failed","userId":11,"broker":"kite","errorStatus":403},"message":"Request failed with status code 403","timestamp":"2026-01-19 16:04:41"}
{"level":"info","url":"/api/admin/getall/holdingdata","method":"GET","status":true,"userId":null,"data":{"msg":"No holdings to sync (angelone)","userId":41},"message":"API Request Completed","timestamp":"2026-01-19 16:04:41"}
{"level":"error","url":"/api/admin/getall/holdingdata","method":"GET","status":false,"userId":null,"data":{"msg":"kiteHoldingFun failed","userId":21,"broker":"kite","errorStatus":403},"message":"Request failed with status code 403","timestamp":"2026-01-19 16:04:42"}
{"level":"info","url":"/api/admin/getall/holdingdata","method":"GET","status":true,"userId":null,"data":{"msg":"No angel positions found","userId":4},"message":"API Request Completed","timestamp":"2026-01-19 16:04:42"}
{"level":"error","url":"/api/admin/getall/holdingdata","method":"GET","status":false,"userId":null,"data":{"msg":"finavasiaHoldingFun failed","userId":23,"broker":"finvasia","errorStatus":401},"message":"Request failed with status code 401","timestamp":"2026-01-19 16:05:47"}
{"level":"info","url":"/api/admin/getall/holdingdata","method":"GET","status":true,"userId":null,"data":{"msg":"No holdings to sync (angelone)","userId":4},"message":"API Request Completed","timestamp":"2026-01-19 16:05:47"}
{"level":"error","url":"/api/admin/getall/holdingdata","method":"GET","status":false,"userId":null,"data":{"msg":"kiteHoldingFun failed","userId":3,"broker":"kite","errorStatus":403},"message":"Request failed with status code 403","timestamp":"2026-01-19 16:05:47"}
{"level":"info","url":"/api/admin/getall/holdingdata","method":"GET","status":true,"userId":null,"data":{"msg":"No holdings to sync (angelone)","userId":41},"message":"API Request Completed","timestamp":"2026-01-19 16:05:47"}
{"level":"error","url":"/api/admin/getall/holdingdata","method":"GET","status":false,"userId":null,"data":{"msg":"kiteHoldingFun failed","userId":11,"broker":"kite","errorStatus":403},"message":"Request failed with status code 403","timestamp":"2026-01-19 16:05:47"}
{"level":"error","url":"/api/admin/getall/holdingdata","method":"GET","status":false,"userId":null,"data":{"msg":"kiteHoldingFun failed","userId":21,"broker":"kite","errorStatus":403},"message":"Request failed with status code 403","timestamp":"2026-01-19 16:05:47"}
{"level":"info","url":"/api/admin/getall/holdingdata","method":"GET","status":true,"userId":null,"data":{"msg":"No holdings to sync (angelone)","userId":52},"message":"API Request Completed","timestamp":"2026-01-19 16:05:47"}
{"level":"info","url":"/api/admin/getall/holdingdata","method":"GET","status":true,"userId":null,"data":{"msg":"No angel positions found","userId":4},"message":"API Request Completed","timestamp":"2026-01-19 16:05:47"}
{"level":"error","url":"/api/admin/getall/holdingdata","method":"GET","status":false,"userId":null,"data":{"msg":"finavasiaHoldingFun failed","userId":23,"broker":"finvasia","errorStatus":401},"message":"Request failed with status code 401","timestamp":"2026-01-19 16:08:36"}
{"level":"error","url":"/api/admin/getall/holdingdata","method":"GET","status":false,"userId":null,"data":{"msg":"kiteHoldingFun failed","userId":21,"broker":"kite","errorStatus":403},"message":"Request failed with status code 403","timestamp":"2026-01-19 16:08:36"}
{"level":"error","url":"/api/admin/getall/holdingdata","method":"GET","status":false,"userId":null,"data":{"msg":"kiteHoldingFun failed","userId":3,"broker":"kite","errorStatus":403},"message":"Request failed with status code 403","timestamp":"2026-01-19 16:08:36"}
{"level":"info","url":"/api/admin/getall/holdingdata","method":"GET","status":true,"userId":null,"data":{"msg":"No holdings to sync (angelone)","userId":4},"message":"API Request Completed","timestamp":"2026-01-19 16:08:36"}
{"level":"info","url":"/api/admin/getall/holdingdata","method":"GET","status":true,"userId":null,"data":{"msg":"No holdings to sync (angelone)","userId":52},"message":"API Request Completed","timestamp":"2026-01-19 16:08:36"}
{"level":"error","url":"/api/admin/getall/holdingdata","method":"GET","status":false,"userId":null,"data":{"msg":"kiteHoldingFun failed","userId":11,"broker":"kite","errorStatus":403},"message":"Request failed with status code 403","timestamp":"2026-01-19 16:08:36"}
{"level":"info","url":"/api/admin/getall/holdingdata","method":"GET","status":true,"userId":null,"data":{"msg":"No holdings to sync (angelone)","userId":41},"message":"API Request Completed","timestamp":"2026-01-19 16:08:36"}
{"level":"info","url":"/api/admin/getall/holdingdata","method":"GET","status":true,"userId":null,"data":{"msg":"No angel positions found","userId":4},"message":"API Request Completed","timestamp":"2026-01-19 16:08:37"}
{"level":"info","url":"/api/admin/getall/holdingdata","method":"GET","status":true,"userId":null,"data":{"msg":"No holdings to sync (angelone)","userId":4},"message":"API Request Completed","timestamp":"2026-01-19 16:09:21"}
{"level":"error","url":"/api/admin/getall/holdingdata","method":"GET","status":false,"userId":null,"data":{"msg":"kiteHoldingFun failed","userId":11,"broker":"kite","errorStatus":403},"message":"Request failed with status code 403","timestamp":"2026-01-19 16:09:21"}
{"level":"error","url":"/api/admin/getall/holdingdata","method":"GET","status":false,"userId":null,"data":{"msg":"kiteHoldingFun failed","userId":3,"broker":"kite","errorStatus":403},"message":"Request failed with status code 403","timestamp":"2026-01-19 16:09:21"}
{"level":"error","url":"/api/admin/getall/holdingdata","method":"GET","status":false,"userId":null,"data":{"msg":"kiteHoldingFun failed","userId":21,"broker":"kite","errorStatus":403},"message":"Request failed with status code 403","timestamp":"2026-01-19 16:09:21"}
{"level":"info","url":"/api/admin/getall/holdingdata","method":"GET","status":true,"userId":null,"data":{"msg":"No holdings to sync (angelone)","userId":52},"message":"API Request Completed","timestamp":"2026-01-19 16:09:21"}
{"level":"error","url":"/api/admin/getall/holdingdata","method":"GET","status":false,"userId":null,"data":{"msg":"finavasiaHoldingFun failed","userId":23,"broker":"finvasia","errorStatus":401},"message":"Request failed with status code 401","timestamp":"2026-01-19 16:09:21"}
{"level":"info","url":"/api/admin/getall/holdingdata","method":"GET","status":true,"userId":null,"data":{"msg":"No holdings to sync (angelone)","userId":41},"message":"API Request Completed","timestamp":"2026-01-19 16:09:21"}
{"level":"info","url":"/api/admin/getall/holdingdata","method":"GET","status":true,"userId":null,"data":{"msg":"No angel positions found","userId":4},"message":"API Request Completed","timestamp":"2026-01-19 16:09:21"}
{"level":"error","url":"/api/admin/getall/holdingdata","method":"GET","status":false,"userId":null,"data":{"msg":"finavasiaHoldingFun failed","userId":23,"broker":"finvasia","errorStatus":401},"message":"Request failed with status code 401","timestamp":"2026-01-19 16:09:44"}
{"level":"error","url":"/api/admin/getall/holdingdata","method":"GET","status":false,"userId":null,"data":{"msg":"kiteHoldingFun failed","userId":21,"broker":"kite","errorStatus":403},"message":"Request failed with status code 403","timestamp":"2026-01-19 16:09:44"}
{"level":"info","url":"/api/admin/getall/holdingdata","method":"GET","status":true,"userId":null,"data":{"msg":"No holdings to sync (angelone)","userId":4},"message":"API Request Completed","timestamp":"2026-01-19 16:09:44"}
{"level":"info","url":"/api/admin/getall/holdingdata","method":"GET","status":true,"userId":null,"data":{"msg":"No holdings to sync (angelone)","userId":41},"message":"API Request Completed","timestamp":"2026-01-19 16:09:44"}
{"level":"error","url":"/api/admin/getall/holdingdata","method":"GET","status":false,"userId":null,"data":{"msg":"kiteHoldingFun failed","userId":3,"broker":"kite","errorStatus":403},"message":"Request failed with status code 403","timestamp":"2026-01-19 16:09:44"}
{"level":"info","url":"/api/admin/getall/holdingdata","method":"GET","status":true,"userId":null,"data":{"msg":"No holdings to sync (angelone)","userId":52},"message":"API Request Completed","timestamp":"2026-01-19 16:09:45"}
{"level":"info","url":"/api/admin/getall/holdingdata","method":"GET","status":true,"userId":null,"data":{"msg":"No angel positions found","userId":4},"message":"API Request Completed","timestamp":"2026-01-19 16:09:45"}
{"level":"error","url":"/api/admin/getall/holdingdata","method":"GET","status":false,"userId":null,"data":{"msg":"kiteHoldingFun failed","userId":11,"broker":"kite","errorStatus":403},"message":"Request failed with status code 403","timestamp":"2026-01-19 16:09:45"}
{"level":"error","url":"/api/admin/getall/holdingdata","method":"GET","status":false,"userId":null,"data":{"msg":"finavasiaHoldingFun failed","userId":23,"broker":"finvasia","errorStatus":401},"message":"Request failed with status code 401","timestamp":"2026-01-19 16:10:12"}
{"level":"info","url":"/api/admin/getall/holdingdata","method":"GET","status":true,"userId":null,"data":{"msg":"No holdings to sync (angelone)","userId":4},"message":"API Request Completed","timestamp":"2026-01-19 16:10:12"}
{"level":"error","url":"/api/admin/getall/holdingdata","method":"GET","status":false,"userId":null,"data":{"msg":"kiteHoldingFun failed","userId":3,"broker":"kite","errorStatus":403},"message":"Request failed with status code 403","timestamp":"2026-01-19 16:10:12"}
{"level":"error","url":"/api/admin/getall/holdingdata","method":"GET","status":false,"userId":null,"data":{"msg":"kiteHoldingFun failed","userId":11,"broker":"kite","errorStatus":403},"message":"Request failed with status code 403","timestamp":"2026-01-19 16:10:12"}
{"level":"error","url":"/api/admin/getall/holdingdata","method":"GET","status":false,"userId":null,"data":{"msg":"kiteHoldingFun failed","userId":21,"broker":"kite","errorStatus":403},"message":"Request failed with status code 403","timestamp":"2026-01-19 16:10:12"}
{"level":"info","url":"/api/admin/getall/holdingdata","method":"GET","status":true,"userId":null,"data":{"msg":"No holdings to sync (angelone)","userId":41},"message":"API Request Completed","timestamp":"2026-01-19 16:10:12"}
{"level":"info","url":"/api/admin/getall/holdingdata","method":"GET","status":true,"userId":null,"data":{"msg":"No holdings to sync (angelone)","userId":52},"message":"API Request Completed","timestamp":"2026-01-19 16:10:12"}
{"level":"info","url":"/api/admin/getall/holdingdata","method":"GET","status":true,"userId":null,"data":{"msg":"No angel positions found","userId":4},"message":"API Request Completed","timestamp":"2026-01-19 16:10:12"}
{"level":"error","url":"/api/admin/getall/holdingdata","method":"GET","status":false,"userId":null,"data":{"msg":"finavasiaHoldingFun failed","userId":23,"broker":"finvasia","errorStatus":401},"message":"Request failed with status code 401","timestamp":"2026-01-19 16:10:26"}
{"level":"info","url":"/api/admin/getall/holdingdata","method":"GET","status":true,"userId":null,"data":{"msg":"No holdings to sync (angelone)","userId":4},"message":"API Request Completed","timestamp":"2026-01-19 16:10:26"}
{"level":"error","url":"/api/admin/getall/holdingdata","method":"GET","status":false,"userId":null,"data":{"msg":"kiteHoldingFun failed","userId":11,"broker":"kite","errorStatus":403},"message":"Request failed with status code 403","timestamp":"2026-01-19 16:10:26"}
{"level":"error","url":"/api/admin/getall/holdingdata","method":"GET","status":false,"userId":null,"data":{"msg":"kiteHoldingFun failed","userId":3,"broker":"kite","errorStatus":403},"message":"Request failed with status code 403","timestamp":"2026-01-19 16:10:26"}
{"level":"error","url":"/api/admin/getall/holdingdata","method":"GET","status":false,"userId":null,"data":{"msg":"kiteHoldingFun failed","userId":21,"broker":"kite","errorStatus":403},"message":"Request failed with status code 403","timestamp":"2026-01-19 16:10:26"}
{"level":"info","url":"/api/admin/getall/holdingdata","method":"GET","status":true,"userId":null,"data":{"msg":"No holdings to sync (angelone)","userId":52},"message":"API Request Completed","timestamp":"2026-01-19 16:10:26"}
{"level":"info","url":"/api/admin/getall/holdingdata","method":"GET","status":true,"userId":null,"data":{"msg":"No holdings to sync (angelone)","userId":41},"message":"API Request Completed","timestamp":"2026-01-19 16:10:26"}
{"level":"info","url":"/api/admin/getall/holdingdata","method":"GET","status":true,"userId":null,"data":{"msg":"No angel positions found","userId":4},"message":"API Request Completed","timestamp":"2026-01-19 16:10:26"}
{"level":"error","url":"/api/admin/getall/holdingdata","method":"GET","status":false,"userId":null,"data":{"msg":"finavasiaHoldingFun failed","userId":23,"broker":"finvasia","errorStatus":401},"message":"Request failed with status code 401","timestamp":"2026-01-19 16:12:23"}
{"level":"error","url":"/api/admin/getall/holdingdata","method":"GET","status":false,"userId":null,"data":{"msg":"kiteHoldingFun failed","userId":3,"broker":"kite","errorStatus":403},"message":"Request failed with status code 403","timestamp":"2026-01-19 16:12:23"}
{"level":"error","url":"/api/admin/getall/holdingdata","method":"GET","status":false,"userId":null,"data":{"msg":"kiteHoldingFun failed","userId":21,"broker":"kite","errorStatus":403},"message":"Request failed with status code 403","timestamp":"2026-01-19 16:12:23"}
{"level":"info","url":"/api/admin/getall/holdingdata","method":"GET","status":true,"userId":null,"data":{"msg":"No holdings to sync (angelone)","userId":4},"message":"API Request Completed","timestamp":"2026-01-19 16:12:23"}
{"level":"info","url":"/api/admin/getall/holdingdata","method":"GET","status":true,"userId":null,"data":{"msg":"No holdings to sync (angelone)","userId":52},"message":"API Request Completed","timestamp":"2026-01-19 16:12:23"}
{"level":"error","url":"/api/admin/getall/holdingdata","method":"GET","status":false,"userId":null,"data":{"msg":"kiteHoldingFun failed","userId":11,"broker":"kite","errorStatus":403},"message":"Request failed with status code 403","timestamp":"2026-01-19 16:12:23"}
{"level":"info","url":"/api/admin/getall/holdingdata","method":"GET","status":true,"userId":null,"data":{"msg":"No holdings to sync (angelone)","userId":41},"message":"API Request Completed","timestamp":"2026-01-19 16:12:23"}
{"level":"info","url":"/api/admin/getall/holdingdata","method":"GET","status":true,"userId":null,"data":{"msg":"No angel positions found","userId":4},"message":"API Request Completed","timestamp":"2026-01-19 16:12:23"}
{"level":"error","url":"/api/admin/getall/holdingdata","method":"GET","status":false,"userId":null,"data":{"msg":"finavasiaHoldingFun failed","userId":23,"broker":"finvasia","errorStatus":401},"message":"Request failed with status code 401","timestamp":"2026-01-19 16:13:32"}
{"level":"error","url":"/api/admin/getall/holdingdata","method":"GET","status":false,"userId":null,"data":{"msg":"kiteHoldingFun failed","userId":3,"broker":"kite","errorStatus":403},"message":"Request failed with status code 403","timestamp":"2026-01-19 16:13:32"}
{"level":"error","url":"/api/admin/getall/holdingdata","method":"GET","status":false,"userId":null,"data":{"msg":"kiteHoldingFun failed","userId":21,"broker":"kite","errorStatus":403},"message":"Request failed with status code 403","timestamp":"2026-01-19 16:13:32"}
{"level":"info","url":"/api/admin/getall/holdingdata","method":"GET","status":true,"userId":null,"data":{"msg":"No holdings to sync (angelone)","userId":41},"message":"API Request Completed","timestamp":"2026-01-19 16:13:32"}
{"level":"info","url":"/api/admin/getall/holdingdata","method":"GET","status":true,"userId":null,"data":{"msg":"No holdings to sync (angelone)","userId":4},"message":"API Request Completed","timestamp":"2026-01-19 16:13:32"}
{"level":"error","url":"/api/admin/getall/holdingdata","method":"GET","status":false,"userId":null,"data":{"msg":"kiteHoldingFun failed","userId":11,"broker":"kite","errorStatus":403},"message":"Request failed with status code 403","timestamp":"2026-01-19 16:13:32"}
{"level":"info","url":"/api/admin/getall/holdingdata","method":"GET","status":true,"userId":null,"data":{"msg":"No holdings to sync (angelone)","userId":52},"message":"API Request Completed","timestamp":"2026-01-19 16:13:32"}
{"level":"info","url":"/api/admin/getall/holdingdata","method":"GET","status":true,"userId":null,"data":{"msg":"No angel positions found","userId":4},"message":"API Request Completed","timestamp":"2026-01-19 16:13:32"}
{"level":"error","url":"/api/admin/getall/holdingdata","method":"GET","status":false,"userId":null,"data":{"msg":"finavasiaHoldingFun failed","userId":23,"broker":"finvasia","errorStatus":401},"message":"Request failed with status code 401","timestamp":"2026-01-19 16:14:20"}
{"level":"error","url":"/api/admin/getall/holdingdata","method":"GET","status":false,"userId":null,"data":{"msg":"kiteHoldingFun failed","userId":3,"broker":"kite","errorStatus":403},"message":"Request failed with status code 403","timestamp":"2026-01-19 16:14:20"}
{"level":"info","url":"/api/admin/getall/holdingdata","method":"GET","status":true,"userId":null,"data":{"msg":"No holdings to sync (angelone)","userId":4},"message":"API Request Completed","timestamp":"2026-01-19 16:14:20"}
{"level":"error","url":"/api/admin/getall/holdingdata","method":"GET","status":false,"userId":null,"data":{"msg":"kiteHoldingFun failed","userId":21,"broker":"kite","errorStatus":403},"message":"Request failed with status code 403","timestamp":"2026-01-19 16:14:21"}
{"level":"error","url":"/api/admin/getall/holdingdata","method":"GET","status":false,"userId":null,"data":{"msg":"kiteHoldingFun failed","userId":11,"broker":"kite","errorStatus":403},"message":"Request failed with status code 403","timestamp":"2026-01-19 16:14:21"}
{"level":"info","url":"/api/admin/getall/holdingdata","method":"GET","status":true,"userId":null,"data":{"msg":"No holdings to sync (angelone)","userId":52},"message":"API Request Completed","timestamp":"2026-01-19 16:14:21"}
{"level":"info","url":"/api/admin/getall/holdingdata","method":"GET","status":true,"userId":null,"data":{"msg":"No holdings to sync (angelone)","userId":41},"message":"API Request Completed","timestamp":"2026-01-19 16:14:21"}
{"level":"info","url":"/api/admin/getall/holdingdata","method":"GET","status":true,"userId":null,"data":{"msg":"No angel positions found","userId":4},"message":"API Request Completed","timestamp":"2026-01-19 16:14:21"}
{"level":"error","url":"/api/admin/getall/holdingdata","method":"GET","status":false,"userId":null,"data":{"msg":"finavasiaHoldingFun failed","userId":23,"broker":"finvasia","errorStatus":401},"message":"Request failed with status code 401","timestamp":"2026-01-19 16:15:14"}
{"level":"error","url":"/api/admin/getall/holdingdata","method":"GET","status":false,"userId":null,"data":{"msg":"kiteHoldingFun failed","userId":3,"broker":"kite","errorStatus":403},"message":"Request failed with status code 403","timestamp":"2026-01-19 16:15:14"}
{"level":"info","url":"/api/admin/getall/holdingdata","method":"GET","status":true,"userId":null,"data":{"msg":"No holdings to sync (angelone)","userId":4},"message":"API Request Completed","timestamp":"2026-01-19 16:15:14"}
{"level":"error","url":"/api/admin/getall/holdingdata","method":"GET","status":false,"userId":null,"data":{"msg":"kiteHoldingFun failed","userId":21,"broker":"kite","errorStatus":403},"message":"Request failed with status code 403","timestamp":"2026-01-19 16:15:14"}
{"level":"info","url":"/api/admin/getall/holdingdata","method":"GET","status":true,"userId":null,"data":{"msg":"No holdings to sync (angelone)","userId":52},"message":"API Request Completed","timestamp":"2026-01-19 16:15:14"}
{"level":"error","url":"/api/admin/getall/holdingdata","method":"GET","status":false,"userId":null,"data":{"msg":"kiteHoldingFun failed","userId":11,"broker":"kite","errorStatus":403},"message":"Request failed with status code 403","timestamp":"2026-01-19 16:15:14"}
{"level":"info","url":"/api/admin/getall/holdingdata","method":"GET","status":true,"userId":null,"data":{"msg":"No holdings to sync (angelone)","userId":41},"message":"API Request Completed","timestamp":"2026-01-19 16:15:14"}
{"level":"info","url":"/api/admin/getall/holdingdata","method":"GET","status":true,"userId":null,"data":{"msg":"No angel positions found","userId":4},"message":"API Request Completed","timestamp":"2026-01-19 16:15:14"}
{"level":"info","url":"/api/admin/getall/holdingdata","method":"GET","status":true,"userId":null,"data":{"msg":"No holdings to sync (angelone)","userId":4},"message":"API Request Completed","timestamp":"2026-01-19 16:16:00"}
{"level":"error","url":"/api/admin/getall/holdingdata","method":"GET","status":false,"userId":null,"data":{"msg":"kiteHoldingFun failed","userId":21,"broker":"kite","errorStatus":403},"message":"Request failed with status code 403","timestamp":"2026-01-19 16:16:00"}
{"level":"error","url":"/api/admin/getall/holdingdata","method":"GET","status":false,"userId":null,"data":{"msg":"kiteHoldingFun failed","userId":11,"broker":"kite","errorStatus":403},"message":"Request failed with status code 403","timestamp":"2026-01-19 16:16:00"}
{"level":"error","url":"/api/admin/getall/holdingdata","method":"GET","status":false,"userId":null,"data":{"msg":"kiteHoldingFun failed","userId":3,"broker":"kite","errorStatus":403},"message":"Request failed with status code 403","timestamp":"2026-01-19 16:16:00"}
{"level":"info","url":"/api/admin/getall/holdingdata","method":"GET","status":true,"userId":null,"data":{"msg":"No holdings to sync (angelone)","userId":52},"message":"API Request Completed","timestamp":"2026-01-19 16:16:00"}
{"level":"info","url":"/api/admin/getall/holdingdata","method":"GET","status":true,"userId":null,"data":{"msg":"No holdings to sync (angelone)","userId":41},"message":"API Request Completed","timestamp":"2026-01-19 16:16:00"}
{"level":"error","url":"/api/admin/getall/holdingdata","method":"GET","status":false,"userId":null,"data":{"msg":"finavasiaHoldingFun failed","userId":23,"broker":"finvasia","errorStatus":401},"message":"Request failed with status code 401","timestamp":"2026-01-19 16:16:00"}
{"level":"info","url":"/api/admin/getall/holdingdata","method":"GET","status":true,"userId":null,"data":{"msg":"No angel positions found","userId":4},"message":"API Request Completed","timestamp":"2026-01-19 16:16:00"}
{"level":"info","url":"/api/admin/getall/holdingdata","method":"GET","status":true,"userId":null,"data":{"msg":"No holdings to sync (angelone)","userId":52},"message":"API Request Completed","timestamp":"2026-01-19 16:17:12"}
{"level":"error","url":"/api/admin/getall/holdingdata","method":"GET","status":false,"userId":null,"data":{"msg":"kiteHoldingFun failed","userId":21,"broker":"kite","errorStatus":403},"message":"Request failed with status code 403","timestamp":"2026-01-19 16:17:12"}
{"level":"error","url":"/api/admin/getall/holdingdata","method":"GET","status":false,"userId":null,"data":{"msg":"kiteHoldingFun failed","userId":3,"broker":"kite","errorStatus":403},"message":"Request failed with status code 403","timestamp":"2026-01-19 16:17:12"}
{"level":"error","url":"/api/admin/getall/holdingdata","method":"GET","status":false,"userId":null,"data":{"msg":"kiteHoldingFun failed","userId":11,"broker":"kite","errorStatus":403},"message":"Request failed with status code 403","timestamp":"2026-01-19 16:17:12"}
{"level":"error","url":"/api/admin/getall/holdingdata","method":"GET","status":false,"userId":null,"data":{"msg":"finavasiaHoldingFun failed","userId":23,"broker":"finvasia","errorStatus":401},"message":"Request failed with status code 401","timestamp":"2026-01-19 16:17:12"}
{"level":"info","url":"/api/admin/getall/holdingdata","method":"GET","status":true,"userId":null,"data":{"msg":"No holdings to sync (angelone)","userId":4},"message":"API Request Completed","timestamp":"2026-01-19 16:17:12"}
{"level":"info","url":"/api/admin/getall/holdingdata","method":"GET","status":true,"userId":null,"data":{"msg":"No holdings to sync (angelone)","userId":41},"message":"API Request Completed","timestamp":"2026-01-19 16:17:12"}
{"level":"info","url":"/api/admin/getall/holdingdata","method":"GET","status":true,"userId":null,"data":{"msg":"No angel positions found","userId":4},"message":"API Request Completed","timestamp":"2026-01-19 16:17:12"}
{"level":"error","url":"/api/admin/getall/holdingdata","method":"GET","status":false,"userId":null,"data":{"msg":"finavasiaHoldingFun failed","userId":23,"broker":"finvasia","errorStatus":401},"message":"Request failed with status code 401","timestamp":"2026-01-19 16:17:52"}
{"level":"error","url":"/api/admin/getall/holdingdata","method":"GET","status":false,"userId":null,"data":{"msg":"kiteHoldingFun failed","userId":11,"broker":"kite","errorStatus":403},"message":"Request failed with status code 403","timestamp":"2026-01-19 16:17:52"}
{"level":"info","url":"/api/admin/getall/holdingdata","method":"GET","status":true,"userId":null,"data":{"msg":"No holdings to sync (angelone)","userId":4},"message":"API Request Completed","timestamp":"2026-01-19 16:17:52"}
{"level":"error","url":"/api/admin/getall/holdingdata","method":"GET","status":false,"userId":null,"data":{"msg":"kiteHoldingFun failed","userId":21,"broker":"kite","errorStatus":403},"message":"Request failed with status code 403","timestamp":"2026-01-19 16:17:52"}
{"level":"error","url":"/api/admin/getall/holdingdata","method":"GET","status":false,"userId":null,"data":{"msg":"kiteHoldingFun failed","userId":3,"broker":"kite","errorStatus":403},"message":"Request failed with status code 403","timestamp":"2026-01-19 16:17:52"}
{"level":"info","url":"/api/admin/getall/holdingdata","method":"GET","status":true,"userId":null,"data":{"msg":"No holdings to sync (angelone)","userId":41},"message":"API Request Completed","timestamp":"2026-01-19 16:17:52"}
{"level":"info","url":"/api/admin/getall/holdingdata","method":"GET","status":true,"userId":null,"data":{"msg":"No holdings to sync (angelone)","userId":52},"message":"API Request Completed","timestamp":"2026-01-19 16:17:52"}
{"level":"info","url":"/api/admin/getall/holdingdata","method":"GET","status":true,"userId":null,"data":{"msg":"No angel positions found","userId":4},"message":"API Request Completed","timestamp":"2026-01-19 16:17:52"}
{"level":"error","url":"/api/admin/getall/holdingdata","method":"GET","status":false,"userId":null,"data":{"msg":"finavasiaHoldingFun failed","userId":23,"broker":"finvasia","errorStatus":401},"message":"Request failed with status code 401","timestamp":"2026-01-19 16:20:32"}
{"level":"error","url":"/api/admin/getall/holdingdata","method":"GET","status":false,"userId":null,"data":{"msg":"kiteHoldingFun failed","userId":3,"broker":"kite","errorStatus":403},"message":"Request failed with status code 403","timestamp":"2026-01-19 16:20:32"}
{"level":"info","url":"/api/admin/getall/holdingdata","method":"GET","status":true,"userId":null,"data":{"msg":"No holdings to sync (angelone)","userId":41},"message":"API Request Completed","timestamp":"2026-01-19 16:20:32"}
{"level":"error","url":"/api/admin/getall/holdingdata","method":"GET","status":false,"userId":null,"data":{"msg":"kiteHoldingFun failed","userId":21,"broker":"kite","errorStatus":403},"message":"Request failed with status code 403","timestamp":"2026-01-19 16:20:32"}
{"level":"error","url":"/api/admin/getall/holdingdata","method":"GET","status":false,"userId":null,"data":{"msg":"kiteHoldingFun failed","userId":11,"broker":"kite","errorStatus":403},"message":"Request failed with status code 403","timestamp":"2026-01-19 16:20:32"}
{"level":"info","url":"/api/admin/getall/holdingdata","method":"GET","status":true,"userId":null,"data":{"msg":"No holdings to sync (angelone)","userId":4},"message":"API Request Completed","timestamp":"2026-01-19 16:20:33"}
{"level":"info","url":"/api/admin/getall/holdingdata","method":"GET","status":true,"userId":null,"data":{"msg":"No holdings to sync (angelone)","userId":52},"message":"API Request Completed","timestamp":"2026-01-19 16:20:33"}
{"level":"info","url":"/api/admin/getall/holdingdata","method":"GET","status":true,"userId":null,"data":{"msg":"No angel positions found","userId":4},"message":"API Request Completed","timestamp":"2026-01-19 16:20:33"}
{"level":"error","url":"/api/admin/getall/holdingdata","method":"GET","status":false,"userId":null,"data":{"msg":"finavasiaHoldingFun failed","userId":23,"broker":"finvasia","errorStatus":401},"message":"Request failed with status code 401","timestamp":"2026-01-19 16:21:35"}
{"level":"error","url":"/api/admin/getall/holdingdata","method":"GET","status":false,"userId":null,"data":{"msg":"kiteHoldingFun failed","userId":21,"broker":"kite","errorStatus":403},"message":"Request failed with status code 403","timestamp":"2026-01-19 16:21:35"}
{"level":"error","url":"/api/admin/getall/holdingdata","method":"GET","status":false,"userId":null,"data":{"msg":"kiteHoldingFun failed","userId":3,"broker":"kite","errorStatus":403},"message":"Request failed with status code 403","timestamp":"2026-01-19 16:21:35"}
{"level":"info","url":"/api/admin/getall/holdingdata","method":"GET","status":true,"userId":null,"data":{"msg":"No holdings to sync (angelone)","userId":4},"message":"API Request Completed","timestamp":"2026-01-19 16:21:35"}
{"level":"info","url":"/api/admin/getall/holdingdata","method":"GET","status":true,"userId":null,"data":{"msg":"No holdings to sync (angelone)","userId":52},"message":"API Request Completed","timestamp":"2026-01-19 16:21:35"}
{"level":"error","url":"/api/admin/getall/holdingdata","method":"GET","status":false,"userId":null,"data":{"msg":"kiteHoldingFun failed","userId":11,"broker":"kite","errorStatus":403},"message":"Request failed with status code 403","timestamp":"2026-01-19 16:21:35"}
{"level":"info","url":"/api/admin/getall/holdingdata","method":"GET","status":true,"userId":null,"data":{"msg":"No holdings to sync (angelone)","userId":41},"message":"API Request Completed","timestamp":"2026-01-19 16:21:35"}
{"level":"info","url":"/api/admin/getall/holdingdata","method":"GET","status":true,"userId":null,"data":{"msg":"No angel positions found","userId":4},"message":"API Request Completed","timestamp":"2026-01-19 16:21:35"}
{"level":"info","url":"/api/admin/getall/holdingdata","method":"GET","status":true,"userId":null,"data":{"msg":"No holdings to sync (angelone)","userId":4},"message":"API Request Completed","timestamp":"2026-01-19 16:22:25"}
{"level":"error","url":"/api/admin/getall/holdingdata","method":"GET","status":false,"userId":null,"data":{"msg":"kiteHoldingFun failed","userId":3,"broker":"kite","errorStatus":403},"message":"Request failed with status code 403","timestamp":"2026-01-19 16:22:25"}
{"level":"error","url":"/api/admin/getall/holdingdata","method":"GET","status":false,"userId":null,"data":{"msg":"finavasiaHoldingFun failed","userId":23,"broker":"finvasia","errorStatus":401},"message":"Request failed with status code 401","timestamp":"2026-01-19 16:22:25"}
{"level":"error","url":"/api/admin/getall/holdingdata","method":"GET","status":false,"userId":null,"data":{"msg":"kiteHoldingFun failed","userId":21,"broker":"kite","errorStatus":403},"message":"Request failed with status code 403","timestamp":"2026-01-19 16:22:25"}
{"level":"error","url":"/api/admin/getall/holdingdata","method":"GET","status":false,"userId":null,"data":{"msg":"kiteHoldingFun failed","userId":11,"broker":"kite","errorStatus":403},"message":"Request failed with status code 403","timestamp":"2026-01-19 16:22:25"}
{"level":"info","url":"/api/admin/getall/holdingdata","method":"GET","status":true,"userId":null,"data":{"msg":"No holdings to sync (angelone)","userId":41},"message":"API Request Completed","timestamp":"2026-01-19 16:22:25"}
{"level":"info","url":"/api/admin/getall/holdingdata","method":"GET","status":true,"userId":null,"data":{"msg":"No holdings to sync (angelone)","userId":52},"message":"API Request Completed","timestamp":"2026-01-19 16:22:25"}
{"level":"info","url":"/api/admin/getall/holdingdata","method":"GET","status":true,"userId":null,"data":{"msg":"No angel positions found","userId":4},"message":"API Request Completed","timestamp":"2026-01-19 16:22:25"}
{"level":"error","url":"/api/admin/getall/holdingdata","method":"GET","status":false,"userId":null,"data":{"msg":"kiteHoldingFun failed","userId":21,"broker":"kite","errorStatus":403},"message":"Request failed with status code 403","timestamp":"2026-01-19 16:22:34"}
{"level":"error","url":"/api/admin/getall/holdingdata","method":"GET","status":false,"userId":null,"data":{"msg":"finavasiaHoldingFun failed","userId":23,"broker":"finvasia","errorStatus":401},"message":"Request failed with status code 401","timestamp":"2026-01-19 16:22:34"}
{"level":"info","url":"/api/admin/getall/holdingdata","method":"GET","status":true,"userId":null,"data":{"msg":"No holdings to sync (angelone)","userId":52},"message":"API Request Completed","timestamp":"2026-01-19 16:22:34"}
{"level":"error","url":"/api/admin/getall/holdingdata","method":"GET","status":false,"userId":null,"data":{"msg":"kiteHoldingFun failed","userId":11,"broker":"kite","errorStatus":403},"message":"Request failed with status code 403","timestamp":"2026-01-19 16:22:34"}
{"level":"error","url":"/api/admin/getall/holdingdata","method":"GET","status":false,"userId":null,"data":{"msg":"kiteHoldingFun failed","userId":3,"broker":"kite","errorStatus":403},"message":"Request failed with status code 403","timestamp":"2026-01-19 16:22:34"}
{"level":"info","url":"/api/admin/getall/holdingdata","method":"GET","status":true,"userId":null,"data":{"msg":"No holdings to sync (angelone)","userId":4},"message":"API Request Completed","timestamp":"2026-01-19 16:22:34"}
{"level":"info","url":"/api/admin/getall/holdingdata","method":"GET","status":true,"userId":null,"data":{"msg":"No holdings to sync (angelone)","userId":41},"message":"API Request Completed","timestamp":"2026-01-19 16:22:34"}
{"level":"info","url":"/api/admin/getall/holdingdata","method":"GET","status":true,"userId":null,"data":{"msg":"No angel positions found","userId":4},"message":"API Request Completed","timestamp":"2026-01-19 16:22:34"}
{"level":"error","url":"/api/admin/getall/holdingdata","method":"GET","status":false,"userId":null,"data":{"msg":"finavasiaHoldingFun failed","userId":23,"broker":"finvasia","errorStatus":401},"message":"Request failed with status code 401","timestamp":"2026-01-19 16:27:27"}
{"level":"info","url":"/api/admin/getall/holdingdata","method":"GET","status":true,"userId":null,"data":{"msg":"No holdings to sync (angelone)","userId":4},"message":"API Request Completed","timestamp":"2026-01-19 16:27:27"}
{"level":"error","url":"/api/admin/getall/holdingdata","method":"GET","status":false,"userId":null,"data":{"msg":"kiteHoldingFun failed","userId":21,"broker":"kite","errorStatus":403},"message":"Request failed with status code 403","timestamp":"2026-01-19 16:27:27"}
{"level":"error","url":"/api/admin/getall/holdingdata","method":"GET","status":false,"userId":null,"data":{"msg":"kiteHoldingFun failed","userId":11,"broker":"kite","errorStatus":403},"message":"Request failed with status code 403","timestamp":"2026-01-19 16:27:27"}
{"level":"error","url":"/api/admin/getall/holdingdata","method":"GET","status":false,"userId":null,"data":{"msg":"kiteHoldingFun failed","userId":3,"broker":"kite","errorStatus":403},"message":"Request failed with status code 403","timestamp":"2026-01-19 16:27:27"}
{"level":"info","url":"/api/admin/getall/holdingdata","method":"GET","status":true,"userId":null,"data":{"msg":"No holdings to sync (angelone)","userId":41},"message":"API Request Completed","timestamp":"2026-01-19 16:27:27"}
{"level":"info","url":"/api/admin/getall/holdingdata","method":"GET","status":true,"userId":null,"data":{"msg":"No holdings to sync (angelone)","userId":52},"message":"API Request Completed","timestamp":"2026-01-19 16:27:27"}
{"level":"info","url":"/api/admin/getall/holdingdata","method":"GET","status":true,"userId":null,"data":{"msg":"No angel positions found","userId":4},"message":"API Request Completed","timestamp":"2026-01-19 16:27:27"}
{"level":"error","url":"/api/admin/getall/holdingdata","method":"GET","status":false,"userId":null,"data":{"msg":"finavasiaHoldingFun failed","userId":23,"broker":"finvasia","errorStatus":401},"message":"Request failed with status code 401","timestamp":"2026-01-19 16:44:28"}
{"level":"info","url":"/api/admin/getall/holdingdata","method":"GET","status":true,"userId":null,"data":{"msg":"No holdings to sync (angelone)","userId":4},"message":"API Request Completed","timestamp":"2026-01-19 16:44:28"}
{"level":"error","url":"/api/admin/getall/holdingdata","method":"GET","status":false,"userId":null,"data":{"msg":"kiteHoldingFun failed","userId":21,"broker":"kite","errorStatus":403},"message":"Request failed with status code 403","timestamp":"2026-01-19 16:44:28"}
{"level":"error","url":"/api/admin/getall/holdingdata","method":"GET","status":false,"userId":null,"data":{"msg":"kiteHoldingFun failed","userId":3,"broker":"kite","errorStatus":403},"message":"Request failed with status code 403","timestamp":"2026-01-19 16:44:28"}
{"level":"info","url":"/api/admin/getall/holdingdata","method":"GET","status":true,"userId":null,"data":{"msg":"No holdings to sync (angelone)","userId":41},"message":"API Request Completed","timestamp":"2026-01-19 16:44:28"}
{"level":"error","url":"/api/admin/getall/holdingdata","method":"GET","status":false,"userId":null,"data":{"msg":"kiteHoldingFun failed","userId":11,"broker":"kite","errorStatus":403},"message":"Request failed with status code 403","timestamp":"2026-01-19 16:44:28"}
{"level":"info","url":"/api/admin/getall/holdingdata","method":"GET","status":true,"userId":null,"data":{"msg":"No angel positions found","userId":4},"message":"API Request Completed","timestamp":"2026-01-19 16:44:28"}
{"level":"info","url":"/api/admin/getall/holdingdata","method":"GET","status":true,"userId":null,"data":{"msg":"No holdings to sync (angelone)","userId":52},"message":"API Request Completed","timestamp":"2026-01-19 16:44:29"}
{"level":"info","url":"/api/admin/getall/holdingdata","method":"GET","status":true,"userId":null,"data":{"msg":"No holdings to sync (angelone)","userId":4},"message":"API Request Completed","timestamp":"2026-01-19 17:22:15"}
{"level":"error","url":"/api/admin/getall/holdingdata","method":"GET","status":false,"userId":null,"data":{"msg":"kiteHoldingFun failed","userId":3,"broker":"kite","errorStatus":403},"message":"Request failed with status code 403","timestamp":"2026-01-19 17:22:15"}
{"level":"error","url":"/api/admin/getall/holdingdata","method":"GET","status":false,"userId":null,"data":{"msg":"finavasiaHoldingFun failed","userId":23,"broker":"finvasia","errorStatus":401},"message":"Request failed with status code 401","timestamp":"2026-01-19 17:22:15"}
{"level":"error","url":"/api/admin/getall/holdingdata","method":"GET","status":false,"userId":null,"data":{"msg":"kiteHoldingFun failed","userId":21,"broker":"kite","errorStatus":403},"message":"Request failed with status code 403","timestamp":"2026-01-19 17:22:15"}
{"level":"info","url":"/api/admin/getall/holdingdata","method":"GET","status":true,"userId":null,"data":{"msg":"No holdings to sync (angelone)","userId":41},"message":"API Request Completed","timestamp":"2026-01-19 17:22:15"}
{"level":"error","url":"/api/admin/getall/holdingdata","method":"GET","status":false,"userId":null,"data":{"msg":"kiteHoldingFun failed","userId":11,"broker":"kite","errorStatus":403},"message":"Request failed with status code 403","timestamp":"2026-01-19 17:22:15"}
{"level":"info","url":"/api/admin/getall/holdingdata","method":"GET","status":true,"userId":null,"data":{"msg":"No angel positions found","userId":4},"message":"API Request Completed","timestamp":"2026-01-19 17:22:15"}
{"level":"error","url":"/api/admin/getall/holdingdata","method":"GET","status":false,"userId":null,"data":{"msg":"finavasiaHoldingFun failed","userId":23,"broker":"finvasia","errorStatus":401},"message":"Request failed with status code 401","timestamp":"2026-01-19 17:23:00"}
{"level":"info","url":"/api/admin/getall/holdingdata","method":"GET","status":true,"userId":null,"data":{"msg":"No holdings to sync (angelone)","userId":4},"message":"API Request Completed","timestamp":"2026-01-19 17:23:00"}
{"level":"error","url":"/api/admin/getall/holdingdata","method":"GET","status":false,"userId":null,"data":{"msg":"kiteHoldingFun failed","userId":3,"broker":"kite","errorStatus":403},"message":"Request failed with status code 403","timestamp":"2026-01-19 17:23:00"}
{"level":"error","url":"/api/admin/getall/holdingdata","method":"GET","status":false,"userId":null,"data":{"msg":"kiteHoldingFun failed","userId":11,"broker":"kite","errorStatus":403},"message":"Request failed with status code 403","timestamp":"2026-01-19 17:23:00"}
{"level":"error","url":"/api/admin/getall/holdingdata","method":"GET","status":false,"userId":null,"data":{"msg":"kiteHoldingFun failed","userId":21,"broker":"kite","errorStatus":403},"message":"Request failed with status code 403","timestamp":"2026-01-19 17:23:00"}
{"level":"info","url":"/api/admin/getall/holdingdata","method":"GET","status":true,"userId":null,"data":{"msg":"No holdings to sync (angelone)","userId":41},"message":"API Request Completed","timestamp":"2026-01-19 17:23:00"}
{"level":"info","url":"/api/admin/getall/holdingdata","method":"GET","status":true,"userId":null,"data":{"msg":"No angel positions found","userId":4},"message":"API Request Completed","timestamp":"2026-01-19 17:23:00"}
{"level":"error","url":"/api/admin/getall/holdingdata","method":"GET","status":false,"userId":null,"data":{"msg":"kiteHoldingFun failed","userId":3,"broker":"kite","errorStatus":403},"message":"Request failed with status code 403","timestamp":"2026-01-19 17:27:45"}
{"level":"info","url":"/api/admin/getall/holdingdata","method":"GET","status":true,"userId":null,"data":{"msg":"No holdings to sync (angelone)","userId":4},"message":"API Request Completed","timestamp":"2026-01-19 17:27:45"}
{"level":"error","url":"/api/admin/getall/holdingdata","method":"GET","status":false,"userId":null,"data":{"msg":"finavasiaHoldingFun failed","userId":23,"broker":"finvasia","errorStatus":401},"message":"Request failed with status code 401","timestamp":"2026-01-19 17:27:45"}
{"level":"error","url":"/api/admin/getall/holdingdata","method":"GET","status":false,"userId":null,"data":{"msg":"kiteHoldingFun failed","userId":11,"broker":"kite","errorStatus":403},"message":"Request failed with status code 403","timestamp":"2026-01-19 17:27:45"}
{"level":"error","url":"/api/admin/getall/holdingdata","method":"GET","status":false,"userId":null,"data":{"msg":"kiteHoldingFun failed","userId":21,"broker":"kite","errorStatus":403},"message":"Request failed with status code 403","timestamp":"2026-01-19 17:27:45"}
{"level":"info","url":"/api/admin/getall/holdingdata","method":"GET","status":true,"userId":null,"data":{"msg":"No holdings to sync (angelone)","userId":41},"message":"API Request Completed","timestamp":"2026-01-19 17:27:45"}
{"level":"info","url":"/api/admin/getall/holdingdata","method":"GET","status":true,"userId":null,"data":{"msg":"No angel positions found","userId":4},"message":"API Request Completed","timestamp":"2026-01-19 17:27:45"}
{"level":"error","url":"/api/admin/getall/holdingdata","method":"GET","status":false,"userId":null,"data":{"msg":"finavasiaHoldingFun failed","userId":23,"broker":"finvasia","errorStatus":401},"message":"Request failed with status code 401","timestamp":"2026-01-19 17:28:06"}
{"level":"error","url":"/api/admin/getall/holdingdata","method":"GET","status":false,"userId":null,"data":{"msg":"kiteHoldingFun failed","userId":3,"broker":"kite","errorStatus":403},"message":"Request failed with status code 403","timestamp":"2026-01-19 17:28:06"}
{"level":"error","url":"/api/admin/getall/holdingdata","method":"GET","status":false,"userId":null,"data":{"msg":"kiteHoldingFun failed","userId":21,"broker":"kite","errorStatus":403},"message":"Request failed with status code 403","timestamp":"2026-01-19 17:28:06"}
{"level":"info","url":"/api/admin/getall/holdingdata","method":"GET","status":true,"userId":null,"data":{"msg":"No holdings to sync (angelone)","userId":4},"message":"API Request Completed","timestamp":"2026-01-19 17:28:06"}
{"level":"error","url":"/api/admin/getall/holdingdata","method":"GET","status":false,"userId":null,"data":{"msg":"kiteHoldingFun failed","userId":11,"broker":"kite","errorStatus":403},"message":"Request failed with status code 403","timestamp":"2026-01-19 17:28:06"}
{"level":"info","url":"/api/admin/getall/holdingdata","method":"GET","status":true,"userId":null,"data":{"msg":"No holdings to sync (angelone)","userId":41},"message":"API Request Completed","timestamp":"2026-01-19 17:28:06"}
{"level":"info","url":"/api/admin/getall/holdingdata","method":"GET","status":true,"userId":null,"data":{"msg":"No angel positions found","userId":4},"message":"API Request Completed","timestamp":"2026-01-19 17:28:06"}
{"level":"error","url":"/api/admin/getall/holdingdata","method":"GET","status":false,"userId":null,"data":{"msg":"finavasiaHoldingFun failed","userId":23,"broker":"finvasia","errorStatus":401},"message":"Request failed with status code 401","timestamp":"2026-01-19 17:28:15"}
{"level":"error","url":"/api/admin/getall/holdingdata","method":"GET","status":false,"userId":null,"data":{"msg":"kiteHoldingFun failed","userId":11,"broker":"kite","errorStatus":403},"message":"Request failed with status code 403","timestamp":"2026-01-19 17:28:15"}
{"level":"info","url":"/api/admin/getall/holdingdata","method":"GET","status":true,"userId":null,"data":{"msg":"No holdings to sync (angelone)","userId":4},"message":"API Request Completed","timestamp":"2026-01-19 17:28:15"}
{"level":"error","url":"/api/admin/getall/holdingdata","method":"GET","status":false,"userId":null,"data":{"msg":"kiteHoldingFun failed","userId":21,"broker":"kite","errorStatus":403},"message":"Request failed with status code 403","timestamp":"2026-01-19 17:28:15"}
{"level":"info","url":"/api/admin/getall/holdingdata","method":"GET","status":true,"userId":null,"data":{"msg":"No holdings to sync (angelone)","userId":41},"message":"API Request Completed","timestamp":"2026-01-19 17:28:15"}
{"level":"error","url":"/api/admin/getall/holdingdata","method":"GET","status":false,"userId":null,"data":{"msg":"kiteHoldingFun failed","userId":3,"broker":"kite","errorStatus":403},"message":"Request failed with status code 403","timestamp":"2026-01-19 17:28:15"}
{"level":"info","url":"/api/admin/getall/holdingdata","method":"GET","status":true,"userId":null,"data":{"msg":"No angel positions found","userId":4},"message":"API Request Completed","timestamp":"2026-01-19 17:28:15"}
{"level":"error","url":"/api/admin/getall/holdingdata","method":"GET","status":false,"userId":null,"data":{"msg":"kiteHoldingFun failed","userId":3,"broker":"kite","errorStatus":403},"message":"Request failed with status code 403","timestamp":"2026-01-19 17:29:16"}
{"level":"error","url":"/api/admin/getall/holdingdata","method":"GET","status":false,"userId":null,"data":{"msg":"kiteHoldingFun failed","userId":11,"broker":"kite","errorStatus":403},"message":"Request failed with status code 403","timestamp":"2026-01-19 17:29:16"}
{"level":"error","url":"/api/admin/getall/holdingdata","method":"GET","status":false,"userId":null,"data":{"msg":"finavasiaHoldingFun failed","userId":23,"broker":"finvasia","errorStatus":401},"message":"Request failed with status code 401","timestamp":"2026-01-19 17:29:16"}
{"level":"error","url":"/api/admin/getall/holdingdata","method":"GET","status":false,"userId":null,"data":{"msg":"kiteHoldingFun failed","userId":21,"broker":"kite","errorStatus":403},"message":"Request failed with status code 403","timestamp":"2026-01-19 17:29:16"}
{"level":"info","url":"/api/admin/getall/holdingdata","method":"GET","status":true,"userId":null,"data":{"msg":"No holdings to sync (angelone)","userId":4},"message":"API Request Completed","timestamp":"2026-01-19 17:29:16"}
{"level":"info","url":"/api/admin/getall/holdingdata","method":"GET","status":true,"userId":null,"data":{"msg":"No holdings to sync (angelone)","userId":41},"message":"API Request Completed","timestamp":"2026-01-19 17:29:16"}
{"level":"info","url":"/api/admin/getall/holdingdata","method":"GET","status":true,"userId":null,"data":{"msg":"No angel positions found","userId":4},"message":"API Request Completed","timestamp":"2026-01-19 17:29:16"}
{"level":"error","url":"/api/admin/getall/holdingdata","method":"GET","status":false,"userId":null,"data":{"msg":"kiteHoldingFun failed","userId":3,"broker":"kite","errorStatus":403},"message":"Request failed with status code 403","timestamp":"2026-01-19 17:30:16"}
{"level":"error","url":"/api/admin/getall/holdingdata","method":"GET","status":false,"userId":null,"data":{"msg":"finavasiaHoldingFun failed","userId":23,"broker":"finvasia","errorStatus":401},"message":"Request failed with status code 401","timestamp":"2026-01-19 17:30:16"}
{"level":"info","url":"/api/admin/getall/holdingdata","method":"GET","status":true,"userId":null,"data":{"msg":"No holdings to sync (angelone)","userId":4},"message":"API Request Completed","timestamp":"2026-01-19 17:30:16"}
{"level":"error","url":"/api/admin/getall/holdingdata","method":"GET","status":false,"userId":null,"data":{"msg":"kiteHoldingFun failed","userId":21,"broker":"kite","errorStatus":403},"message":"Request failed with status code 403","timestamp":"2026-01-19 17:30:16"}
{"level":"error","url":"/api/admin/getall/holdingdata","method":"GET","status":false,"userId":null,"data":{"msg":"kiteHoldingFun failed","userId":11,"broker":"kite","errorStatus":403},"message":"Request failed with status code 403","timestamp":"2026-01-19 17:30:16"}
{"level":"info","url":"/api/admin/getall/holdingdata","method":"GET","status":true,"userId":null,"data":{"msg":"No holdings to sync (angelone)","userId":41},"message":"API Request Completed","timestamp":"2026-01-19 17:30:16"}
{"level":"info","url":"/api/admin/getall/holdingdata","method":"GET","status":true,"userId":null,"data":{"msg":"No angel positions found","userId":4},"message":"API Request Completed","timestamp":"2026-01-19 17:30:16"}
{"level":"error","url":"/api/admin/getall/holdingdata","method":"GET","status":false,"userId":null,"data":{"msg":"finavasiaHoldingFun failed","userId":23,"broker":"finvasia","errorStatus":401},"message":"Request failed with status code 401","timestamp":"2026-01-19 17:30:24"}
{"level":"error","url":"/api/admin/getall/holdingdata","method":"GET","status":false,"userId":null,"data":{"msg":"kiteHoldingFun failed","userId":21,"broker":"kite","errorStatus":403},"message":"Request failed with status code 403","timestamp":"2026-01-19 17:30:24"}
{"level":"error","url":"/api/admin/getall/holdingdata","method":"GET","status":false,"userId":null,"data":{"msg":"kiteHoldingFun failed","userId":3,"broker":"kite","errorStatus":403},"message":"Request failed with status code 403","timestamp":"2026-01-19 17:30:24"}
{"level":"error","url":"/api/admin/getall/holdingdata","method":"GET","status":false,"userId":null,"data":{"msg":"kiteHoldingFun failed","userId":11,"broker":"kite","errorStatus":403},"message":"Request failed with status code 403","timestamp":"2026-01-19 17:30:24"}
{"level":"info","url":"/api/admin/getall/holdingdata","method":"GET","status":true,"userId":null,"data":{"msg":"No holdings to sync (angelone)","userId":4},"message":"API Request Completed","timestamp":"2026-01-19 17:30:24"}
{"level":"info","url":"/api/admin/getall/holdingdata","method":"GET","status":true,"userId":null,"data":{"msg":"No holdings to sync (angelone)","userId":41},"message":"API Request Completed","timestamp":"2026-01-19 17:30:24"}
{"level":"info","url":"/api/admin/getall/holdingdata","method":"GET","status":true,"userId":null,"data":{"msg":"No angel positions found","userId":4},"message":"API Request Completed","timestamp":"2026-01-19 17:30:25"}
{"level":"error","url":"/api/admin/getall/holdingdata","method":"GET","status":false,"userId":null,"data":{"msg":"kiteHoldingFun failed","userId":3,"broker":"kite","errorStatus":403},"message":"Request failed with status code 403","timestamp":"2026-01-19 17:30:36"}
{"level":"error","url":"/api/admin/getall/holdingdata","method":"GET","status":false,"userId":null,"data":{"msg":"finavasiaHoldingFun failed","userId":23,"broker":"finvasia","errorStatus":401},"message":"Request failed with status code 401","timestamp":"2026-01-19 17:30:36"}
{"level":"info","url":"/api/admin/getall/holdingdata","method":"GET","status":true,"userId":null,"data":{"msg":"No holdings to sync (angelone)","userId":4},"message":"API Request Completed","timestamp":"2026-01-19 17:30:36"}
{"level":"error","url":"/api/admin/getall/holdingdata","method":"GET","status":false,"userId":null,"data":{"msg":"kiteHoldingFun failed","userId":21,"broker":"kite","errorStatus":403},"message":"Request failed with status code 403","timestamp":"2026-01-19 17:30:36"}
{"level":"error","url":"/api/admin/getall/holdingdata","method":"GET","status":false,"userId":null,"data":{"msg":"kiteHoldingFun failed","userId":11,"broker":"kite","errorStatus":403},"message":"Request failed with status code 403","timestamp":"2026-01-19 17:30:36"}
{"level":"info","url":"/api/admin/getall/holdingdata","method":"GET","status":true,"userId":null,"data":{"msg":"No holdings to sync (angelone)","userId":41},"message":"API Request Completed","timestamp":"2026-01-19 17:30:36"}
{"level":"info","url":"/api/admin/getall/holdingdata","method":"GET","status":true,"userId":null,"data":{"msg":"No angel positions found","userId":4},"message":"API Request Completed","timestamp":"2026-01-19 17:30:36"}
{"level":"error","url":"/api/admin/getall/holdingdata","method":"GET","status":false,"userId":null,"data":{"msg":"finavasiaHoldingFun failed","userId":23,"broker":"finvasia","errorStatus":401},"message":"Request failed with status code 401","timestamp":"2026-01-19 17:30:57"}
{"level":"info","url":"/api/admin/getall/holdingdata","method":"GET","status":true,"userId":null,"data":{"msg":"No holdings to sync (angelone)","userId":4},"message":"API Request Completed","timestamp":"2026-01-19 17:30:57"}
{"level":"info","url":"/api/admin/getall/holdingdata","method":"GET","status":true,"userId":null,"data":{"msg":"No holdings to sync (angelone)","userId":41},"message":"API Request Completed","timestamp":"2026-01-19 17:30:57"}
{"level":"error","url":"/api/admin/getall/holdingdata","method":"GET","status":false,"userId":null,"data":{"msg":"kiteHoldingFun failed","userId":3,"broker":"kite","errorStatus":403},"message":"Request failed with status code 403","timestamp":"2026-01-19 17:30:57"}
{"level":"error","url":"/api/admin/getall/holdingdata","method":"GET","status":false,"userId":null,"data":{"msg":"kiteHoldingFun failed","userId":11,"broker":"kite","errorStatus":403},"message":"Request failed with status code 403","timestamp":"2026-01-19 17:30:57"}
{"level":"error","url":"/api/admin/getall/holdingdata","method":"GET","status":false,"userId":null,"data":{"msg":"kiteHoldingFun failed","userId":21,"broker":"kite","errorStatus":403},"message":"Request failed with status code 403","timestamp":"2026-01-19 17:30:57"}
{"level":"info","url":"/api/admin/getall/holdingdata","method":"GET","status":true,"userId":null,"data":{"msg":"No angel positions found","userId":4},"message":"API Request Completed","timestamp":"2026-01-19 17:30:57"}
{"level":"error","url":"/api/admin/getall/holdingdata","method":"GET","status":false,"userId":null,"data":{"msg":"kiteHoldingFun failed","userId":3,"broker":"kite","errorStatus":403},"message":"Request failed with status code 403","timestamp":"2026-01-19 17:34:34"}
{"level":"info","url":"/api/admin/getall/holdingdata","method":"GET","status":true,"userId":null,"data":{"msg":"No holdings to sync (angelone)","userId":4},"message":"API Request Completed","timestamp":"2026-01-19 17:34:34"}
{"level":"error","url":"/api/admin/getall/holdingdata","method":"GET","status":false,"userId":null,"data":{"msg":"finavasiaHoldingFun failed","userId":23,"broker":"finvasia","errorStatus":401},"message":"Request failed with status code 401","timestamp":"2026-01-19 17:34:34"}
{"level":"error","url":"/api/admin/getall/holdingdata","method":"GET","status":false,"userId":null,"data":{"msg":"kiteHoldingFun failed","userId":21,"broker":"kite","errorStatus":403},"message":"Request failed with status code 403","timestamp":"2026-01-19 17:34:34"}
{"level":"error","url":"/api/admin/getall/holdingdata","method":"GET","status":false,"userId":null,"data":{"msg":"kiteHoldingFun failed","userId":11,"broker":"kite","errorStatus":403},"message":"Request failed with status code 403","timestamp":"2026-01-19 17:34:34"}
{"level":"info","url":"/api/admin/getall/holdingdata","method":"GET","status":true,"userId":null,"data":{"msg":"No holdings to sync (angelone)","userId":41},"message":"API Request Completed","timestamp":"2026-01-19 17:34:34"}
{"level":"info","url":"/api/admin/getall/holdingdata","method":"GET","status":true,"userId":null,"data":{"msg":"No angel positions found","userId":4},"message":"API Request Completed","timestamp":"2026-01-19 17:34:34"}
{"level":"error","url":"/api/admin/getall/holdingdata","method":"GET","status":false,"userId":null,"data":{"msg":"kiteHoldingFun failed","userId":3,"broker":"kite","errorStatus":403},"message":"Request failed with status code 403","timestamp":"2026-01-19 18:06:11"}
{"level":"error","url":"/api/admin/getall/holdingdata","method":"GET","status":false,"userId":null,"data":{"msg":"finavasiaHoldingFun failed","userId":23,"broker":"finvasia","errorStatus":401},"message":"Request failed with status code 401","timestamp":"2026-01-19 18:06:11"}
{"level":"info","url":"/api/admin/getall/holdingdata","method":"GET","status":true,"userId":null,"data":{"msg":"No holdings to sync (angelone)","userId":4},"message":"API Request Completed","timestamp":"2026-01-19 18:06:11"}
{"level":"error","url":"/api/admin/getall/holdingdata","method":"GET","status":false,"userId":null,"data":{"msg":"kiteHoldingFun failed","userId":21,"broker":"kite","errorStatus":403},"message":"Request failed with status code 403","timestamp":"2026-01-19 18:06:11"}
{"level":"error","url":"/api/admin/getall/holdingdata","method":"GET","status":false,"userId":null,"data":{"msg":"kiteHoldingFun failed","userId":11,"broker":"kite","errorStatus":403},"message":"Request failed with status code 403","timestamp":"2026-01-19 18:06:12"}
{"level":"info","url":"/api/admin/getall/holdingdata","method":"GET","status":true,"userId":null,"data":{"msg":"No holdings to sync (angelone)","userId":41},"message":"API Request Completed","timestamp":"2026-01-19 18:06:12"}
{"level":"info","url":"/api/admin/getall/holdingdata","method":"GET","status":true,"userId":null,"data":{"msg":"No angel positions found","userId":4},"message":"API Request Completed","timestamp":"2026-01-19 18:06:12"}
{"level":"error","url":"/api/admin/getall/holdingdata","method":"GET","status":false,"userId":null,"data":{"msg":"kiteHoldingFun failed","userId":3,"broker":"kite","errorStatus":403},"message":"Request failed with status code 403","timestamp":"2026-01-19 18:07:46"}
{"level":"info","url":"/api/admin/getall/holdingdata","method":"GET","status":true,"userId":null,"data":{"msg":"No holdings to sync (angelone)","userId":4},"message":"API Request Completed","timestamp":"2026-01-19 18:07:46"}
{"level":"error","url":"/api/admin/getall/holdingdata","method":"GET","status":false,"userId":null,"data":{"msg":"finavasiaHoldingFun failed","userId":23,"broker":"finvasia","errorStatus":401},"message":"Request failed with status code 401","timestamp":"2026-01-19 18:07:46"}
{"level":"error","url":"/api/admin/getall/holdingdata","method":"GET","status":false,"userId":null,"data":{"msg":"kiteHoldingFun failed","userId":21,"broker":"kite","errorStatus":403},"message":"Request failed with status code 403","timestamp":"2026-01-19 18:07:47"}
{"level":"error","url":"/api/admin/getall/holdingdata","method":"GET","status":false,"userId":null,"data":{"msg":"kiteHoldingFun failed","userId":11,"broker":"kite","errorStatus":403},"message":"Request failed with status code 403","timestamp":"2026-01-19 18:07:47"}
{"level":"info","url":"/api/admin/getall/holdingdata","method":"GET","status":true,"userId":null,"data":{"msg":"No holdings to sync (angelone)","userId":41},"message":"API Request Completed","timestamp":"2026-01-19 18:07:47"}
{"level":"info","url":"/api/admin/getall/holdingdata","method":"GET","status":true,"userId":null,"data":{"msg":"No angel positions found","userId":4},"message":"API Request Completed","timestamp":"2026-01-19 18:07:47"}
