{"level":"info","url":"","method":"","status":true,"userId":null,"data":{},"message":"API Request Completed","timestamp":"2026-01-15 09:59:37"}
{"level":"info","url":"","method":"","status":true,"userId":null,"data":{},"message":"API Request Completed","timestamp":"2026-01-15 09:59:40"}
{"level":"info","url":"","method":"","status":true,"userId":null,"data":{},"message":"API Request Completed","timestamp":"2026-01-15 09:59:40"}
{"level":"info","url":"","method":"","status":true,"userId":null,"data":{},"message":"API Request Completed","timestamp":"2026-01-15 09:59:40"}
{"level":"info","url":"","method":"","status":true,"userId":null,"data":{},"message":"API Request Completed","timestamp":"2026-01-15 09:59:40"}
{"level":"info","url":"","method":"","status":true,"userId":null,"data":{},"message":"API Request Completed","timestamp":"2026-01-15 09:59:40"}
{"level":"info","url":"","method":"","status":true,"userId":null,"data":{},"message":"API Request Completed","timestamp":"2026-01-15 09:59:40"}
{"level":"info","url":"","method":"","status":true,"userId":null,"data":{},"message":"API Request Completed","timestamp":"2026-01-15 09:59:42"}
{"level":"info","url":"","method":"","status":true,"userId":null,"data":{},"message":"API Request Completed","timestamp":"2026-01-15 09:59:42"}
{"level":"info","url":"","method":"","status":true,"userId":null,"data":{},"message":"API Request Completed","timestamp":"2026-01-15 09:59:42"}
{"level":"info","url":"","method":"","status":true,"userId":null,"data":{},"message":"API Request Completed","timestamp":"2026-01-15 09:59:42"}
{"level":"info","url":"","method":"","status":true,"userId":null,"data":{},"message":"API Request Completed","timestamp":"2026-01-15 09:59:42"}
{"level":"info","url":"","method":"","status":true,"userId":null,"data":{},"message":"API Request Completed","timestamp":"2026-01-15 09:59:44"}
{"level":"info","url":"","method":"","status":true,"userId":null,"data":{},"message":"API Request Completed","timestamp":"2026-01-15 09:59:44"}
{"level":"info","url":"","method":"","status":true,"userId":null,"data":{},"message":"API Request Completed","timestamp":"2026-01-15 09:59:44"}
{"level":"info","url":"/api/admin/cache/merged/clear","method":"GET","status":true,"userId":null,"data":{"msg":"Merged instruments Redis cache deleted","redisKey":"merged_instruments_new","cacheType":"new","deletedAtIST":"15/1/2026, 10:05:46 am","existedBefore":true,"ttlBefore":53639,"deleted":true},"message":"API Request Completed","timestamp":"2026-01-15 10:05:46"}
{"level":"info","url":"","method":"","status":true,"userId":null,"data":"broker instrument getting !","message":"API Request Completed","timestamp":"2026-01-15 10:09:53"}
{"level":"info","url":"","method":"","status":true,"userId":null,"data":"broker instrument getting !","message":"API Request Completed","timestamp":"2026-01-15 10:12:50"}
{"level":"info","url":"","method":"","status":true,"userId":null,"data":"all broker instrument getted successfully","message":"API Request Completed","timestamp":"2026-01-15 10:13:03"}
{"level":"info","url":"","method":"","status":true,"userId":null,"data":"groww instrument map done !","message":"API Request Completed","timestamp":"2026-01-15 10:13:03"}
{"level":"info","url":"","method":"","status":true,"userId":null,"data":"kite instrument map done !","message":"API Request Completed","timestamp":"2026-01-15 10:13:03"}
{"level":"info","url":"","method":"","status":true,"userId":null,"data":"finavasia instrument map done !","message":"API Request Completed","timestamp":"2026-01-15 10:13:03"}
{"level":"info","url":"","method":"","status":true,"userId":null,"data":"upstox instrument map done !","message":"API Request Completed","timestamp":"2026-01-15 10:13:03"}
{"level":"info","url":"","method":"","status":true,"userId":null,"data":"fyers instrument map done !","message":"API Request Completed","timestamp":"2026-01-15 10:13:03"}
{"level":"info","url":"","method":"","status":true,"userId":null,"data":"134573 ============fyMatchCount============","message":"API Request Completed","timestamp":"2026-01-15 10:13:05"}
{"level":"info","url":"","method":"","status":true,"userId":null,"data":"match instrument done !","message":"API Request Completed","timestamp":"2026-01-15 10:13:05"}
{"level":"info","url":"","method":"","status":true,"userId":null,"data":"merge instrument done !","message":"API Request Completed","timestamp":"2026-01-15 10:13:05"}
{"level":"info","url":"","method":"","status":true,"userId":null,"data":"finalMerged instrument done !","message":"API Request Completed","timestamp":"2026-01-15 10:13:05"}
{"level":"info","url":"","method":"","status":true,"userId":null,"data":"payload stringify instrument running !","message":"API Request Completed","timestamp":"2026-01-15 10:13:05"}
{"level":"info","url":"","method":"","status":true,"userId":null,"data":"payload stringify instrument done !","message":"API Request Completed","timestamp":"2026-01-15 10:13:06"}
{"level":"info","url":"","method":"","status":true,"userId":null,"data":"==============durationMs Normal response============== 16285","message":"API Request Completed","timestamp":"2026-01-15 10:13:07"}
{"level":"info","url":"","method":"","status":true,"userId":null,"data":"✔️ Worker completed — exiting...","message":"API Request Completed","timestamp":"2026-01-15 10:13:07"}
{"level":"error","url":"/api/admin/getall/holdingdata","method":"GET","status":false,"userId":null,"data":{"msg":"kiteHoldingFun failed","userId":3,"broker":"kite","errorStatus":403},"message":"Request failed with status code 403","timestamp":"2026-01-15 10:42:51"}
{"level":"error","url":"/api/admin/getall/holdingdata","method":"GET","status":false,"userId":null,"data":{"msg":"kiteHoldingFun failed","userId":21,"broker":"kite","errorStatus":403},"message":"Request failed with status code 403","timestamp":"2026-01-15 10:42:51"}
{"level":"error","url":"/api/admin/getall/holdingdata","method":"GET","status":false,"userId":null,"data":{"msg":"kiteHoldingFun failed","userId":11,"broker":"kite","errorStatus":403},"message":"Request failed with status code 403","timestamp":"2026-01-15 10:42:51"}
{"level":"error","url":"/api/admin/getall/holdingdata","method":"GET","status":false,"userId":null,"data":{"msg":"finavasiaHoldingFun failed","userId":23,"broker":"finvasia","errorStatus":401},"message":"Request failed with status code 401","timestamp":"2026-01-15 10:42:51"}
{"level":"error","url":"/api/admin/getall/holdingdata","method":"GET","status":false,"userId":null,"data":{"msg":"kiteHoldingFun failed","userId":3,"broker":"kite","errorStatus":403},"message":"Request failed with status code 403","timestamp":"2026-01-15 10:47:22"}
{"level":"error","url":"/api/admin/getall/holdingdata","method":"GET","status":false,"userId":null,"data":{"msg":"kiteHoldingFun failed","userId":21,"broker":"kite","errorStatus":403},"message":"Request failed with status code 403","timestamp":"2026-01-15 10:47:22"}
{"level":"error","url":"/api/admin/getall/holdingdata","method":"GET","status":false,"userId":null,"data":{"msg":"kiteHoldingFun failed","userId":11,"broker":"kite","errorStatus":403},"message":"Request failed with status code 403","timestamp":"2026-01-15 10:47:22"}
{"level":"error","url":"/api/admin/getall/holdingdata","method":"GET","status":false,"userId":null,"data":{"msg":"finavasiaHoldingFun failed","userId":23,"broker":"finvasia","errorStatus":401},"message":"Request failed with status code 401","timestamp":"2026-01-15 10:47:22"}
{"level":"error","url":"/api/admin/getall/holdingdata","method":"GET","status":false,"userId":null,"data":{"msg":"kiteHoldingFun failed","userId":3,"broker":"kite","errorStatus":403},"message":"Request failed with status code 403","timestamp":"2026-01-15 10:48:40"}
{"level":"error","url":"/api/admin/getall/holdingdata","method":"GET","status":false,"userId":null,"data":{"msg":"finavasiaHoldingFun failed","userId":23,"broker":"finvasia","errorStatus":401},"message":"Request failed with status code 401","timestamp":"2026-01-15 10:48:40"}
{"level":"error","url":"/api/admin/getall/holdingdata","method":"GET","status":false,"userId":null,"data":{"msg":"kiteHoldingFun failed","userId":11,"broker":"kite","errorStatus":403},"message":"Request failed with status code 403","timestamp":"2026-01-15 10:48:40"}
{"level":"error","url":"/api/admin/getall/holdingdata","method":"GET","status":false,"userId":null,"data":{"msg":"kiteHoldingFun failed","userId":21,"broker":"kite","errorStatus":403},"message":"Request failed with status code 403","timestamp":"2026-01-15 10:48:40"}
{"level":"error","url":"/api/order/user/common/holding","method":"GET","status":false,"userId":3,"data":{"msg":"kiteHoldingFun failed","userId":3,"broker":"kite","errorStatus":403},"message":"Request failed with status code 403","timestamp":"2026-01-15 12:42:30"}
{"level":"error","url":"/api/order/user/common/holding","method":"GET","status":false,"userId":3,"data":{"msg":"kiteHoldingFun failed","userId":3,"broker":"kite","errorStatus":403},"message":"Request failed with status code 403","timestamp":"2026-01-15 12:45:14"}
{"level":"error","url":"/api/order/user/common/holding","method":"GET","status":false,"userId":3,"data":{"msg":"kiteHoldingFun failed","userId":3,"broker":"kite","errorStatus":403},"message":"Request failed with status code 403","timestamp":"2026-01-15 12:45:39"}
{"level":"error","url":"/api/order/user/common/holding","method":"GET","status":false,"userId":3,"data":{"msg":"kiteHoldingFun failed","userId":3,"broker":"kite","errorStatus":403},"message":"Request failed with status code 403","timestamp":"2026-01-15 13:48:21"}
{"level":"error","url":"/api/order/user/common/holding","method":"GET","status":false,"userId":3,"data":{"msg":"kiteHoldingFun failed","userId":3,"broker":"kite","errorStatus":403},"message":"Request failed with status code 403","timestamp":"2026-01-15 13:53:43"}
