{"level":"error","url":"/api/admin/tokenstatussummary","method":"GET","status":false,"userId":1,"data":{},"message":"API Request Failed","timestamp":"2025-12-12 13:25:08"}
{"level":"error","url":"/api/admin/tokenstatussummary","method":"GET","status":false,"userId":1,"data":{},"message":"endOfToday is not defined","timestamp":"2025-12-12 13:25:53"}
{"level":"error","url":"/api/admin/tokenstatussummary","method":"GET","status":false,"userId":1,"data":{"errorObject":{}},"message":"endOfToday is not defined","timestamp":"2025-12-12 13:26:39"}
{"level":"error","url":"/api/admin/tokenstatussummary","method":"GET","status":false,"userId":1,"data":{"errorObject":{}},"message":"endOfToday is not defined","timestamp":"2025-12-12 13:27:10"}
{"level":"error","url":"/api/admin/tokenstatussummary","method":"GET","status":false,"userId":1,"data":{},"message":"endOfToday is not defined","timestamp":"2025-12-12 13:27:51"}
{"level":"error","url":"/api/admin/tokenstatussummary","method":"GET","status":false,"userId":1,"data":{"message":"place order not fetch obj"},"message":"endOfToday is not defined","timestamp":"2025-12-12 13:28:37"}
{"level":"error","url":"/api/admin/tokenstatussummary","method":"GET","status":false,"userId":1,"data":{"message":"place order not fetch obj"},"message":"endOfToday is not defined","timestamp":"2025-12-12 14:52:00"}
{"level":"error","url":"/api/admin/tokenstatussummary","method":"GET","status":false,"userId":1,"data":{"message":"place order not fetch obj"},"message":"endOfToday is not defined","timestamp":"2025-12-12 14:52:03"}
{"level":"error","url":"/api/admin/tokenstatussummary","method":"GET","status":false,"userId":1,"data":{"message":"place order not fetch obj"},"message":"endOfToday is not defined","timestamp":"2025-12-12 14:55:12"}
{"level":"error","url":"/api/admin/tokenstatussummary","method":"GET","status":false,"userId":1,"data":{"message":"place order not fetch obj"},"message":"endOfToday is not defined","timestamp":"2025-12-12 15:14:48"}
{"level":"error","url":"/api/admin/tokenstatussummary","method":"GET","status":false,"userId":1,"data":{"message":"place order not fetch obj"},"message":"endOfToday is not defined","timestamp":"2025-12-12 15:14:55"}
{"level":"error","url":"/api/admin/tokenstatussummary","method":"GET","status":false,"userId":1,"data":{"message":"place order not fetch obj"},"message":"endOfToday is not defined","timestamp":"2025-12-12 15:27:22"}
{"level":"error","url":"/api/admin/tokenstatussummary","method":"GET","status":false,"userId":1,"data":{"message":"place order not fetch obj"},"message":"endOfToday is not defined","timestamp":"2025-12-12 17:18:06"}
{"level":"error","url":"/api/admin/tokenstatussummary","method":"GET","status":false,"userId":1,"data":{"message":"place order not fetch obj"},"message":"endOfToday is not defined","timestamp":"2025-12-12 17:23:05"}
{"level":"error","url":"/api/admin/tokenstatussummary","method":"GET","status":false,"userId":1,"data":{"message":"place order not fetch obj"},"message":"endOfToday is not defined","timestamp":"2025-12-12 17:23:08"}
{"level":"error","url":"/api/admin/tokenstatussummary","method":"GET","status":false,"userId":1,"data":{"message":"place order not fetch obj"},"message":"endOfToday is not defined","timestamp":"2025-12-12 18:21:18"}
{"level":"error","url":"/api/admin/tokenstatussummary","method":"GET","status":false,"userId":1,"data":{"message":"place order not fetch obj"},"message":"endOfToday is not defined","timestamp":"2025-12-12 18:21:24"}
{"level":"error","url":"/api/admin/tokenstatussummary","method":"GET","status":false,"userId":1,"data":{"message":"place order not fetch obj"},"message":"endOfToday is not defined","timestamp":"2025-12-12 18:21:31"}
{"level":"error","url":"/api/admin/tokenstatussummary","method":"GET","status":false,"userId":1,"data":{"message":"place order not fetch obj"},"message":"endOfToday is not defined","timestamp":"2025-12-12 18:21:41"}
{"level":"error","url":"/api/admin/tokenstatussummary","method":"GET","status":false,"userId":1,"data":{"message":"place order not fetch obj"},"message":"endOfToday is not defined","timestamp":"2025-12-12 18:22:19"}
{"level":"error","url":"/api/admin/tokenstatussummary","method":"GET","status":false,"userId":1,"data":{"message":"place order not fetch obj"},"message":"endOfToday is not defined","timestamp":"2025-12-12 18:23:33"}
{"level":"error","url":"/api/admin/tokenstatussummary","method":"GET","status":false,"userId":1,"data":{"message":"place order not fetch obj"},"message":"endOfToday is not defined","timestamp":"2025-12-12 19:15:55"}
{"level":"error","url":"/api/admin/tokenstatussummary","method":"GET","status":false,"userId":1,"data":{"message":"place order not fetch obj"},"message":"endOfToday is not defined","timestamp":"2025-12-12 19:16:13"}
{"level":"error","url":"/api/admin/tokenstatussummary","method":"GET","status":false,"userId":1,"data":{"message":"place order not fetch obj"},"message":"endOfToday is not defined","timestamp":"2025-12-12 19:16:22"}
{"level":"error","url":"/api/admin/tokenstatussummary","method":"GET","status":false,"userId":1,"data":{"message":"place order not fetch obj"},"message":"endOfToday is not defined","timestamp":"2025-12-12 19:17:04"}
{"level":"error","url":"/api/admin/tokenstatussummary","method":"GET","status":false,"userId":1,"data":{"msg":"getTokenStatusSummary failed"},"message":"Dae is not defined","timestamp":"2025-12-13 11:16:02"}
{"level":"error","url":"/api/admin/getusers/pnldata","method":"GET","status":false,"userId":null,"data":{"msg":"getTodayPnlForAllUsers failed"},"message":"column \"firstname\" does not exist","timestamp":"2025-12-13 14:57:20"}
{"level":"error","url":"/api/admin/multiple/place/order","method":"POST","status":false,"userId":null,"data":{"msg":"Broker order execution failed inside map","userId":3,"brokerName":"kite"},"message":"reqInput is not defined","timestamp":"2025-12-15 10:26:43"}
{"level":"error","url":"/api/admin/multiple/place/order","method":"POST","status":false,"userId":null,"data":{"msg":"Broker order rejected","userId":3,"broker":"kite"},"message":"reqInput is not defined","timestamp":"2025-12-15 10:26:43"}
{"level":"error","url":"/api/admin/multiple/place/order","method":"POST","status":false,"userId":null,"data":{"msg":"Broker order execution failed inside map","userId":3,"brokerName":"kite"},"message":"reqInput is not defined","timestamp":"2025-12-15 10:32:52"}
{"level":"error","url":"/api/admin/multiple/place/order","method":"POST","status":false,"userId":null,"data":{"msg":"Broker order rejected","userId":3,"broker":"kite"},"message":"reqInput is not defined","timestamp":"2025-12-15 10:32:52"}
{"level":"error","url":"/api/admin/multiple/place/order","method":"POST","status":false,"userId":null,"data":{"msg":"Broker order execution failed inside map","userId":3,"brokerName":"kite"},"message":"reqInput is not defined","timestamp":"2025-12-15 10:38:06"}
{"level":"error","url":"/api/admin/multiple/place/order","method":"POST","status":false,"userId":null,"data":{"msg":"Broker order rejected","userId":3,"broker":"kite"},"message":"reqInput is not defined","timestamp":"2025-12-15 10:38:06"}
{"level":"error","url":"/api/admin/multiple/place/order","method":"POST","status":false,"userId":null,"data":{"msg":"Kite order placement failed"},"message":"NFO is disabled for your account. You can activate the segment on [Console.](https://console.zerodha.com/account/segment-activation)","timestamp":"2025-12-15 10:40:11"}
{"level":"error","url":"/api/admin/single/squareoff","method":"POST","status":false,"userId":null,"data":{"msg":"Kite order placement failed"},"message":"1 shares need to be authorised at CDSL (your demat depository) to sell. Authorise shares and place a fresh sell order. [Learn more](https://zrd.sh/cdsl-tpin)","timestamp":"2025-12-15 10:59:05"}
{"level":"error","url":"/api/admin/multiple/place/order","method":"POST","status":false,"userId":null,"data":{"msg":"Broker order execution failed inside map","userId":23,"brokerName":"finvasia"},"message":"logError is not defined","timestamp":"2025-12-15 11:25:41"}
{"level":"error","url":"/api/admin/multiple/place/order","method":"POST","status":false,"userId":null,"data":{"msg":"Broker order rejected","userId":23,"broker":"finvasia"},"message":"logError is not defined","timestamp":"2025-12-15 11:25:41"}
{"level":"error","url":"/api/admin/multiple/place/order","method":"POST","status":false,"userId":null,"data":{"msg":"Broker order execution failed inside map","userId":23,"brokerName":"finvasia"},"message":"logError is not defined","timestamp":"2025-12-15 11:36:25"}
{"level":"error","url":"/api/admin/multiple/place/order","method":"POST","status":false,"userId":null,"data":{"msg":"Broker order rejected","userId":23,"broker":"finvasia"},"message":"logError is not defined","timestamp":"2025-12-15 11:36:25"}
{"level":"error","url":"/api/admin/multiple/place/order","method":"POST","status":false,"userId":null,"data":{"msg":"Broker order execution failed inside map","userId":23,"brokerName":"finvasia"},"message":"logError is not defined","timestamp":"2025-12-15 11:38:28"}
{"level":"error","url":"/api/admin/multiple/place/order","method":"POST","status":false,"userId":null,"data":{"msg":"Broker order rejected","userId":23,"broker":"finvasia"},"message":"logError is not defined","timestamp":"2025-12-15 11:38:28"}
{"level":"error","url":"/api/admin/single/squareoff","method":"POST","status":false,"userId":null,"data":{"msg":"Shoonya PlaceOrder API error","raw":{"stat":"Not_Ok","emsg":"Invalid Input :  INTRADAY is Invalid product."}},"message":"Request failed with status code 400","timestamp":"2025-12-15 11:41:18"}
{"level":"error","url":"/api/admin/multiple/place/order","method":"POST","status":false,"userId":null,"data":{"msg":"Shoonya PlaceOrder API error","raw":{"stat":"Not_Ok","emsg":"Invalid Input :   Invalid Trading Symbol"}},"message":"Request failed with status code 400","timestamp":"2025-12-15 11:49:22"}
{"level":"error","url":"/api/admin/multiple/place/order","method":"POST","status":false,"userId":null,"data":{"msg":"Shoonya PlaceOrder API error","raw":{"stat":"Not_Ok","emsg":"Invalid Input :   Invalid Trading Symbol"}},"message":"Request failed with status code 400","timestamp":"2025-12-15 11:51:41"}
{"level":"error","url":"/api/admin/multiple/place/order","method":"POST","status":false,"userId":null,"data":{"msg":"Shoonya PlaceOrder API error","raw":{"stat":"Not_Ok","emsg":"Invalid Input :   Invalid Trading Symbol"}},"message":"Request failed with status code 400","timestamp":"2025-12-15 11:52:45"}
{"level":"error","url":"/api/admin/multiple/place/order","method":"POST","status":false,"userId":null,"data":{"msg":"Shoonya PlaceOrder API error","raw":{"stat":"Not_Ok","emsg":"Invalid Input :   Invalid Trading Symbol"}},"message":"Request failed with status code 400","timestamp":"2025-12-15 11:53:04"}
{"level":"error","url":"/api/admin/multiple/place/order","method":"POST","status":false,"userId":null,"data":{"msg":"Shoonya PlaceOrder API error","raw":{"stat":"Not_Ok","emsg":"Invalid Input :   Invalid Trading Symbol"}},"message":"Request failed with status code 400","timestamp":"2025-12-15 11:53:20"}
{"level":"error","url":"/api/admin/multiple/place/order","method":"POST","status":false,"userId":null,"data":{"msg":"Shoonya PlaceOrder API error","raw":{"stat":"Not_Ok","emsg":"Invalid Input :   Invalid Trading Symbol"}},"message":"Request failed with status code 400","timestamp":"2025-12-15 11:53:57"}
{"level":"error","url":"/api/admin/multiple/place/order","method":"POST","status":false,"userId":null,"data":{"msg":"Shoonya PlaceOrder API error","raw":{"stat":"Not_Ok","emsg":"Invalid Input :   Invalid Trading Symbol"}},"message":"Request failed with status code 400","timestamp":"2025-12-15 11:54:20"}
{"level":"error","url":"/api/admin/multiple/place/order","method":"POST","status":false,"userId":null,"data":{"msg":"Shoonya PlaceOrder API error","raw":{"stat":"Not_Ok","emsg":"Invalid Input :   Invalid Trading Symbol"}},"message":"Request failed with status code 400","timestamp":"2025-12-15 13:25:06"}
{"level":"error","url":"/api/admin/sequareoff","method":"GET","status":false,"userId":null,"data":{"msg":"Shoonya PlaceOrder API error","raw":{"stat":"Not_Ok","emsg":"Invalid Input :  INTRADAY is Invalid product."}},"message":"Request failed with status code 400","timestamp":"2025-12-15 13:31:53"}
{"level":"error","url":"/api/admin/multiple/place/order","method":"POST","status":false,"userId":null,"data":{"msg":"AngelOne placeOrder API failed"},"message":"Request failed with status code 400","timestamp":"2025-12-15 14:32:35"}
{"level":"error","url":"/api/admin/multiple/place/order","method":"POST","status":false,"userId":null,"data":{"msg":"AngelOne placeOrder API failed"},"message":"Request failed with status code 400","timestamp":"2025-12-15 14:34:34"}
{"level":"error","url":"/api/admin/multiple/place/order","method":"POST","status":false,"userId":null,"data":{"msg":"AngelOne placeOrder API failed"},"message":"Request failed with status code 400","timestamp":"2025-12-15 14:36:07"}
{"level":"error","url":"/api/admin/multiple/place/order","method":"POST","status":false,"userId":null,"data":{"msg":"AngelOne placeOrder API failed"},"message":"Request failed with status code 400","timestamp":"2025-12-15 14:37:16"}
{"level":"error","url":"/api/admin/multiple/place/order","method":"POST","status":false,"userId":null,"data":{"msg":"AngelOne placeOrder API failed"},"message":"Request failed with status code 400","timestamp":"2025-12-15 14:40:18"}
{"level":"error","url":"/api/admin/multiple/place/order","method":"POST","status":false,"userId":null,"data":{"msg":"AngelOne placeOrder API failed"},"message":"Request failed with status code 400","timestamp":"2025-12-15 14:45:06"}
{"level":"error","url":"/api/admin/multiple/place/order","method":"POST","status":false,"userId":null,"data":{"msg":"AngelOne placeOrder API failed"},"message":"Request failed with status code 400","timestamp":"2025-12-15 14:46:40"}
{"level":"error","url":"/api/admin/multiple/place/order","method":"POST","status":false,"userId":null,"data":{"msg":"AngelOne tradebook fetch failed"},"message":"Invalid time value","timestamp":"2025-12-15 14:50:28"}
{"level":"error","url":"/api/admin/single/squareoff","method":"POST","status":false,"userId":null,"data":{"msg":"AngelOne placeOrder API failed"},"message":"Request failed with status code 400","timestamp":"2025-12-15 14:56:41"}
{"level":"error","url":"/api/admin/single/squareoff","method":"POST","status":false,"userId":null,"data":{"msg":"AngelOne placeOrder API failed"},"message":"Request failed with status code 400","timestamp":"2025-12-15 14:57:55"}
{"level":"error","url":"/api/admin/single/squareoff","method":"POST","status":false,"userId":null,"data":{"msg":"AngelOne placeOrder API failed"},"message":"Request failed with status code 400","timestamp":"2025-12-15 14:59:08"}
{"level":"error","url":"/api/admin/single/squareoff","method":"POST","status":false,"userId":null,"data":{"msg":"AngelOne placeOrder API failed"},"message":"Request failed with status code 400","timestamp":"2025-12-15 15:01:00"}
{"level":"error","url":"/api/admin/single/squareoff","method":"POST","status":false,"userId":null,"data":{"msg":"AngelOne placeOrder API failed"},"message":"Request failed with status code 400","timestamp":"2025-12-15 15:02:49"}
{"level":"error","url":"/api/admin/single/squareoff","method":"POST","status":false,"userId":null,"data":{"msg":"AngelOne tradebook fetch failed"},"message":"Invalid time value","timestamp":"2025-12-15 15:03:45"}
{"level":"error","url":"/api/admin/multiple/place/order","method":"POST","status":false,"userId":null,"data":{"msg":"AngelOne tradebook fetch failed"},"message":"Invalid time value","timestamp":"2025-12-15 15:08:02"}
{"level":"error","url":"/api/admin/multiple/place/order","method":"POST","status":false,"userId":null,"data":{"msg":"Kite order placement failed"},"message":"Intraday orders (MIS) are allowed only till 3.20 PM. Try placing a CNC order.","timestamp":"2025-12-15 15:27:11"}
{"level":"error","url":"/api/admin/multiple/place/order","method":"POST","status":false,"userId":null,"data":{"msg":"Kite order placement failed"},"message":"Trading in BSE is not allowed using NRML product type. Try placing an order in CNC/MIS.","timestamp":"2025-12-15 15:28:19"}
{"level":"error","url":"/api/admin/multiple/place/order","method":"POST","status":false,"userId":null,"data":{"msg":"Kite order placement failed"},"message":"Markets are closed right now. Post-market session will commence at 3:40PM. [Read more.](https://support.zerodha.com/category/trading-and-markets/trading-faqs/market-sessions/articles/what-are-pre-market-and-post-market-sessions-and-orders)","timestamp":"2025-12-15 15:31:59"}
{"level":"error","url":"/api/admin/multiple/place/order","method":"POST","status":false,"userId":null,"data":{"msg":"AngelOne tradebook fetch failed"},"message":"Invalid time value","timestamp":"2025-12-16 09:22:25"}
{"level":"error","url":"/api/admin/single/squareoff","method":"POST","status":false,"userId":null,"data":{"msg":"AngelOne tradebook fetch failed"},"message":"Invalid time value","timestamp":"2025-12-16 09:33:14"}
{"level":"error","url":"/api/admin/multiple/place/order","method":"POST","status":false,"userId":null,"data":{"msg":"AngelOne tradebook fetch failed"},"message":"Invalid time value","timestamp":"2025-12-16 09:45:11"}
{"level":"error","url":"/api/admin/single/squareoff","method":"POST","status":false,"userId":null,"data":{"msg":"AngelOne tradebook fetch failed"},"message":"Invalid time value","timestamp":"2025-12-16 09:49:25"}
{"level":"error","url":"/api/admin/multiple/place/order","method":"POST","status":false,"userId":null,"data":{"msg":"AngelOne tradebook fetch failed"},"message":"Invalid time value","timestamp":"2025-12-16 09:50:40"}
{"level":"error","url":"/api/admin/group/squareoff","method":"POST","status":false,"userId":null,"data":{"msg":"adminMultipleSquareOff failed unexpectedly"},"message":"input is not defined","timestamp":"2025-12-17 11:02:23"}
{"level":"error","url":"/api/admin/group/squareoff","method":"POST","status":false,"userId":null,"data":{"msg":"adminMultipleSquareOff failed unexpectedly"},"message":"input is not defined","timestamp":"2025-12-17 11:03:29"}
{"level":"error","url":"/api/admin/group/squareoff","method":"POST","status":false,"userId":null,"data":{"msg":"adminMultipleSquareOff failed unexpectedly"},"message":"input is not defined","timestamp":"2025-12-17 11:04:37"}
{"level":"error","url":"/api/admin/group/squareoff","method":"POST","status":false,"userId":null,"data":{"msg":"Shoonya PlaceOrder API error","raw":{"stat":"Not_Ok","emsg":"Invalid Input :   Invalid Trading Symbol"}},"message":"Request failed with status code 400","timestamp":"2025-12-17 11:05:14"}
{"level":"error","url":"/api/admin/group/squareoff","method":"POST","status":false,"userId":null,"data":{"msg":"Shoonya PlaceOrder API error","raw":{"stat":"Not_Ok","emsg":"Invalid Input :   Invalid Trading Symbol"}},"message":"Request failed with status code 400","timestamp":"2025-12-17 11:07:07"}
{"level":"error","url":"/api/admin/multiple/place/order","method":"POST","status":false,"userId":null,"data":{"msg":"Shoonya PlaceOrder API error","raw":{"stat":"Not_Ok","emsg":"Invalid Input :   Invalid Trading Symbol"}},"message":"Request failed with status code 400","timestamp":"2025-12-17 11:13:27"}
{"level":"error","url":"/api/admin/multiple/place/order","method":"POST","status":false,"userId":null,"data":{"msg":"Shoonya PlaceOrder API error","raw":{"stat":"Not_Ok","emsg":"Invalid Input :   Invalid Trading Symbol"}},"message":"Request failed with status code 400","timestamp":"2025-12-17 11:18:31"}
{"level":"error","url":"/api/admin/multiple/place/order","method":"POST","status":false,"userId":null,"data":{"msg":"Shoonya PlaceOrder API error","raw":{"stat":"Not_Ok","emsg":"Invalid Input :   Invalid Trading Symbol"}},"message":"Request failed with status code 400","timestamp":"2025-12-17 11:23:33"}
{"level":"error","url":"/api/admin/sequareoff","method":"GET","status":false,"userId":null,"data":{"msg":"adminMultipleSquareOff failed unexpectedly"},"message":"input is not defined","timestamp":"2025-12-17 11:27:58"}
{"level":"error","url":"/api/admin/single/squareoff","method":"POST","status":false,"userId":null,"data":{"msg":"adminSingleSquareOff failed unexpectedly"},"message":"orderId is not defined","timestamp":"2025-12-17 11:30:50"}
{"level":"error","url":"/api/admin/sequareoff","method":"GET","status":false,"userId":null,"data":{"msg":"adminMultipleSquareOff failed unexpectedly"},"message":"strategyUniqueId is not defined","timestamp":"2025-12-17 11:37:23"}
{"level":"error","url":"/api/admin/sequareoff","method":"GET","status":false,"userId":null,"data":{"msg":"adminMultipleSquareOff failed unexpectedly"},"message":"strategyUniqueId is not defined","timestamp":"2025-12-17 11:40:30"}
{"level":"error","url":"/api/admin/sequareoff","method":"GET","status":false,"userId":null,"data":{"msg":"adminMultipleSquareOff failed unexpectedly"},"message":"strategyUniqueId is not defined","timestamp":"2025-12-17 11:41:41"}
{"level":"error","url":"/api/admin/sequareoff","method":"GET","status":false,"userId":null,"data":{"msg":"adminMultipleSquareOff failed unexpectedly"},"message":"strategyUniqueId is not defined","timestamp":"2025-12-17 11:42:55"}
{"level":"error","url":"/api/admin/sequareoff","method":"GET","status":false,"userId":null,"data":{"msg":"adminMultipleSquareOff failed unexpectedly"},"message":"strategyUniqueId is not defined","timestamp":"2025-12-17 11:44:33"}
{"level":"error","url":"/api/admin/multiple/place/order","method":"POST","status":false,"userId":null,"data":{"msg":"Shoonya PlaceOrder API error","raw":{"stat":"Not_Ok","emsg":"Invalid Input :   Invalid Trading Symbol"}},"message":"Request failed with status code 400","timestamp":"2025-12-18 11:03:17"}
{"level":"error","url":"/api/admin/multiple/place/order","method":"POST","status":false,"userId":null,"data":{"msg":"Kite order placement failed"},"message":"Incorrect `api_key` or `access_token`.","timestamp":"2025-12-18 11:03:17"}
{"level":"error","url":"/api/admin/multiple/place/order","method":"POST","status":false,"userId":null,"data":{"msg":"Kite order placement failed"},"message":"Incorrect `api_key` or `access_token`.","timestamp":"2025-12-18 11:04:49"}
{"level":"error","url":"/api/admin/multiple/place/order","method":"POST","status":false,"userId":null,"data":{"msg":"Shoonya PlaceOrder API error","raw":{"stat":"Not_Ok","emsg":"Invalid Input :   Invalid Trading Symbol"}},"message":"Request failed with status code 400","timestamp":"2025-12-18 11:07:55"}
{"level":"error","url":"/api/admin/multiple/place/order","method":"POST","status":false,"userId":null,"data":{"msg":"Unexpected Kite order failure"},"message":"Kite API key and Secret not configured for this user","timestamp":"2025-12-18 11:10:28"}
{"level":"error","url":"/api/admin/multiple/place/order","method":"POST","status":false,"userId":null,"data":{"msg":"Shoonya PlaceOrder API error","raw":{"stat":"Not_Ok","emsg":"Session Expired :  Invalid Session Key"}},"message":"Request failed with status code 401","timestamp":"2025-12-18 12:44:51"}
{"level":"error","url":"/api/admin/sequareoff","method":"GET","status":false,"userId":null,"data":{"msg":"AngelOne tradebook fetch failed"},"message":"Request failed with status code 403","timestamp":"2025-12-18 13:43:19"}
{"level":"error","url":"/api/admin/sequareoff","method":"GET","status":false,"userId":null,"data":{"msg":"AngelOne tradebook fetch failed"},"message":"Request failed with status code 403","timestamp":"2025-12-18 14:15:59"}
{"level":"error","url":"/api/admin/sequareoff","method":"GET","status":false,"userId":null,"data":{"msg":"AngelOne tradebook retry","attempt":1,"extracted":{"status":403,"msg":"Access denied because of exceeding access rate","data":"Access denied because of exceeding access rate"}},"message":"Request failed with status code 403","timestamp":"2025-12-18 14:34:04"}
{"level":"error","url":"/api/admin/sequareoff","method":"GET","status":false,"userId":null,"data":{"msg":"AngelOne tradebook retry","attempt":1,"extracted":{"status":403,"msg":"Access denied because of exceeding access rate","data":"Access denied because of exceeding access rate"}},"message":"Request failed with status code 403","timestamp":"2025-12-18 15:05:59"}
{"level":"error","url":"/api/agnelone/instrumentnew","method":"GET","status":false,"userId":null,"data":{"msg":"Error in getMergedInstrumentsNew","requestId":"f988f4b3-f585-4b64-bf3c-808ed8581fff","durationMs":662},"message":"The \"string\" argument must be of type string or an instance of Buffer or ArrayBuffer. Received an instance of Object","timestamp":"2025-12-18 20:17:12"}
{"level":"error","url":"/api/agnelone/instrumentnew","method":"GET","status":false,"userId":null,"data":{"msg":"Error in getMergedInstrumentsNew","requestId":"491846bb-c977-4fec-a19a-8bc61824f9ff","durationMs":568},"message":"The \"string\" argument must be of type string or an instance of Buffer or ArrayBuffer. Received an instance of Object","timestamp":"2025-12-18 20:17:32"}
{"level":"error","url":"/api/agnelone/instrumentnew","method":"GET","status":false,"userId":null,"data":{"msg":"Error in getMergedInstrumentsNew","requestId":"d50e9de2-4af5-4059-a549-35bdb17b025a","durationMs":159},"message":"Cannot read properties of undefined (reading '0')","timestamp":"2025-12-18 20:20:48"}
{"level":"error","url":"/api/agnelone/instrumentnew","method":"GET","status":false,"userId":null,"data":{"msg":"Error in getMergedInstrumentsNew","requestId":"e91def62-4009-410c-b4e6-de465c25c9eb","durationMs":111},"message":"Unexpected token u in JSON at position 0","timestamp":"2025-12-18 20:21:02"}
{"level":"error","url":"/api/agnelone/instrumentnew","method":"GET","status":false,"userId":null,"data":{"msg":"Error in getMergedInstrumentsNew","requestId":"e74623b9-54f1-4823-af5f-fc0a7f6384ab","durationMs":180},"message":"Cannot read properties of undefined (reading '0')","timestamp":"2025-12-18 20:21:39"}
{"level":"error","url":"/api/agnelone/instrumentnew","method":"GET","status":false,"userId":null,"data":{"msg":"Error in getMergedInstrumentsNew","requestId":"429e278f-9f07-4f5a-8906-8c6b9957cf95","durationMs":208},"message":"Cannot read properties of undefined (reading '0')","timestamp":"2025-12-18 20:22:09"}
{"level":"error","url":"/api/agnelone/instrumentnew","method":"GET","status":false,"userId":null,"data":{"msg":"Error in getMergedInstrumentsNew","requestId":"dfa1485c-29e1-4f3c-ab2d-20ac1c2fcb72","durationMs":137},"message":"Cannot read properties of undefined (reading '0')","timestamp":"2025-12-18 20:22:36"}
{"level":"error","url":"/api/agnelone/instrumentnew","method":"GET","status":false,"userId":null,"data":{"msg":"Error in getMergedInstrumentsNew","requestId":"1b66a63b-1515-43b5-a367-30a6a41b26df","durationMs":208},"message":"Unexpected token u in JSON at position 0","timestamp":"2025-12-18 20:23:17"}
{"level":"error","url":"/api/agnelone/instrumentnew","method":"GET","status":false,"userId":null,"data":{"msg":"Error in getMergedInstrumentsNew","requestId":"02252b0b-6b46-4491-8737-97db91095372","durationMs":159},"message":"Unexpected token u in JSON at position 0","timestamp":"2025-12-18 20:24:05"}
{"level":"error","url":"/api/agnelone/instrumentnew","method":"GET","status":false,"userId":null,"data":{"msg":"Error in getMergedInstrumentsNew","requestId":"d4a04358-3d6b-4799-8a84-280514032374","durationMs":170},"message":"Unexpected token u in JSON at position 0","timestamp":"2025-12-18 20:24:30"}
{"level":"error","url":"/api/agnelone/instrumentnew","method":"GET","status":false,"userId":null,"data":{"msg":"Error in getMergedInstrumentsNew","requestId":"02072cbc-c59c-430b-a621-13930354886d","durationMs":191},"message":"Unexpected token u in JSON at position 0","timestamp":"2025-12-18 20:39:09"}
{"level":"error","url":"/api/agnelone/instrumentnew","method":"GET","status":false,"userId":null,"data":{"msg":"Error in getMergedInstrumentsNew","requestId":"74f2d159-80d2-494d-8c0d-0386f2be5882","durationMs":850},"message":"Unexpected token u in JSON at position 0","timestamp":"2025-12-18 20:41:11"}
{"level":"error","url":"/api/agnelone/instrumentnew","method":"GET","status":false,"userId":null,"data":{"msg":"Error in getMergedInstrumentsNew","requestId":"a0dae647-6a38-4c11-85db-7ec3709bb415","durationMs":637},"message":"The \"string\" argument must be of type string or an instance of Buffer or ArrayBuffer. Received an instance of Object","timestamp":"2025-12-18 20:41:32"}
{"level":"error","url":"/api/admin/tokenstatussummary","method":"GET","status":false,"userId":null,"data":{"msg":"getTokenStatusSummary failed"},"message":"connect ENETUNREACH 3.109.204.28:5432 - Local (0.0.0.0:49791)","timestamp":"2025-12-21 11:11:39"}
{"level":"error","url":"/api/admin/tokenstatussummary","method":"GET","status":false,"userId":null,"data":{"msg":"getTokenStatusSummary failed"},"message":"connect ENETUNREACH 3.109.204.28:5432 - Local (0.0.0.0:49816)","timestamp":"2025-12-21 11:11:48"}
